#
# A fatal error has been detected by the Java Runtime Environment:
#
#  SIGSEGV (0xb) at pc=0x00007f1117c93262, pid=41619, tid=41635
#
# JRE version: OpenJDK Runtime Environment (11.0.6+10) (build 11.0.6+10)
# Java VM: OpenJDK 64-Bit Server VM (11.0.6+10, mixed mode, tiered, compressed oops, g1 gc, linux-amd64)
# Problematic frame:
# V  [libjvm.so+0xb35262]
#
# Core dump will be written. Default location: Core dumps may be processed with "/usr/lib/systemd/systemd-coredump %P %u %g %s %t %c %h" (or dumping to /home/simon/Dropbox/prog/a-voting-app/core.41619)
#
# If you would like to submit a bug report, please visit:
#   http://bugreport.java.com/bugreport/crash.jsp
#

---------------  S U M M A R Y ------------

Command Line: -Dfile.encoding=UTF-8 -Duser.country=SE -Duser.language=sv -Duser.variant com.slimsimapps.avotingapp.AVotingAppApplication

Host: Intel(R) Core(TM) i5-4690K CPU @ 3.50GHz, 4 cores, 7G, Manjaro Linux
Time: Thu Apr 30 21:56:05 2020 CEST elapsed time: 4 seconds (0d 0h 0m 4s)

---------------  T H R E A D  ---------------

Current thread (0x00007f111015d800):  JavaThread "C2 CompilerThread0" daemon [_thread_in_native, id=41635, stack(0x00007f10f870e000,0x00007f10f880f000)]


Current CompileTask:
C2:   4156 5640       4       org.springframework.beans.factory.support.AbstractBeanFactory::isTypeMatch (607 bytes)

Stack: [0x00007f10f870e000,0x00007f10f880f000],  sp=0x00007f10f8809fc0,  free space=1007k
Native frames: (J=compiled Java code, A=aot compiled Java code, j=interpreted, Vv=VM code, C=native code)
V  [libjvm.so+0xb35262]
V  [libjvm.so+0xb3a732]
V  [libjvm.so+0xc28312]
V  [libjvm.so+0xc24ce6]
V  [libjvm.so+0x611919]
V  [libjvm.so+0x613ca5]
V  [libjvm.so+0x53b8b2]
V  [libjvm.so+0x61cd36]
V  [libjvm.so+0x61df98]
V  [libjvm.so+0xd68246]
V  [libjvm.so+0xd68629]
V  [libjvm.so+0xd63178]
V  [libjvm.so+0xbcf701]


siginfo: si_signo: 11 (SIGSEGV), si_code: 128 (SI_KERNEL), si_addr: 0x0000000000000000

Register to memory mapping:

RAX=0x08007f10cc4a9068 is an unknown value
RBX=0x00007f10b5027188 points into unknown readable memory: d8 cc 28 18 11 7f 00 00
RCX=0x00007f10f880d098 is pointing into the stack for thread: 0x00007f111015d800
RDX=0x00007f10f880cdf0 is pointing into the stack for thread: 0x00007f111015d800
RSP=0x00007f10f8809fc0 is pointing into the stack for thread: 0x00007f111015d800
RBP=0x00007f10f880a020 is pointing into the stack for thread: 0x00007f111015d800
RSI=0x00007f10b4271128 points into unknown readable memory: 00 00 00 00 00 00 00 00
RDI=0x00007f10b42710d8 points into unknown readable memory: b0 aa 1f 18 11 7f 00 00
R8 =0x0000000000000448 is an unknown value
R9 =0x00007f10cc4a9068 points into unknown readable memory: b0 aa 1f 18 11 7f 00 00
R10=0x00007f1118327db8: <offset 0x00000000011c9db8> in /usr/lib/jvm/java-11-openjdk/lib/server/libjvm.so at 0x00007f111715e000
R11=0x00007f10b50270f8 points into unknown readable memory: a8 5c 28 18 11 7f 00 00
R12=0x00007f10f880ac90 is pointing into the stack for thread: 0x00007f111015d800
R13=0x0000000000000001 is an unknown value
R14=0x00007f10f880ac90 is pointing into the stack for thread: 0x00007f111015d800
R15=0x00007f1110ed5400 points into unknown readable memory: 88 40 28 18 11 7f 00 00


Registers:
RAX=0x08007f10cc4a9068, RBX=0x00007f10b5027188, RCX=0x00007f10f880d098, RDX=0x00007f10f880cdf0
RSP=0x00007f10f8809fc0, RBP=0x00007f10f880a020, RSI=0x00007f10b4271128, RDI=0x00007f10b42710d8
R8 =0x0000000000000448, R9 =0x00007f10cc4a9068, R10=0x00007f1118327db8, R11=0x00007f10b50270f8
R12=0x00007f10f880ac90, R13=0x0000000000000001, R14=0x00007f10f880ac90, R15=0x00007f1110ed5400
RIP=0x00007f1117c93262, EFLAGS=0x0000000000010202, CSGSFS=0x002b000000000033, ERR=0x0000000000000000
  TRAPNO=0x000000000000000d

Top of Stack: (sp=0x00007f10f8809fc0)
0x00007f10f8809fc0:   00007f10f880a030 00007f10b42710d8
0x00007f10f8809fd0:   00007f10cc000b98 00007f1118327db8
0x00007f10f8809fe0:   00007f10cc4a9068 00007f10b50270f8
0x00007f10f8809ff0:   00007f10f880a020 00007f10b5027188 

Instructions: (pc=0x00007f1117c93262)
0x00007f1117c93162:   8b 32 41 8b 47 28 48 89 c1 48 3b 34 c2 74 af 4d
0x00007f1117c93172:   85 f6 0f 84 d6 01 00 00 45 84 ed 0f 84 cd 01 00
0x00007f1117c93182:   00 41 8b 86 08 0a 00 00 45 31 c0 41 89 cb 41 c1
0x00007f1117c93192:   eb 05 41 39 c3 73 2e 45 89 d9 83 e1 1f 4c 89 4d
0x00007f1117c931a2:   c8 41 b9 01 00 00 00 4d 89 cb 4c 8b 4d c8 49 d3
0x00007f1117c931b2:   e3 4c 89 d9 4d 8b 9e 10 0a 00 00 43 85 0c 8b 0f
0x00007f1117c931c2:   85 09 02 00 00 4c 8b 5f 10 41 8b 7b 28 4c 8b 0c
0x00007f1117c931d2:   fa 48 89 f9 49 39 f1 0f 84 41 ff ff ff 80 7b 32
0x00007f1117c931e2:   00 0f 85 1f 05 00 00 89 ca c1 ea 05 39 c2 73 17
0x00007f1117c931f2:   49 8b b6 10 0a 00 00 83 e1 1f b8 01 00 00 00 48
0x00007f1117c93202:   d3 e0 85 04 96 75 7f 41 8b 96 f0 09 00 00 85 d2
0x00007f1117c93212:   0f 84 56 01 00 00 48 8b 03 48 8d 15 be e0 ff ff
0x00007f1117c93222:   48 8b 40 30 48 39 d0 0f 85 41 08 00 00 4d 85 db
0x00007f1117c93232:   0f 84 89 05 00 00 49 8b 03 4c 89 55 b8 4c 89 df
0x00007f1117c93242:   4c 89 4d c0 4c 89 5d c8 ff 50 28 4c 8b 55 b8 4c
0x00007f1117c93252:   8b 5d c8 4c 8b 4d c0 49 3b 02 0f 84 5f 05 00 00
0x00007f1117c93262:   8b 48 10 8d 51 f1 83 fa 06 0f 87 af 05 00 00 48
0x00007f1117c93272:   85 c0 0f 84 a6 05 00 00 4c 39 c8 0f 84 eb 00 00
0x00007f1117c93282:   00 0f 1f 44 00 00 49 8b 04 24 4c 89 e7 ff 50 28
0x00007f1117c93292:   8b 73 28 49 89 c4 89 f0 c1 e8 05 41 3b 84 24 08
0x00007f1117c932a2:   0a 00 00 0f 83 4e 01 00 00 89 f1 ba 01 00 00 00
0x00007f1117c932b2:   83 e1 1f 48 d3 e2 49 8b 8c 24 10 0a 00 00 48 8d
0x00007f1117c932c2:   0c 81 8b 01 89 c6 09 d6 89 31 85 d0 0f 85 4c fe
0x00007f1117c932d2:   ff ff 0f 1f 40 00 45 8b ac 24 f0 09 00 00 41 8d
0x00007f1117c932e2:   45 01 41 89 84 24 f0 09 00 00 45 3b ac 24 e0 09
0x00007f1117c932f2:   00 00 0f 83 06 05 00 00 49 8b 84 24 e8 09 00 00
0x00007f1117c93302:   49 c7 c0 ff ff ff ff 4a 89 1c e8 e9 15 fe ff ff
0x00007f1117c93312:   66 0f 1f 44 00 00 48 8b 57 08 31 ff 4c 8b 4a 08
0x00007f1117c93322:   41 0f b7 51 2c 66 81 e2 ff 01 66 81 fa 00 01 75
0x00007f1117c93332:   08 49 8b 51 08 48 8b 7a 08 39 f0 0f 87 41 fd ff
0x00007f1117c93342:   ff e9 58 fd ff ff 0f 1f 84 00 00 00 00 00 4c 8b
0x00007f1117c93352:   5f 10 41 8b 43 28 4c 8b 0c c2 4c 39 ce 0f 84 bb 


Stack slot to memory mapping:
stack at sp + 0 slots: 0x00007f10f880a030 is pointing into the stack for thread: 0x00007f111015d800
stack at sp + 1 slots: 0x00007f10b42710d8 points into unknown readable memory: b0 aa 1f 18 11 7f 00 00
stack at sp + 2 slots: 0x00007f10cc000b98 points into unknown readable memory: 00 d8 15 10 11 7f 00 00
stack at sp + 3 slots: 0x00007f1118327db8: <offset 0x00000000011c9db8> in /usr/lib/jvm/java-11-openjdk/lib/server/libjvm.so at 0x00007f111715e000
stack at sp + 4 slots: 0x00007f10cc4a9068 points into unknown readable memory: b0 aa 1f 18 11 7f 00 00
stack at sp + 5 slots: 0x00007f10b50270f8 points into unknown readable memory: a8 5c 28 18 11 7f 00 00
stack at sp + 6 slots: 0x00007f10f880a020 is pointing into the stack for thread: 0x00007f111015d800
stack at sp + 7 slots: 0x00007f10b5027188 points into unknown readable memory: d8 cc 28 18 11 7f 00 00


---------------  P R O C E S S  ---------------

Threads class SMR info:
_java_thread_list=0x00007f108400be40, length=17, elements={
0x00007f1110017000, 0x00007f1110144800, 0x00007f1110149000, 0x00007f111015b800,
0x00007f111015d800, 0x00007f111015f800, 0x00007f1110161800, 0x00007f11101e1000,
0x00007f11101f2800, 0x00007f10c0384000, 0x00007f111102c800, 0x00007f109804c800,
0x00007f111102d000, 0x00007f1111109000, 0x00007f108800d800, 0x00007f111114c000,
0x00007f108806c000
}

Java Threads: ( => current thread )
  0x00007f1110017000 JavaThread "main" [_thread_in_native, id=41621, stack(0x00007f1116d14000,0x00007f1116e15000)]
  0x00007f1110144800 JavaThread "Reference Handler" daemon [_thread_blocked, id=41632, stack(0x00007f11146b3000,0x00007f11147b4000)]
  0x00007f1110149000 JavaThread "Finalizer" daemon [_thread_blocked, id=41633, stack(0x00007f11145b2000,0x00007f11146b3000)]
  0x00007f111015b800 JavaThread "Signal Dispatcher" daemon [_thread_blocked, id=41634, stack(0x00007f10f880f000,0x00007f10f8910000)]
=>0x00007f111015d800 JavaThread "C2 CompilerThread0" daemon [_thread_in_native, id=41635, stack(0x00007f10f870e000,0x00007f10f880f000)]
  0x00007f111015f800 JavaThread "C1 CompilerThread0" daemon [_thread_blocked, id=41636, stack(0x00007f10f860d000,0x00007f10f870e000)]
  0x00007f1110161800 JavaThread "Sweeper thread" daemon [_thread_blocked, id=41637, stack(0x00007f10f850c000,0x00007f10f860d000)]
  0x00007f11101e1000 JavaThread "Service Thread" daemon [_thread_blocked, id=41638, stack(0x00007f10f840b000,0x00007f10f850c000)]
  0x00007f11101f2800 JavaThread "Common-Cleaner" daemon [_thread_blocked, id=41640, stack(0x00007f10f8208000,0x00007f10f8309000)]
  0x00007f10c0384000 JavaThread "C2 CompilerThread1" daemon [_thread_in_native, id=41643, stack(0x00007f10f8086000,0x00007f10f8187000)]
  0x00007f111102c800 JavaThread "Catalina-utility-1" [_thread_blocked, id=41658, stack(0x00007f10e8cf8000,0x00007f10e8df9000)]
  0x00007f109804c800 JavaThread "Catalina-utility-2" [_thread_blocked, id=41659, stack(0x00007f10e9bfd000,0x00007f10e9cfe000)]
  0x00007f111102d000 JavaThread "container-0" [_thread_blocked, id=41660, stack(0x00007f10e8069000,0x00007f10e816a000)]
  0x00007f1111109000 JavaThread "Timer-0" daemon [_thread_blocked, id=41661, stack(0x00007f1097cff000,0x00007f1097e00000)]
  0x00007f108800d800 JavaThread "derby.rawStoreDaemon" daemon [_thread_blocked, id=41663, stack(0x00007f10974fd000,0x00007f10975fe000)]
  0x00007f111114c000 JavaThread "HikariPool-1 housekeeper" daemon [_thread_blocked, id=41664, stack(0x00007f10975fe000,0x00007f10976ff000)]
  0x00007f108806c000 JavaThread "HikariPool-1 connection adder" daemon [_thread_blocked, id=41665, stack(0x00007f1096ffc000,0x00007f10970fd000)]

Other Threads:
  0x00007f111013c800 VMThread "VM Thread" [stack: 0x00007f11147b6000,0x00007f11148b6000] [id=41631]
  0x00007f11101e3000 WatcherThread [stack: 0x00007f10f830b000,0x00007f10f840b000] [id=41639]
  0x00007f111002f000 GCTaskThread "GC Thread#0" [stack: 0x00007f11169e7000,0x00007f1116ae7000] [id=41626]
  0x00007f10dc001000 GCTaskThread "GC Thread#1" [stack: 0x00007f10e9f00000,0x00007f10ea000000] [id=41649]
  0x00007f10dc003800 GCTaskThread "GC Thread#2" [stack: 0x00007f10e9afd000,0x00007f10e9bfd000] [id=41652]
  0x00007f10dc005000 GCTaskThread "GC Thread#3" [stack: 0x00007f10e99fb000,0x00007f10e9afb000] [id=41653]
  0x00007f1110060000 ConcurrentGCThread "G1 Main Marker" [stack: 0x00007f1115908000,0x00007f1115a08000] [id=41627]
  0x00007f1110062000 ConcurrentGCThread "G1 Conc#0" [stack: 0x00007f1115806000,0x00007f1115906000] [id=41628]
  0x00007f11100da000 ConcurrentGCThread "G1 Refine#0" [stack: 0x00007f1115300000,0x00007f1115400000] [id=41629]
  0x00007f11100dc000 ConcurrentGCThread "G1 Young RemSet Sampling" [stack: 0x00007f11151fe000,0x00007f11152fe000] [id=41630]

Threads with active compile tasks:
C2 CompilerThread0   4159 5640       4       org.springframework.beans.factory.support.AbstractBeanFactory::isTypeMatch (607 bytes)
C2 CompilerThread1   4159 5666       4       org.springframework.boot.context.properties.source.ConfigurationPropertyName::equals (86 bytes)

VM state:not at safepoint (normal execution)

VM Mutex/Monitor currently owned by a thread: None

Heap address: 0x0000000084600000, size: 1978 MB, Compressed Oops mode: 32-bit
Narrow klass base: 0x0000000000000000, Narrow klass shift: 3
Compressed class space size: 1073741824 Address: 0x0000000100000000

Heap:
 garbage-first heap   total 194560K, used 81792K [0x0000000084600000, 0x0000000100000000)
  region size 1024K, 69 young (70656K), 11 survivors (11264K)
 Metaspace       used 67522K, capacity 69497K, committed 69844K, reserved 1110016K
  class space    used 8574K, capacity 9413K, committed 9472K, reserved 1048576K
Heap Regions: E=young(eden), S=young(survivor), O=old, HS=humongous(starts), HC=humongous(continues), CS=collection set, F=free, A=archive, TAMS=top-at-mark-start (previous, next)
|   0|0x0000000084600000, 0x0000000084700000, 0x0000000084700000|100%|HS|  |TAMS 0x0000000084700000, 0x0000000084600000| Complete 
|   1|0x0000000084700000, 0x0000000084800000, 0x0000000084800000|100%| O|  |TAMS 0x0000000084800000, 0x0000000084700000| Untracked 
|   2|0x0000000084800000, 0x0000000084900000, 0x0000000084900000|100%| O|  |TAMS 0x0000000084900000, 0x0000000084800000| Untracked 
|   3|0x0000000084900000, 0x0000000084a00000, 0x0000000084a00000|100%| O|  |TAMS 0x0000000084a00000, 0x0000000084900000| Untracked 
|   4|0x0000000084a00000, 0x0000000084b00000, 0x0000000084b00000|100%| O|  |TAMS 0x0000000084b00000, 0x0000000084a00000| Untracked 
|   5|0x0000000084b00000, 0x0000000084c00000, 0x0000000084c00000|100%| O|  |TAMS 0x0000000084c00000, 0x0000000084b00000| Untracked 
|   6|0x0000000084c00000, 0x0000000084d00000, 0x0000000084d00000|100%| O|  |TAMS 0x0000000084d00000, 0x0000000084c00000| Untracked 
|   7|0x0000000084d00000, 0x0000000084e00000, 0x0000000084e00000|100%| O|  |TAMS 0x0000000084e00000, 0x0000000084d00000| Untracked 
|   8|0x0000000084e00000, 0x0000000084f00000, 0x0000000084f00000|100%| O|  |TAMS 0x0000000084f00000, 0x0000000084e00000| Untracked 
|   9|0x0000000084f00000, 0x0000000085000000, 0x0000000085000000|100%| O|  |TAMS 0x0000000085000000, 0x0000000084f00000| Untracked 
|  10|0x0000000085000000, 0x0000000085100000, 0x0000000085100000|100%| O|  |TAMS 0x0000000085100000, 0x0000000085000000| Untracked 
|  11|0x0000000085100000, 0x0000000085200000, 0x0000000085200000|100%| O|  |TAMS 0x0000000085200000, 0x0000000085100000| Untracked 
|  12|0x0000000085200000, 0x0000000085223200, 0x0000000085300000| 13%| O|  |TAMS 0x0000000085223200, 0x0000000085200000| Untracked 
|  13|0x0000000085300000, 0x0000000085300000, 0x0000000085400000|  0%| F|  |TAMS 0x0000000085300000, 0x0000000085300000| Untracked 
|  14|0x0000000085400000, 0x0000000085400000, 0x0000000085500000|  0%| F|  |TAMS 0x0000000085400000, 0x0000000085400000| Untracked 
|  15|0x0000000085500000, 0x0000000085500000, 0x0000000085600000|  0%| F|  |TAMS 0x0000000085500000, 0x0000000085500000| Untracked 
|  16|0x0000000085600000, 0x0000000085600000, 0x0000000085700000|  0%| F|  |TAMS 0x0000000085600000, 0x0000000085600000| Untracked 
|  17|0x0000000085700000, 0x0000000085700000, 0x0000000085800000|  0%| F|  |TAMS 0x0000000085700000, 0x0000000085700000| Untracked 
|  18|0x0000000085800000, 0x0000000085800000, 0x0000000085900000|  0%| F|  |TAMS 0x0000000085800000, 0x0000000085800000| Untracked 
|  19|0x0000000085900000, 0x0000000085900000, 0x0000000085a00000|  0%| F|  |TAMS 0x0000000085900000, 0x0000000085900000| Untracked 
|  20|0x0000000085a00000, 0x0000000085a00000, 0x0000000085b00000|  0%| F|  |TAMS 0x0000000085a00000, 0x0000000085a00000| Untracked 
|  21|0x0000000085b00000, 0x0000000085b00000, 0x0000000085c00000|  0%| F|  |TAMS 0x0000000085b00000, 0x0000000085b00000| Untracked 
|  22|0x0000000085c00000, 0x0000000085c00000, 0x0000000085d00000|  0%| F|  |TAMS 0x0000000085c00000, 0x0000000085c00000| Untracked 
|  23|0x0000000085d00000, 0x0000000085d00000, 0x0000000085e00000|  0%| F|  |TAMS 0x0000000085d00000, 0x0000000085d00000| Untracked 
|  24|0x0000000085e00000, 0x0000000085e00000, 0x0000000085f00000|  0%| F|  |TAMS 0x0000000085e00000, 0x0000000085e00000| Untracked 
|  25|0x0000000085f00000, 0x0000000085f00000, 0x0000000086000000|  0%| F|  |TAMS 0x0000000085f00000, 0x0000000085f00000| Untracked 
|  26|0x0000000086000000, 0x0000000086000000, 0x0000000086100000|  0%| F|  |TAMS 0x0000000086000000, 0x0000000086000000| Untracked 
|  27|0x0000000086100000, 0x0000000086100000, 0x0000000086200000|  0%| F|  |TAMS 0x0000000086100000, 0x0000000086100000| Untracked 
|  28|0x0000000086200000, 0x0000000086200000, 0x0000000086300000|  0%| F|  |TAMS 0x0000000086200000, 0x0000000086200000| Untracked 
|  29|0x0000000086300000, 0x0000000086300000, 0x0000000086400000|  0%| F|  |TAMS 0x0000000086300000, 0x0000000086300000| Untracked 
|  30|0x0000000086400000, 0x0000000086400000, 0x0000000086500000|  0%| F|  |TAMS 0x0000000086400000, 0x0000000086400000| Untracked 
|  31|0x0000000086500000, 0x0000000086500000, 0x0000000086600000|  0%| F|  |TAMS 0x0000000086500000, 0x0000000086500000| Untracked 
|  32|0x0000000086600000, 0x0000000086600000, 0x0000000086700000|  0%| F|  |TAMS 0x0000000086600000, 0x0000000086600000| Untracked 
|  33|0x0000000086700000, 0x0000000086700000, 0x0000000086800000|  0%| F|  |TAMS 0x0000000086700000, 0x0000000086700000| Untracked 
|  34|0x0000000086800000, 0x0000000086800000, 0x0000000086900000|  0%| F|  |TAMS 0x0000000086800000, 0x0000000086800000| Untracked 
|  35|0x0000000086900000, 0x0000000086900000, 0x0000000086a00000|  0%| F|  |TAMS 0x0000000086900000, 0x0000000086900000| Untracked 
|  36|0x0000000086a00000, 0x0000000086a00000, 0x0000000086b00000|  0%| F|  |TAMS 0x0000000086a00000, 0x0000000086a00000| Untracked 
|  37|0x0000000086b00000, 0x0000000086b00000, 0x0000000086c00000|  0%| F|  |TAMS 0x0000000086b00000, 0x0000000086b00000| Untracked 
|  38|0x0000000086c00000, 0x0000000086c00000, 0x0000000086d00000|  0%| F|  |TAMS 0x0000000086c00000, 0x0000000086c00000| Untracked 
|  39|0x0000000086d00000, 0x0000000086d00000, 0x0000000086e00000|  0%| F|  |TAMS 0x0000000086d00000, 0x0000000086d00000| Untracked 
|  40|0x0000000086e00000, 0x0000000086e00000, 0x0000000086f00000|  0%| F|  |TAMS 0x0000000086e00000, 0x0000000086e00000| Untracked 
|  41|0x0000000086f00000, 0x0000000086f00000, 0x0000000087000000|  0%| F|  |TAMS 0x0000000086f00000, 0x0000000086f00000| Untracked 
|  42|0x0000000087000000, 0x0000000087000000, 0x0000000087100000|  0%| F|  |TAMS 0x0000000087000000, 0x0000000087000000| Untracked 
|  43|0x0000000087100000, 0x0000000087100000, 0x0000000087200000|  0%| F|  |TAMS 0x0000000087100000, 0x0000000087100000| Untracked 
|  44|0x0000000087200000, 0x0000000087200000, 0x0000000087300000|  0%| F|  |TAMS 0x0000000087200000, 0x0000000087200000| Untracked 
|  45|0x0000000087300000, 0x0000000087300000, 0x0000000087400000|  0%| F|  |TAMS 0x0000000087300000, 0x0000000087300000| Untracked 
|  46|0x0000000087400000, 0x0000000087400000, 0x0000000087500000|  0%| F|  |TAMS 0x0000000087400000, 0x0000000087400000| Untracked 
|  47|0x0000000087500000, 0x0000000087500000, 0x0000000087600000|  0%| F|  |TAMS 0x0000000087500000, 0x0000000087500000| Untracked 
|  48|0x0000000087600000, 0x0000000087600000, 0x0000000087700000|  0%| F|  |TAMS 0x0000000087600000, 0x0000000087600000| Untracked 
|  49|0x0000000087700000, 0x0000000087700000, 0x0000000087800000|  0%| F|  |TAMS 0x0000000087700000, 0x0000000087700000| Untracked 
|  50|0x0000000087800000, 0x0000000087800000, 0x0000000087900000|  0%| F|  |TAMS 0x0000000087800000, 0x0000000087800000| Untracked 
|  51|0x0000000087900000, 0x0000000087900000, 0x0000000087a00000|  0%| F|  |TAMS 0x0000000087900000, 0x0000000087900000| Untracked 
|  52|0x0000000087a00000, 0x0000000087a00000, 0x0000000087b00000|  0%| F|  |TAMS 0x0000000087a00000, 0x0000000087a00000| Untracked 
|  53|0x0000000087b00000, 0x0000000087b00000, 0x0000000087c00000|  0%| F|  |TAMS 0x0000000087b00000, 0x0000000087b00000| Untracked 
|  54|0x0000000087c00000, 0x0000000087c00000, 0x0000000087d00000|  0%| F|  |TAMS 0x0000000087c00000, 0x0000000087c00000| Untracked 
|  55|0x0000000087d00000, 0x0000000087d00000, 0x0000000087e00000|  0%| F|  |TAMS 0x0000000087d00000, 0x0000000087d00000| Untracked 
|  56|0x0000000087e00000, 0x0000000087e00000, 0x0000000087f00000|  0%| F|  |TAMS 0x0000000087e00000, 0x0000000087e00000| Untracked 
|  57|0x0000000087f00000, 0x0000000087f00000, 0x0000000088000000|  0%| F|  |TAMS 0x0000000087f00000, 0x0000000087f00000| Untracked 
|  58|0x0000000088000000, 0x0000000088000000, 0x0000000088100000|  0%| F|  |TAMS 0x0000000088000000, 0x0000000088000000| Untracked 
|  59|0x0000000088100000, 0x0000000088100000, 0x0000000088200000|  0%| F|  |TAMS 0x0000000088100000, 0x0000000088100000| Untracked 
|  60|0x0000000088200000, 0x0000000088200000, 0x0000000088300000|  0%| F|  |TAMS 0x0000000088200000, 0x0000000088200000| Untracked 
|  61|0x0000000088300000, 0x0000000088300000, 0x0000000088400000|  0%| F|  |TAMS 0x0000000088300000, 0x0000000088300000| Untracked 
|  62|0x0000000088400000, 0x00000000884bce40, 0x0000000088500000| 73%| S|CS|TAMS 0x0000000088400000, 0x0000000088400000| Complete 
|  63|0x0000000088500000, 0x0000000088600000, 0x0000000088600000|100%| S|CS|TAMS 0x0000000088500000, 0x0000000088500000| Complete 
|  64|0x0000000088600000, 0x0000000088700000, 0x0000000088700000|100%| S|CS|TAMS 0x0000000088600000, 0x0000000088600000| Complete 
|  65|0x0000000088700000, 0x0000000088800000, 0x0000000088800000|100%| S|CS|TAMS 0x0000000088700000, 0x0000000088700000| Complete 
|  66|0x0000000088800000, 0x0000000088900000, 0x0000000088900000|100%| S|CS|TAMS 0x0000000088800000, 0x0000000088800000| Complete 
|  67|0x0000000088900000, 0x0000000088a00000, 0x0000000088a00000|100%| S|CS|TAMS 0x0000000088900000, 0x0000000088900000| Complete 
|  68|0x0000000088a00000, 0x0000000088b00000, 0x0000000088b00000|100%| S|CS|TAMS 0x0000000088a00000, 0x0000000088a00000| Complete 
|  69|0x0000000088b00000, 0x0000000088c00000, 0x0000000088c00000|100%| S|CS|TAMS 0x0000000088b00000, 0x0000000088b00000| Complete 
|  70|0x0000000088c00000, 0x0000000088d00000, 0x0000000088d00000|100%| S|CS|TAMS 0x0000000088c00000, 0x0000000088c00000| Complete 
|  71|0x0000000088d00000, 0x0000000088e00000, 0x0000000088e00000|100%| S|CS|TAMS 0x0000000088d00000, 0x0000000088d00000| Complete 
|  72|0x0000000088e00000, 0x0000000088f00000, 0x0000000088f00000|100%| S|CS|TAMS 0x0000000088e00000, 0x0000000088e00000| Complete 
|  73|0x0000000088f00000, 0x0000000088f00000, 0x0000000089000000|  0%| F|  |TAMS 0x0000000088f00000, 0x0000000088f00000| Untracked 
|  74|0x0000000089000000, 0x0000000089000000, 0x0000000089100000|  0%| F|  |TAMS 0x0000000089000000, 0x0000000089000000| Untracked 
|  75|0x0000000089100000, 0x0000000089100000, 0x0000000089200000|  0%| F|  |TAMS 0x0000000089100000, 0x0000000089100000| Untracked 
|  76|0x0000000089200000, 0x0000000089200000, 0x0000000089300000|  0%| F|  |TAMS 0x0000000089200000, 0x0000000089200000| Untracked 
|  77|0x0000000089300000, 0x0000000089300000, 0x0000000089400000|  0%| F|  |TAMS 0x0000000089300000, 0x0000000089300000| Untracked 
|  78|0x0000000089400000, 0x0000000089400000, 0x0000000089500000|  0%| F|  |TAMS 0x0000000089400000, 0x0000000089400000| Untracked 
|  79|0x0000000089500000, 0x0000000089500000, 0x0000000089600000|  0%| F|  |TAMS 0x0000000089500000, 0x0000000089500000| Untracked 
|  80|0x0000000089600000, 0x0000000089600000, 0x0000000089700000|  0%| F|  |TAMS 0x0000000089600000, 0x0000000089600000| Untracked 
|  81|0x0000000089700000, 0x0000000089700000, 0x0000000089800000|  0%| F|  |TAMS 0x0000000089700000, 0x0000000089700000| Untracked 
|  82|0x0000000089800000, 0x0000000089800000, 0x0000000089900000|  0%| F|  |TAMS 0x0000000089800000, 0x0000000089800000| Untracked 
|  83|0x0000000089900000, 0x0000000089900000, 0x0000000089a00000|  0%| F|  |TAMS 0x0000000089900000, 0x0000000089900000| Untracked 
|  84|0x0000000089a00000, 0x0000000089a00000, 0x0000000089b00000|  0%| F|  |TAMS 0x0000000089a00000, 0x0000000089a00000| Untracked 
|  85|0x0000000089b00000, 0x0000000089b00000, 0x0000000089c00000|  0%| F|  |TAMS 0x0000000089b00000, 0x0000000089b00000| Untracked 
|  86|0x0000000089c00000, 0x0000000089c00000, 0x0000000089d00000|  0%| F|  |TAMS 0x0000000089c00000, 0x0000000089c00000| Untracked 
|  87|0x0000000089d00000, 0x0000000089d00000, 0x0000000089e00000|  0%| F|  |TAMS 0x0000000089d00000, 0x0000000089d00000| Untracked 
|  88|0x0000000089e00000, 0x0000000089e00000, 0x0000000089f00000|  0%| F|  |TAMS 0x0000000089e00000, 0x0000000089e00000| Untracked 
|  89|0x0000000089f00000, 0x0000000089f00000, 0x000000008a000000|  0%| F|  |TAMS 0x0000000089f00000, 0x0000000089f00000| Untracked 
|  90|0x000000008a000000, 0x000000008a000000, 0x000000008a100000|  0%| F|  |TAMS 0x000000008a000000, 0x000000008a000000| Untracked 
|  91|0x000000008a100000, 0x000000008a100000, 0x000000008a200000|  0%| F|  |TAMS 0x000000008a100000, 0x000000008a100000| Untracked 
|  92|0x000000008a200000, 0x000000008a200000, 0x000000008a300000|  0%| F|  |TAMS 0x000000008a200000, 0x000000008a200000| Untracked 
|  93|0x000000008a300000, 0x000000008a300000, 0x000000008a400000|  0%| F|  |TAMS 0x000000008a300000, 0x000000008a300000| Untracked 
|  94|0x000000008a400000, 0x000000008a400000, 0x000000008a500000|  0%| F|  |TAMS 0x000000008a400000, 0x000000008a400000| Untracked 
|  95|0x000000008a500000, 0x000000008a500000, 0x000000008a600000|  0%| F|  |TAMS 0x000000008a500000, 0x000000008a500000| Untracked 
|  96|0x000000008a600000, 0x000000008a600000, 0x000000008a700000|  0%| F|  |TAMS 0x000000008a600000, 0x000000008a600000| Untracked 
|  97|0x000000008a700000, 0x000000008a700000, 0x000000008a800000|  0%| F|  |TAMS 0x000000008a700000, 0x000000008a700000| Untracked 
|  98|0x000000008a800000, 0x000000008a800000, 0x000000008a900000|  0%| F|  |TAMS 0x000000008a800000, 0x000000008a800000| Untracked 
|  99|0x000000008a900000, 0x000000008a900000, 0x000000008aa00000|  0%| F|  |TAMS 0x000000008a900000, 0x000000008a900000| Untracked 
| 100|0x000000008aa00000, 0x000000008aa00000, 0x000000008ab00000|  0%| F|  |TAMS 0x000000008aa00000, 0x000000008aa00000| Untracked 
| 101|0x000000008ab00000, 0x000000008ab00000, 0x000000008ac00000|  0%| F|  |TAMS 0x000000008ab00000, 0x000000008ab00000| Untracked 
| 102|0x000000008ac00000, 0x000000008ac00000, 0x000000008ad00000|  0%| F|  |TAMS 0x000000008ac00000, 0x000000008ac00000| Untracked 
| 103|0x000000008ad00000, 0x000000008ad00000, 0x000000008ae00000|  0%| F|  |TAMS 0x000000008ad00000, 0x000000008ad00000| Untracked 
| 104|0x000000008ae00000, 0x000000008ae00000, 0x000000008af00000|  0%| F|  |TAMS 0x000000008ae00000, 0x000000008ae00000| Untracked 
| 105|0x000000008af00000, 0x000000008af00000, 0x000000008b000000|  0%| F|  |TAMS 0x000000008af00000, 0x000000008af00000| Untracked 
| 106|0x000000008b000000, 0x000000008b000000, 0x000000008b100000|  0%| F|  |TAMS 0x000000008b000000, 0x000000008b000000| Untracked 
| 107|0x000000008b100000, 0x000000008b100000, 0x000000008b200000|  0%| F|  |TAMS 0x000000008b100000, 0x000000008b100000| Untracked 
| 108|0x000000008b200000, 0x000000008b200000, 0x000000008b300000|  0%| F|  |TAMS 0x000000008b200000, 0x000000008b200000| Untracked 
| 109|0x000000008b300000, 0x000000008b300000, 0x000000008b400000|  0%| F|  |TAMS 0x000000008b300000, 0x000000008b300000| Untracked 
| 110|0x000000008b400000, 0x000000008b400000, 0x000000008b500000|  0%| F|  |TAMS 0x000000008b400000, 0x000000008b400000| Untracked 
| 111|0x000000008b500000, 0x000000008b500000, 0x000000008b600000|  0%| F|  |TAMS 0x000000008b500000, 0x000000008b500000| Untracked 
| 112|0x000000008b600000, 0x000000008b600000, 0x000000008b700000|  0%| F|  |TAMS 0x000000008b600000, 0x000000008b600000| Untracked 
| 113|0x000000008b700000, 0x000000008b700000, 0x000000008b800000|  0%| F|  |TAMS 0x000000008b700000, 0x000000008b700000| Untracked 
| 114|0x000000008b800000, 0x000000008b800000, 0x000000008b900000|  0%| F|  |TAMS 0x000000008b800000, 0x000000008b800000| Untracked 
| 115|0x000000008b900000, 0x000000008b900000, 0x000000008ba00000|  0%| F|  |TAMS 0x000000008b900000, 0x000000008b900000| Untracked 
| 116|0x000000008ba00000, 0x000000008ba00000, 0x000000008bb00000|  0%| F|  |TAMS 0x000000008ba00000, 0x000000008ba00000| Untracked 
| 117|0x000000008bb00000, 0x000000008bb00000, 0x000000008bc00000|  0%| F|  |TAMS 0x000000008bb00000, 0x000000008bb00000| Untracked 
| 118|0x000000008bc00000, 0x000000008bc00000, 0x000000008bd00000|  0%| F|  |TAMS 0x000000008bc00000, 0x000000008bc00000| Untracked 
| 119|0x000000008bd00000, 0x000000008bd00000, 0x000000008be00000|  0%| F|  |TAMS 0x000000008bd00000, 0x000000008bd00000| Untracked 
| 120|0x000000008be00000, 0x000000008be00000, 0x000000008bf00000|  0%| F|  |TAMS 0x000000008be00000, 0x000000008be00000| Untracked 
| 121|0x000000008bf00000, 0x000000008bf00000, 0x000000008c000000|  0%| F|  |TAMS 0x000000008bf00000, 0x000000008bf00000| Untracked 
| 122|0x000000008c000000, 0x000000008c000000, 0x000000008c100000|  0%| F|  |TAMS 0x000000008c000000, 0x000000008c000000| Untracked 
| 123|0x000000008c100000, 0x000000008c100000, 0x000000008c200000|  0%| F|  |TAMS 0x000000008c100000, 0x000000008c100000| Untracked 
| 124|0x000000008c200000, 0x000000008c200000, 0x000000008c300000|  0%| F|  |TAMS 0x000000008c200000, 0x000000008c200000| Untracked 
| 125|0x000000008c300000, 0x000000008c300000, 0x000000008c400000|  0%| F|  |TAMS 0x000000008c300000, 0x000000008c300000| Untracked 
| 126|0x000000008c400000, 0x000000008c400000, 0x000000008c500000|  0%| F|  |TAMS 0x000000008c400000, 0x000000008c400000| Untracked 
| 127|0x000000008c500000, 0x000000008c500000, 0x000000008c600000|  0%| F|  |TAMS 0x000000008c500000, 0x000000008c500000| Untracked 
| 128|0x000000008c600000, 0x000000008c600000, 0x000000008c700000|  0%| F|  |TAMS 0x000000008c600000, 0x000000008c600000| Untracked 
| 129|0x000000008c700000, 0x000000008c700000, 0x000000008c800000|  0%| F|  |TAMS 0x000000008c700000, 0x000000008c700000| Untracked 
| 130|0x000000008c800000, 0x000000008c800000, 0x000000008c900000|  0%| F|  |TAMS 0x000000008c800000, 0x000000008c800000| Untracked 
| 131|0x000000008c900000, 0x000000008c900000, 0x000000008ca00000|  0%| F|  |TAMS 0x000000008c900000, 0x000000008c900000| Untracked 
| 132|0x000000008ca00000, 0x000000008cb00000, 0x000000008cb00000|100%| E|  |TAMS 0x000000008ca00000, 0x000000008ca00000| Complete 
| 133|0x000000008cb00000, 0x000000008cc00000, 0x000000008cc00000|100%| E|CS|TAMS 0x000000008cb00000, 0x000000008cb00000| Complete 
| 134|0x000000008cc00000, 0x000000008cd00000, 0x000000008cd00000|100%| E|CS|TAMS 0x000000008cc00000, 0x000000008cc00000| Complete 
| 135|0x000000008cd00000, 0x000000008ce00000, 0x000000008ce00000|100%| E|CS|TAMS 0x000000008cd00000, 0x000000008cd00000| Complete 
| 136|0x000000008ce00000, 0x000000008cf00000, 0x000000008cf00000|100%| E|CS|TAMS 0x000000008ce00000, 0x000000008ce00000| Complete 
| 137|0x000000008cf00000, 0x000000008d000000, 0x000000008d000000|100%| E|CS|TAMS 0x000000008cf00000, 0x000000008cf00000| Complete 
| 138|0x000000008d000000, 0x000000008d100000, 0x000000008d100000|100%| E|CS|TAMS 0x000000008d000000, 0x000000008d000000| Complete 
| 139|0x000000008d100000, 0x000000008d200000, 0x000000008d200000|100%| E|CS|TAMS 0x000000008d100000, 0x000000008d100000| Complete 
| 140|0x000000008d200000, 0x000000008d300000, 0x000000008d300000|100%| E|CS|TAMS 0x000000008d200000, 0x000000008d200000| Complete 
| 141|0x000000008d300000, 0x000000008d400000, 0x000000008d400000|100%| E|CS|TAMS 0x000000008d300000, 0x000000008d300000| Complete 
| 142|0x000000008d400000, 0x000000008d500000, 0x000000008d500000|100%| E|CS|TAMS 0x000000008d400000, 0x000000008d400000| Complete 
| 143|0x000000008d500000, 0x000000008d600000, 0x000000008d600000|100%| E|CS|TAMS 0x000000008d500000, 0x000000008d500000| Complete 
| 144|0x000000008d600000, 0x000000008d700000, 0x000000008d700000|100%| E|CS|TAMS 0x000000008d600000, 0x000000008d600000| Complete 
| 145|0x000000008d700000, 0x000000008d800000, 0x000000008d800000|100%| E|CS|TAMS 0x000000008d700000, 0x000000008d700000| Complete 
| 146|0x000000008d800000, 0x000000008d900000, 0x000000008d900000|100%| E|CS|TAMS 0x000000008d800000, 0x000000008d800000| Complete 
| 147|0x000000008d900000, 0x000000008da00000, 0x000000008da00000|100%| E|CS|TAMS 0x000000008d900000, 0x000000008d900000| Complete 
| 148|0x000000008da00000, 0x000000008db00000, 0x000000008db00000|100%| E|CS|TAMS 0x000000008da00000, 0x000000008da00000| Complete 
| 149|0x000000008db00000, 0x000000008dc00000, 0x000000008dc00000|100%| E|CS|TAMS 0x000000008db00000, 0x000000008db00000| Complete 
| 150|0x000000008dc00000, 0x000000008dd00000, 0x000000008dd00000|100%| E|CS|TAMS 0x000000008dc00000, 0x000000008dc00000| Complete 
| 151|0x000000008dd00000, 0x000000008de00000, 0x000000008de00000|100%| E|CS|TAMS 0x000000008dd00000, 0x000000008dd00000| Complete 
| 152|0x000000008de00000, 0x000000008df00000, 0x000000008df00000|100%| E|CS|TAMS 0x000000008de00000, 0x000000008de00000| Complete 
| 153|0x000000008df00000, 0x000000008e000000, 0x000000008e000000|100%| E|CS|TAMS 0x000000008df00000, 0x000000008df00000| Complete 
| 154|0x000000008e000000, 0x000000008e100000, 0x000000008e100000|100%| E|CS|TAMS 0x000000008e000000, 0x000000008e000000| Complete 
| 155|0x000000008e100000, 0x000000008e200000, 0x000000008e200000|100%| E|CS|TAMS 0x000000008e100000, 0x000000008e100000| Complete 
| 156|0x000000008e200000, 0x000000008e300000, 0x000000008e300000|100%| E|CS|TAMS 0x000000008e200000, 0x000000008e200000| Complete 
| 157|0x000000008e300000, 0x000000008e400000, 0x000000008e400000|100%| E|CS|TAMS 0x000000008e300000, 0x000000008e300000| Complete 
| 158|0x000000008e400000, 0x000000008e500000, 0x000000008e500000|100%| E|CS|TAMS 0x000000008e400000, 0x000000008e400000| Complete 
| 159|0x000000008e500000, 0x000000008e600000, 0x000000008e600000|100%| E|CS|TAMS 0x000000008e500000, 0x000000008e500000| Complete 
| 160|0x000000008e600000, 0x000000008e700000, 0x000000008e700000|100%| E|CS|TAMS 0x000000008e600000, 0x000000008e600000| Complete 
| 161|0x000000008e700000, 0x000000008e800000, 0x000000008e800000|100%| E|CS|TAMS 0x000000008e700000, 0x000000008e700000| Complete 
| 162|0x000000008e800000, 0x000000008e900000, 0x000000008e900000|100%| E|CS|TAMS 0x000000008e800000, 0x000000008e800000| Complete 
| 163|0x000000008e900000, 0x000000008ea00000, 0x000000008ea00000|100%| E|CS|TAMS 0x000000008e900000, 0x000000008e900000| Complete 
| 164|0x000000008ea00000, 0x000000008eb00000, 0x000000008eb00000|100%| E|CS|TAMS 0x000000008ea00000, 0x000000008ea00000| Complete 
| 165|0x000000008eb00000, 0x000000008ec00000, 0x000000008ec00000|100%| E|CS|TAMS 0x000000008eb00000, 0x000000008eb00000| Complete 
| 166|0x000000008ec00000, 0x000000008ed00000, 0x000000008ed00000|100%| E|CS|TAMS 0x000000008ec00000, 0x000000008ec00000| Complete 
| 167|0x000000008ed00000, 0x000000008ee00000, 0x000000008ee00000|100%| E|CS|TAMS 0x000000008ed00000, 0x000000008ed00000| Complete 
| 168|0x000000008ee00000, 0x000000008ef00000, 0x000000008ef00000|100%| E|CS|TAMS 0x000000008ee00000, 0x000000008ee00000| Complete 
| 169|0x000000008ef00000, 0x000000008f000000, 0x000000008f000000|100%| E|CS|TAMS 0x000000008ef00000, 0x000000008ef00000| Complete 
| 170|0x000000008f000000, 0x000000008f100000, 0x000000008f100000|100%| E|CS|TAMS 0x000000008f000000, 0x000000008f000000| Complete 
| 171|0x000000008f100000, 0x000000008f200000, 0x000000008f200000|100%| E|CS|TAMS 0x000000008f100000, 0x000000008f100000| Complete 
| 172|0x000000008f200000, 0x000000008f300000, 0x000000008f300000|100%| E|CS|TAMS 0x000000008f200000, 0x000000008f200000| Complete 
| 173|0x000000008f300000, 0x000000008f400000, 0x000000008f400000|100%| E|CS|TAMS 0x000000008f300000, 0x000000008f300000| Complete 
| 174|0x000000008f400000, 0x000000008f500000, 0x000000008f500000|100%| E|CS|TAMS 0x000000008f400000, 0x000000008f400000| Complete 
| 175|0x000000008f500000, 0x000000008f600000, 0x000000008f600000|100%| E|CS|TAMS 0x000000008f500000, 0x000000008f500000| Complete 
| 176|0x000000008f600000, 0x000000008f700000, 0x000000008f700000|100%| E|CS|TAMS 0x000000008f600000, 0x000000008f600000| Complete 
| 177|0x000000008f700000, 0x000000008f800000, 0x000000008f800000|100%| E|CS|TAMS 0x000000008f700000, 0x000000008f700000| Complete 
| 178|0x000000008f800000, 0x000000008f900000, 0x000000008f900000|100%| E|CS|TAMS 0x000000008f800000, 0x000000008f800000| Complete 
| 179|0x000000008f900000, 0x000000008fa00000, 0x000000008fa00000|100%| E|CS|TAMS 0x000000008f900000, 0x000000008f900000| Complete 
| 180|0x000000008fa00000, 0x000000008fb00000, 0x000000008fb00000|100%| E|CS|TAMS 0x000000008fa00000, 0x000000008fa00000| Complete 
| 181|0x000000008fb00000, 0x000000008fc00000, 0x000000008fc00000|100%| E|CS|TAMS 0x000000008fb00000, 0x000000008fb00000| Complete 
| 182|0x000000008fc00000, 0x000000008fd00000, 0x000000008fd00000|100%| E|CS|TAMS 0x000000008fc00000, 0x000000008fc00000| Complete 
| 183|0x000000008fd00000, 0x000000008fe00000, 0x000000008fe00000|100%| E|CS|TAMS 0x000000008fd00000, 0x000000008fd00000| Complete 
| 184|0x000000008fe00000, 0x000000008ff00000, 0x000000008ff00000|100%| E|CS|TAMS 0x000000008fe00000, 0x000000008fe00000| Complete 
| 185|0x000000008ff00000, 0x0000000090000000, 0x0000000090000000|100%| E|CS|TAMS 0x000000008ff00000, 0x000000008ff00000| Complete 
| 186|0x0000000090000000, 0x0000000090100000, 0x0000000090100000|100%| E|CS|TAMS 0x0000000090000000, 0x0000000090000000| Complete 
| 187|0x0000000090100000, 0x0000000090200000, 0x0000000090200000|100%| E|CS|TAMS 0x0000000090100000, 0x0000000090100000| Complete 
| 188|0x0000000090200000, 0x0000000090300000, 0x0000000090300000|100%| E|CS|TAMS 0x0000000090200000, 0x0000000090200000| Complete 
| 189|0x0000000090300000, 0x0000000090400000, 0x0000000090400000|100%| E|CS|TAMS 0x0000000090300000, 0x0000000090300000| Complete 

Card table byte_map: [0x00007f1115e27000,0x00007f1116204000] _byte_map_base: 0x00007f1115a04000

Marking Bits (Prev, Next): (CMBitMap*) 0x00007f1110057990, (CMBitMap*) 0x00007f1110057958
 Prev Bits: [0x00007f10f0230000, 0x00007f10f2118000)
 Next Bits: [0x00007f10f2118000, 0x00007f10f4000000)

Polling page: 0x00007f111855d000

Metaspace:

Usage:
  Non-class:     58,68 MB capacity,    57,59 MB ( 98%) used,   922,37 KB (  2%) free+waste,   190,38 KB ( <1%) overhead. 
      Class:      9,19 MB capacity,     8,38 MB ( 91%) used,   745,07 KB (  8%) free+waste,    88,50 KB ( <1%) overhead. 
       Both:     67,87 MB capacity,    65,97 MB ( 97%) used,     1,63 MB (  2%) free+waste,   278,88 KB ( <1%) overhead. 

Virtual space:
  Non-class space:       60,00 MB reserved,      58,96 MB ( 98%) committed 
      Class space:        1,00 GB reserved,       9,25 MB ( <1%) committed 
             Both:        1,06 GB reserved,      68,21 MB (  6%) committed 

Chunk freelists:
   Non-Class:  55,00 KB
       Class:  26,00 KB
        Both:  81,00 KB

MaxMetaspaceSize: unlimited
CompressedClassSpaceSize: 1,00 GB

CodeHeap 'non-profiled nmethods': size=120032Kb used=3010Kb max_used=3010Kb free=117022Kb
 bounds [0x00007f11003d8000, 0x00007f11006d8000, 0x00007f1107910000]
CodeHeap 'profiled nmethods': size=120032Kb used=11617Kb max_used=11617Kb free=108414Kb
 bounds [0x00007f10f8ea0000, 0x00007f10f9a00000, 0x00007f11003d8000]
CodeHeap 'non-nmethods': size=5696Kb used=1312Kb max_used=1353Kb free=4383Kb
 bounds [0x00007f10f8910000, 0x00007f10f8b80000, 0x00007f10f8ea0000]
 total_blobs=7724 nmethods=5492 adapters=654
 compilation: enabled
              stopped_count=0, restarted_count=0
 full_count=0

Compilation events (20 events):
Event: 4,135 Thread 0x00007f111015f800 5719       2       org.springframework.asm.Frame::getConcreteOutputType (111 bytes)
Event: 4,136 Thread 0x00007f111015f800 nmethod 5719 0x00007f10f99f4590 code [0x00007f10f99f4740, 0x00007f10f99f49b0]
Event: 4,139 Thread 0x00007f111015f800 5727       2       org.springframework.asm.MethodWriter::putAbstractTypes (31 bytes)
Event: 4,139 Thread 0x00007f111015f800 nmethod 5727 0x00007f10f99f4b10 code [0x00007f10f99f4ce0, 0x00007f10f99f4f08]
Event: 4,139 Thread 0x00007f111015f800 5722       2       org.springframework.asm.Label::addForwardReference (102 bytes)
Event: 4,140 Thread 0x00007f111015f800 nmethod 5722 0x00007f10f99f5090 code [0x00007f10f99f5260, 0x00007f10f99f5728]
Event: 4,140 Thread 0x00007f111015f800 5720       2       org.springframework.cglib.core.CodeEmitter::make_label (8 bytes)
Event: 4,140 Thread 0x00007f111015f800 nmethod 5720 0x00007f10f99f5910 code [0x00007f10f99f5ac0, 0x00007f10f99f5c70]
Event: 4,140 Thread 0x00007f111015f800 5723       2       org.springframework.cglib.core.CodeEmitter::mark (9 bytes)
Event: 4,140 Thread 0x00007f111015f800 nmethod 5723 0x00007f10f99f5d10 code [0x00007f10f99f5ec0, 0x00007f10f99f6048]
Event: 4,140 Thread 0x00007f111015f800 5724       2       org.springframework.asm.Type::getSort (19 bytes)
Event: 4,140 Thread 0x00007f111015f800 nmethod 5724 0x00007f10f99f6110 code [0x00007f10f99f62c0, 0x00007f10f99f6430]
Event: 4,140 Thread 0x00007f111015f800 5721       2       org.springframework.asm.Type::getReturnType (13 bytes)
Event: 4,140 Thread 0x00007f111015f800 nmethod 5721 0x00007f10f99f6510 code [0x00007f10f99f66e0, 0x00007f10f99f6878]
Event: 4,140 Thread 0x00007f111015f800 5725       2       org.springframework.asm.Frame::push (59 bytes)
Event: 4,140 Thread 0x00007f111015f800 nmethod 5725 0x00007f10f99f6990 code [0x00007f10f99f6ba0, 0x00007f10f99f6ef8]
Event: 4,140 Thread 0x00007f111015f800 5726       2       org.springframework.asm.Frame::pop (53 bytes)
Event: 4,141 Thread 0x00007f111015f800 nmethod 5726 0x00007f10f99f7190 code [0x00007f10f99f73a0, 0x00007f10f99f76f8]
Event: 4,141 Thread 0x00007f111015f800 5728       2       org.springframework.beans.factory.config.InstantiationAwareBeanPostProcessorAdapter::postProcessAfterInitialization (2 bytes)
Event: 4,141 Thread 0x00007f111015f800 nmethod 5728 0x00007f10f99f7910 code [0x00007f10f99f7ac0, 0x00007f10f99f7c10]

GC Heap History (18 events):
Event: 0,308 GC heap before
{Heap before GC invocations=0 (full 0):
 garbage-first heap   total 126976K, used 14336K [0x0000000084600000, 0x0000000100000000)
  region size 1024K, 14 young (14336K), 0 survivors (0K)
 Metaspace       used 9186K, capacity 9304K, committed 9600K, reserved 1058816K
  class space    used 834K, capacity 868K, committed 896K, reserved 1048576K
}
Event: 0,313 GC heap after
{Heap after GC invocations=1 (full 0):
 garbage-first heap   total 126976K, used 6267K [0x0000000084600000, 0x0000000100000000)
  region size 1024K, 2 young (2048K), 2 survivors (2048K)
 Metaspace       used 9186K, capacity 9304K, committed 9600K, reserved 1058816K
  class space    used 834K, capacity 868K, committed 896K, reserved 1048576K
}
Event: 0,455 GC heap before
{Heap before GC invocations=1 (full 0):
 garbage-first heap   total 126976K, used 17531K [0x0000000084600000, 0x0000000100000000)
  region size 1024K, 13 young (13312K), 2 survivors (2048K)
 Metaspace       used 13062K, capacity 13306K, committed 13440K, reserved 1060864K
  class space    used 1292K, capacity 1379K, committed 1408K, reserved 1048576K
}
Event: 0,462 GC heap after
{Heap after GC invocations=2 (full 0):
 garbage-first heap   total 126976K, used 6915K [0x0000000084600000, 0x0000000100000000)
  region size 1024K, 1 young (1024K), 1 survivors (1024K)
 Metaspace       used 13062K, capacity 13306K, committed 13440K, reserved 1060864K
  class space    used 1292K, capacity 1379K, committed 1408K, reserved 1048576K
}
Event: 0,653 GC heap before
{Heap before GC invocations=2 (full 0):
 garbage-first heap   total 126976K, used 37635K [0x0000000084600000, 0x0000000100000000)
  region size 1024K, 31 young (31744K), 1 survivors (1024K)
 Metaspace       used 18215K, capacity 18590K, committed 18944K, reserved 1067008K
  class space    used 2071K, capacity 2206K, committed 2304K, reserved 1048576K
}
Event: 0,656 GC heap after
{Heap after GC invocations=3 (full 0):
 garbage-first heap   total 126976K, used 8099K [0x0000000084600000, 0x0000000100000000)
  region size 1024K, 2 young (2048K), 2 survivors (2048K)
 Metaspace       used 18215K, capacity 18590K, committed 18944K, reserved 1067008K
  class space    used 2071K, capacity 2206K, committed 2304K, reserved 1048576K
}
Event: 0,744 GC heap before
{Heap before GC invocations=3 (full 0):
 garbage-first heap   total 126976K, used 20387K [0x0000000084600000, 0x0000000100000000)
  region size 1024K, 15 young (15360K), 2 survivors (2048K)
 Metaspace       used 20652K, capacity 21085K, committed 21296K, reserved 1069056K
  class space    used 2385K, capacity 2573K, committed 2688K, reserved 1048576K
}
Event: 0,746 GC heap after
{Heap after GC invocations=4 (full 0):
 garbage-first heap   total 126976K, used 8604K [0x0000000084600000, 0x0000000100000000)
  region size 1024K, 3 young (3072K), 3 survivors (3072K)
 Metaspace       used 20652K, capacity 21085K, committed 21296K, reserved 1069056K
  class space    used 2385K, capacity 2573K, committed 2688K, reserved 1048576K
}
Event: 0,929 GC heap before
{Heap before GC invocations=5 (full 0):
 garbage-first heap   total 126976K, used 50588K [0x0000000084600000, 0x0000000100000000)
  region size 1024K, 45 young (46080K), 3 survivors (3072K)
 Metaspace       used 25272K, capacity 25779K, committed 25904K, reserved 1073152K
  class space    used 2953K, capacity 3162K, committed 3200K, reserved 1048576K
}
Event: 0,935 GC heap after
{Heap after GC invocations=6 (full 0):
 garbage-first heap   total 152576K, used 9569K [0x0000000084600000, 0x0000000100000000)
  region size 1024K, 4 young (4096K), 4 survivors (4096K)
 Metaspace       used 25272K, capacity 25779K, committed 25904K, reserved 1073152K
  class space    used 2953K, capacity 3162K, committed 3200K, reserved 1048576K
}
Event: 1,762 GC heap before
{Heap before GC invocations=6 (full 0):
 garbage-first heap   total 152576K, used 95585K [0x0000000084600000, 0x0000000100000000)
  region size 1024K, 89 young (91136K), 4 survivors (4096K)
 Metaspace       used 32640K, capacity 33433K, committed 33584K, reserved 1079296K
  class space    used 3881K, capacity 4201K, committed 4224K, reserved 1048576K
}
Event: 1,771 GC heap after
{Heap after GC invocations=7 (full 0):
 garbage-first heap   total 152576K, used 12804K [0x0000000084600000, 0x0000000100000000)
  region size 1024K, 7 young (7168K), 7 survivors (7168K)
 Metaspace       used 32640K, capacity 33433K, committed 33584K, reserved 1079296K
  class space    used 3881K, capacity 4201K, committed 4224K, reserved 1048576K
}
Event: 1,949 GC heap before
{Heap before GC invocations=7 (full 0):
 garbage-first heap   total 152576K, used 25092K [0x0000000084600000, 0x0000000100000000)
  region size 1024K, 20 young (20480K), 7 survivors (7168K)
 Metaspace       used 34858K, capacity 35743K, committed 35920K, reserved 1081344K
  class space    used 4163K, capacity 4544K, committed 4608K, reserved 1048576K
}
Event: 1,956 GC heap after
{Heap after GC invocations=8 (full 0):
 garbage-first heap   total 152576K, used 13663K [0x0000000084600000, 0x0000000100000000)
  region size 1024K, 7 young (7168K), 7 survivors (7168K)
 Metaspace       used 34858K, capacity 35743K, committed 35920K, reserved 1081344K
  class space    used 4163K, capacity 4544K, committed 4608K, reserved 1048576K
}
Event: 2,453 GC heap before
{Heap before GC invocations=9 (full 0):
 garbage-first heap   total 152576K, used 96607K [0x0000000084600000, 0x0000000100000000)
  region size 1024K, 89 young (91136K), 7 survivors (7168K)
 Metaspace       used 44189K, capacity 45240K, committed 45648K, reserved 1089536K
  class space    used 5393K, capacity 5811K, committed 5888K, reserved 1048576K
}
Event: 2,461 GC heap after
{Heap after GC invocations=10 (full 0):
 garbage-first heap   total 152576K, used 16740K [0x0000000084600000, 0x0000000100000000)
  region size 1024K, 9 young (9216K), 9 survivors (9216K)
 Metaspace       used 44189K, capacity 45240K, committed 45648K, reserved 1089536K
  class space    used 5393K, capacity 5811K, committed 5888K, reserved 1048576K
}
Event: 3,394 GC heap before
{Heap before GC invocations=10 (full 0):
 garbage-first heap   total 152576K, used 93540K [0x0000000084600000, 0x0000000100000000)
  region size 1024K, 85 young (87040K), 9 survivors (9216K)
 Metaspace       used 58596K, capacity 60014K, committed 60296K, reserved 1101824K
  class space    used 7257K, capacity 7803K, committed 7808K, reserved 1048576K
}
Event: 3,412 GC heap after
{Heap after GC invocations=11 (full 0):
 garbage-first heap   total 194560K, used 23424K [0x0000000084600000, 0x0000000100000000)
  region size 1024K, 11 young (11264K), 11 survivors (11264K)
 Metaspace       used 58596K, capacity 60014K, committed 60296K, reserved 1101824K
  class space    used 7257K, capacity 7803K, committed 7808K, reserved 1048576K
}

Deoptimization events (20 events):
Event: 3,866 Thread 0x00007f1110017000 DEOPT PACKING pc=0x00007f1100536638 sp=0x00007f1116e113e0
Event: 3,866 Thread 0x00007f1110017000 DEOPT UNPACKING pc=0x00007f10f89386a5 sp=0x00007f1116e11318 mode 2
Event: 3,870 Thread 0x00007f1110017000 Uncommon trap: trap_request=0xffffff5c fr.pc=0x00007f11004a418c relative=0x00000000000003ac
Event: 3,870 Thread 0x00007f1110017000 Uncommon trap: reason=speculate_null_assert action=make_not_entrant pc=0x00007f11004a418c method=org.springframework.util.ConcurrentReferenceHashMap$Segment.restructureIfNecessary(Z)V @ 41 c2
Event: 3,870 Thread 0x00007f1110017000 DEOPT PACKING pc=0x00007f11004a418c sp=0x00007f1116e10c40
Event: 3,870 Thread 0x00007f1110017000 DEOPT UNPACKING pc=0x00007f10f89386a5 sp=0x00007f1116e10c08 mode 2
Event: 3,904 Thread 0x00007f1110017000 Uncommon trap: trap_request=0xffffff4d fr.pc=0x00007f11005b3484 relative=0x0000000000000224
Event: 3,904 Thread 0x00007f1110017000 Uncommon trap: reason=unstable_if action=reinterpret pc=0x00007f11005b3484 method=java.util.concurrent.locks.AbstractQueuedSynchronizer.release(I)Z @ 5 c2
Event: 3,904 Thread 0x00007f1110017000 DEOPT PACKING pc=0x00007f11005b3484 sp=0x00007f1116e11030
Event: 3,904 Thread 0x00007f1110017000 DEOPT UNPACKING pc=0x00007f10f89386a5 sp=0x00007f1116e10ff8 mode 2
Event: 4,041 Thread 0x00007f1110017000 DEOPT PACKING pc=0x00007f10f9421061 sp=0x00007f1116e11eb0
Event: 4,041 Thread 0x00007f1110017000 DEOPT UNPACKING pc=0x00007f10f89384ba sp=0x00007f1116e114d0 mode 0
Event: 4,044 Thread 0x00007f1110017000 Uncommon trap: trap_request=0xffffff4d fr.pc=0x00007f1100690bd8 relative=0x0000000000000c38
Event: 4,044 Thread 0x00007f1110017000 Uncommon trap: reason=unstable_if action=reinterpret pc=0x00007f1100690bd8 method=org.springframework.core.annotation.TypeMappedAnnotations$MergedAnnotationFinder.doWithAnnotations(Ljava/lang/Object;ILjava/lang/Object;[Ljava/lang/annotation/Annotation;)Lo
Event: 4,044 Thread 0x00007f1110017000 DEOPT PACKING pc=0x00007f1100690bd8 sp=0x00007f1116e12490
Event: 4,044 Thread 0x00007f1110017000 DEOPT UNPACKING pc=0x00007f10f89386a5 sp=0x00007f1116e12400 mode 2
Event: 4,113 Thread 0x00007f1110017000 Uncommon trap: trap_request=0xffffff4d fr.pc=0x00007f11006ac4e8 relative=0x00000000000002a8
Event: 4,113 Thread 0x00007f1110017000 Uncommon trap: reason=unstable_if action=reinterpret pc=0x00007f11006ac4e8 method=java.util.concurrent.ConcurrentHashMap.get(Ljava/lang/Object;)Ljava/lang/Object; @ 99 c2
Event: 4,113 Thread 0x00007f1110017000 DEOPT PACKING pc=0x00007f11006ac4e8 sp=0x00007f1116e0efb0
Event: 4,113 Thread 0x00007f1110017000 DEOPT UNPACKING pc=0x00007f10f89386a5 sp=0x00007f1116e0ef38 mode 2

Classes redefined (0 events):
No events

Internal exceptions (20 events):
Event: 3,875 Thread 0x00007f1110017000 Exception <a 'java/lang/ClassNotFoundException'{0x000000008e00b940}: com/slimsimapps/avotingapp/participant/ParticipantCustomizer> (0x000000008e00b940) thrown at [/build/java11-openjdk/src/jdk11u-jdk-11.0.6+10/src/hotspot/share/classfile/systemDictionary.
Event: 3,890 Thread 0x00007f1110017000 Exception <a 'java/lang/NoSuchMethodError'{0x000000008df17a88}: 'int java.lang.invoke.DirectMethodHandle$Holder.invokeVirtual(java.lang.Object, java.lang.Object, java.lang.Object)'> (0x000000008df17a88) thrown at [/build/java11-openjdk/src/jdk11u-jdk-11.0
Event: 3,899 Thread 0x00007f1110017000 Exception <a 'java/lang/ClassNotFoundException'{0x000000008df861c0}: java/lang/ObjectCustomizer> (0x000000008df861c0) thrown at [/build/java11-openjdk/src/jdk11u-jdk-11.0.6+10/src/hotspot/share/classfile/systemDictionary.cpp, line 231]
Event: 3,900 Thread 0x00007f1110017000 Exception <a 'java/lang/ClassNotFoundException'{0x000000008df94860}: com/slimsimapps/avotingapp/meeting/MeetingCustomizer> (0x000000008df94860) thrown at [/build/java11-openjdk/src/jdk11u-jdk-11.0.6+10/src/hotspot/share/classfile/systemDictionary.cpp, lin
Event: 3,910 Thread 0x00007f1110017000 Exception <a 'java/lang/IncompatibleClassChangeError'{0x000000008de711d0}: Found class java.lang.Object, but interface was expected> (0x000000008de711d0) thrown at [/build/java11-openjdk/src/jdk11u-jdk-11.0.6+10/src/hotspot/share/interpreter/linkResolver.
Event: 3,955 Thread 0x00007f1110017000 Exception <a 'java/lang/reflect/InvocationTargetException'{0x000000008da3c908}> (0x000000008da3c908) thrown at [/build/java11-openjdk/src/jdk11u-jdk-11.0.6+10/src/hotspot/share/runtime/reflection.cpp, line 1245]
Event: 3,964 Thread 0x00007f1110017000 Exception <a 'java/lang/NoSuchMethodError'{0x000000008dacac78}: 'java.lang.Object java.lang.invoke.Invokers$Holder.linkToTargetMethod(java.lang.Object, int, java.lang.Object)'> (0x000000008dacac78) thrown at [/build/java11-openjdk/src/jdk11u-jdk-11.0.6+10
Event: 3,969 Thread 0x00007f1110017000 Exception <a 'java/lang/IncompatibleClassChangeError'{0x000000008d921bb0}: Found class java.lang.Object, but interface was expected> (0x000000008d921bb0) thrown at [/build/java11-openjdk/src/jdk11u-jdk-11.0.6+10/src/hotspot/share/interpreter/linkResolver.
Event: 4,024 Thread 0x00007f1110017000 Exception <a 'java/lang/NoSuchMethodError'{0x000000008d51b680}: 'java.lang.Object java.lang.invoke.DirectMethodHandle$Holder.invokeInterface(java.lang.Object, java.lang.Object, java.lang.Object, java.lang.Object)'> (0x000000008d51b680) thrown at [/build/j
Event: 4,041 Thread 0x00007f1110017000 Exception <a 'java/lang/ClassNotFoundException'{0x000000008d487630}: java/lang/ObjectCustomizer> (0x000000008d487630) thrown at [/build/java11-openjdk/src/jdk11u-jdk-11.0.6+10/src/hotspot/share/classfile/systemDictionary.cpp, line 231]
Event: 4,042 Thread 0x00007f1110017000 Exception <a 'java/lang/ClassNotFoundException'{0x000000008d498608}: org/springframework/web/servlet/config/annotation/WebMvcConfigurationSupportCustomizer> (0x000000008d498608) thrown at [/build/java11-openjdk/src/jdk11u-jdk-11.0.6+10/src/hotspot/share/c
Event: 4,042 Thread 0x00007f1110017000 Exception <a 'java/lang/ClassNotFoundException'{0x000000008d4b4458}: org/springframework/web/servlet/config/annotation/DelegatingWebMvcConfigurationCustomizer> (0x000000008d4b4458) thrown at [/build/java11-openjdk/src/jdk11u-jdk-11.0.6+10/src/hotspot/shar
Event: 4,042 Thread 0x00007f1110017000 Exception <a 'java/lang/ClassNotFoundException'{0x000000008d4c8848}: org/springframework/boot/autoconfigure/web/servlet/WebMvcAutoConfiguration$EnableWebMvcConfigurationCustomizer> (0x000000008d4c8848) thrown at [/build/java11-openjdk/src/jdk11u-jdk-11.0.
Event: 4,043 Thread 0x00007f1110017000 Exception <a 'java/lang/ClassNotFoundException'{0x000000008d4e0a18}: org/springframework/context/ResourceLoaderAwareCustomizer> (0x000000008d4e0a18) thrown at [/build/java11-openjdk/src/jdk11u-jdk-11.0.6+10/src/hotspot/share/classfile/systemDictionary.cpp
Event: 4,043 Thread 0x00007f1110017000 Exception <a 'java/lang/ClassNotFoundException'{0x000000008d4ebb88}: org/springframework/beans/factory/AwareCustomizer> (0x000000008d4ebb88) thrown at [/build/java11-openjdk/src/jdk11u-jdk-11.0.6+10/src/hotspot/share/classfile/systemDictionary.cpp, line 2
Event: 4,043 Thread 0x00007f1110017000 Exception <a 'java/lang/ClassNotFoundException'{0x000000008d4f74e8}: org/springframework/context/ApplicationContextAwareCustomizer> (0x000000008d4f74e8) thrown at [/build/java11-openjdk/src/jdk11u-jdk-11.0.6+10/src/hotspot/share/classfile/systemDictionary
Event: 4,043 Thread 0x00007f1110017000 Exception <a 'java/lang/ClassNotFoundException'{0x000000008d3034a8}: org/springframework/beans/factory/AwareCustomizer> (0x000000008d3034a8) thrown at [/build/java11-openjdk/src/jdk11u-jdk-11.0.6+10/src/hotspot/share/classfile/systemDictionary.cpp, line 2
Event: 4,043 Thread 0x00007f1110017000 Exception <a 'java/lang/ClassNotFoundException'{0x000000008d30ede0}: org/springframework/web/context/ServletContextAwareCustomizer> (0x000000008d30ede0) thrown at [/build/java11-openjdk/src/jdk11u-jdk-11.0.6+10/src/hotspot/share/classfile/systemDictionary
Event: 4,044 Thread 0x00007f1110017000 Exception <a 'java/lang/ClassNotFoundException'{0x000000008d31a3b8}: org/springframework/beans/factory/AwareCustomizer> (0x000000008d31a3b8) thrown at [/build/java11-openjdk/src/jdk11u-jdk-11.0.6+10/src/hotspot/share/classfile/systemDictionary.cpp, line 2
Event: 4,113 Thread 0x00007f1110017000 Implicit null exception at 0x00007f11006ac42c to 0x00007f11006ac4da

Events (20 events):
Event: 4,139 loading class org/springframework/web/method/support/ModelAndViewContainer
Event: 4,139 loading class org/springframework/web/method/support/ModelAndViewContainer done
Event: 4,140 loading class javax/annotation/Nonnull
Event: 4,140 loading class javax/annotation/Nonnull done
Event: 4,140 loading class javax/annotation/Nonnull
Event: 4,140 loading class javax/annotation/Nonnull done
Event: 4,141 loading class javax/annotation/Nonnull
Event: 4,141 loading class javax/annotation/Nonnull done
Event: 4,141 loading class org/springframework/data/domain/PageRequest
Event: 4,141 loading class org/springframework/data/domain/PageRequest done
Event: 4,141 loading class org/springframework/data/domain/AbstractPageRequest
Event: 4,141 loading class org/springframework/data/domain/AbstractPageRequest done
Event: 4,142 loading class org/springframework/data/web/PageableHandlerMethodArgumentResolver
Event: 4,142 loading class org/springframework/data/web/PageableHandlerMethodArgumentResolver done
Event: 4,142 loading class org/springframework/data/web/config/PageableHandlerMethodArgumentResolverCustomizer
Event: 4,142 loading class org/springframework/data/web/config/PageableHandlerMethodArgumentResolverCustomizer done
Event: 4,142 loading class org/springframework/data/web/PageableHandlerMethodArgumentResolver
Event: 4,142 loading class org/springframework/data/web/PageableHandlerMethodArgumentResolver done
Event: 4,142 loading class org/springframework/data/web/PageableDefault
Event: 4,142 loading class org/springframework/data/web/PageableDefault done


Dynamic libraries:
84600000-90400000 rw-p 00000000 00:00 0 
90400000-100000000 ---p 00000000 00:00 0 
100000000-100940000 rw-p 00000000 00:00 0 
100940000-140000000 ---p 00000000 00:00 0 
5567cabec000-5567cabed000 r--p 00000000 08:01 25300666                   /usr/lib/jvm/java-11-openjdk/bin/java
5567cabed000-5567cabee000 r-xp 00001000 08:01 25300666                   /usr/lib/jvm/java-11-openjdk/bin/java
5567cabee000-5567cabef000 r--p 00002000 08:01 25300666                   /usr/lib/jvm/java-11-openjdk/bin/java
5567cabef000-5567cabf0000 r--p 00002000 08:01 25300666                   /usr/lib/jvm/java-11-openjdk/bin/java
5567cabf0000-5567cabf1000 rw-p 00003000 08:01 25300666                   /usr/lib/jvm/java-11-openjdk/bin/java
5567cc1b2000-5567cc1d3000 rw-p 00000000 00:00 0                          [heap]
7f1078000000-7f1078021000 rw-p 00000000 00:00 0 
7f1078021000-7f107c000000 ---p 00000000 00:00 0 
7f1080000000-7f1080021000 rw-p 00000000 00:00 0 
7f1080021000-7f1084000000 ---p 00000000 00:00 0 
7f1084000000-7f1084021000 rw-p 00000000 00:00 0 
7f1084021000-7f1088000000 ---p 00000000 00:00 0 
7f1088000000-7f1088082000 rw-p 00000000 00:00 0 
7f1088082000-7f108c000000 ---p 00000000 00:00 0 
7f108c000000-7f108c021000 rw-p 00000000 00:00 0 
7f108c021000-7f1090000000 ---p 00000000 00:00 0 
7f1090000000-7f1090021000 rw-p 00000000 00:00 0 
7f1090021000-7f1094000000 ---p 00000000 00:00 0 
7f1095ffa000-7f109613a000 rw-p 00000000 00:00 0 
7f109613a000-7f10961fa000 ---p 00000000 00:00 0 
7f10961fa000-7f10963fa000 rw-p 00000000 00:00 0 
7f10963fa000-7f10965fa000 rw-p 00000000 00:00 0 
7f10965fa000-7f10967fa000 rw-p 00000000 00:00 0 
7f10967fa000-7f10969db000 rw-p 00000000 00:00 0 
7f10969db000-7f10969fa000 ---p 00000000 00:00 0 
7f10969fa000-7f1096bfa000 rw-p 00000000 00:00 0 
7f1096bfa000-7f1096dfa000 rw-p 00000000 00:00 0 
7f1096dfa000-7f1096dfe000 ---p 00000000 00:00 0 
7f1096dfe000-7f1096efb000 rw-p 00000000 00:00 0 
7f1096efb000-7f1096eff000 ---p 00000000 00:00 0 
7f1096eff000-7f1096ffc000 rw-p 00000000 00:00 0 
7f1096ffc000-7f1097000000 ---p 00000000 00:00 0 
7f1097000000-7f10972fd000 rw-p 00000000 00:00 0 
7f10972fd000-7f10974fd000 rw-p 00000000 00:00 0 
7f10974fd000-7f1097501000 ---p 00000000 00:00 0 
7f1097501000-7f10975fe000 rw-p 00000000 00:00 0 
7f10975fe000-7f1097602000 ---p 00000000 00:00 0 
7f1097602000-7f10978ff000 rw-p 00000000 00:00 0 
7f10978ff000-7f1097aff000 rw-p 00000000 00:00 0 
7f1097aff000-7f1097cff000 rw-p 00000000 00:00 0 
7f1097cff000-7f1097d03000 ---p 00000000 00:00 0 
7f1097d03000-7f1098000000 rw-p 00000000 00:00 0 
7f1098000000-7f109804f000 rw-p 00000000 00:00 0 
7f109804f000-7f109c000000 ---p 00000000 00:00 0 
7f109c000000-7f109c021000 rw-p 00000000 00:00 0 
7f109c021000-7f10a0000000 ---p 00000000 00:00 0 
7f10a0000000-7f10a0021000 rw-p 00000000 00:00 0 
7f10a0021000-7f10a4000000 ---p 00000000 00:00 0 
7f10a4000000-7f10a4038000 rw-p 00000000 00:00 0 
7f10a4038000-7f10a8000000 ---p 00000000 00:00 0 
7f10a8000000-7f10a8021000 rw-p 00000000 00:00 0 
7f10a8021000-7f10ac000000 ---p 00000000 00:00 0 
7f10ac000000-7f10ac352000 rw-p 00000000 00:00 0 
7f10ac352000-7f10b0000000 ---p 00000000 00:00 0 
7f10b0000000-7f10b0021000 rw-p 00000000 00:00 0 
7f10b0021000-7f10b4000000 ---p 00000000 00:00 0 
7f10b4000000-7f10b5667000 rw-p 00000000 00:00 0 
7f10b5667000-7f10b8000000 ---p 00000000 00:00 0 
7f10b8000000-7f10b8021000 rw-p 00000000 00:00 0 
7f10b8021000-7f10bc000000 ---p 00000000 00:00 0 
7f10bc000000-7f10bc021000 rw-p 00000000 00:00 0 
7f10bc021000-7f10c0000000 ---p 00000000 00:00 0 
7f10c0000000-7f10c0b33000 rw-p 00000000 00:00 0 
7f10c0b33000-7f10c4000000 ---p 00000000 00:00 0 
7f10c4000000-7f10c4021000 rw-p 00000000 00:00 0 
7f10c4021000-7f10c8000000 ---p 00000000 00:00 0 
7f10c8000000-7f10c8021000 rw-p 00000000 00:00 0 
7f10c8021000-7f10cc000000 ---p 00000000 00:00 0 
7f10cc000000-7f10cd825000 rw-p 00000000 00:00 0 
7f10cd825000-7f10d0000000 ---p 00000000 00:00 0 
7f10d0000000-7f10d0021000 rw-p 00000000 00:00 0 
7f10d0021000-7f10d4000000 ---p 00000000 00:00 0 
7f10d4000000-7f10d4021000 rw-p 00000000 00:00 0 
7f10d4021000-7f10d8000000 ---p 00000000 00:00 0 
7f10d8000000-7f10d8021000 rw-p 00000000 00:00 0 
7f10d8021000-7f10dc000000 ---p 00000000 00:00 0 
7f10dc000000-7f10dc084000 rw-p 00000000 00:00 0 
7f10dc084000-7f10e0000000 ---p 00000000 00:00 0 
7f10e0000000-7f10e0021000 rw-p 00000000 00:00 0 
7f10e0021000-7f10e4000000 ---p 00000000 00:00 0 
7f10e4000000-7f10e4021000 rw-p 00000000 00:00 0 
7f10e4021000-7f10e8000000 ---p 00000000 00:00 0 
7f10e8069000-7f10e806d000 ---p 00000000 00:00 0 
7f10e806d000-7f10e836a000 rw-p 00000000 00:00 0 
7f10e8468000-7f10e8668000 rw-p 00000000 00:00 0 
7f10e86f8000-7f10e88f8000 rw-p 00000000 00:00 0 
7f10e88f8000-7f10e8ae0000 rw-p 00000000 00:00 0 
7f10e8ae0000-7f10e8af8000 ---p 00000000 00:00 0 
7f10e8af8000-7f10e8cf8000 rw-p 00000000 00:00 0 
7f10e8cf8000-7f10e8cfc000 ---p 00000000 00:00 0 
7f10e8cfc000-7f10e8ff9000 rw-p 00000000 00:00 0 
7f10e8ff9000-7f10e91f9000 rw-p 00000000 00:00 0 
7f10e91f9000-7f10e93e5000 rw-p 00000000 00:00 0 
7f10e93e5000-7f10e93f9000 ---p 00000000 00:00 0 
7f10e93f9000-7f10e95f9000 rw-p 00000000 00:00 0 
7f10e95f9000-7f10e97f9000 rw-p 00000000 00:00 0 
7f10e97f9000-7f10e99f9000 rw-p 00000000 00:00 0 
7f10e99f9000-7f10e99fa000 ---p 00000000 00:00 0 
7f10e99fa000-7f10e9afb000 rw-p 00000000 00:00 0 
7f10e9afb000-7f10e9afc000 ---p 00000000 00:00 0 
7f10e9afc000-7f10e9bfd000 rw-p 00000000 00:00 0 
7f10e9bfd000-7f10e9c01000 ---p 00000000 00:00 0 
7f10e9c01000-7f10e9efe000 rw-p 00000000 00:00 0 
7f10e9efe000-7f10e9eff000 ---p 00000000 00:00 0 
7f10e9eff000-7f10ec000000 rw-p 00000000 00:00 0 
7f10ec000000-7f10ec021000 rw-p 00000000 00:00 0 
7f10ec021000-7f10f0000000 ---p 00000000 00:00 0 
7f10f0030000-7f10f0230000 rw-p 00000000 00:00 0 
7f10f0230000-7f10f0528000 rw-p 00000000 00:00 0 
7f10f0528000-7f10f2118000 ---p 00000000 00:00 0 
7f10f2118000-7f10f2410000 rw-p 00000000 00:00 0 
7f10f2410000-7f10f4000000 ---p 00000000 00:00 0 
7f10f4000000-7f10f4021000 rw-p 00000000 00:00 0 
7f10f4021000-7f10f8000000 ---p 00000000 00:00 0 
7f10f8077000-7f10f8079000 r--p 00000000 08:01 25431568                   /usr/lib/jvm/java-11-openjdk/lib/libmanagement_ext.so
7f10f8079000-7f10f807b000 r-xp 00002000 08:01 25431568                   /usr/lib/jvm/java-11-openjdk/lib/libmanagement_ext.so
7f10f807b000-7f10f807c000 r--p 00004000 08:01 25431568                   /usr/lib/jvm/java-11-openjdk/lib/libmanagement_ext.so
7f10f807c000-7f10f807d000 ---p 00005000 08:01 25431568                   /usr/lib/jvm/java-11-openjdk/lib/libmanagement_ext.so
7f10f807d000-7f10f807e000 r--p 00005000 08:01 25431568                   /usr/lib/jvm/java-11-openjdk/lib/libmanagement_ext.so
7f10f807e000-7f10f807f000 rw-p 00006000 08:01 25431568                   /usr/lib/jvm/java-11-openjdk/lib/libmanagement_ext.so
7f10f807f000-7f10f8082000 r--p 00000000 08:01 25431564                   /usr/lib/jvm/java-11-openjdk/lib/libmanagement.so
7f10f8082000-7f10f8083000 r-xp 00003000 08:01 25431564                   /usr/lib/jvm/java-11-openjdk/lib/libmanagement.so
7f10f8083000-7f10f8084000 r--p 00004000 08:01 25431564                   /usr/lib/jvm/java-11-openjdk/lib/libmanagement.so
7f10f8084000-7f10f8085000 r--p 00004000 08:01 25431564                   /usr/lib/jvm/java-11-openjdk/lib/libmanagement.so
7f10f8085000-7f10f8086000 rw-p 00005000 08:01 25431564                   /usr/lib/jvm/java-11-openjdk/lib/libmanagement.so
7f10f8086000-7f10f808a000 ---p 00000000 00:00 0 
7f10f808a000-7f10f8187000 rw-p 00000000 00:00 0 
7f10f8187000-7f10f81ab000 r--p 00000000 08:01 25822930                   /usr/share/locale/sv/LC_MESSAGES/libc.mo
7f10f81ab000-7f10f81dc000 rw-p 00000000 00:00 0 
7f10f81dc000-7f10f81e0000 r--p 00000000 08:01 25431572                   /usr/lib/jvm/java-11-openjdk/lib/libnet.so
7f10f81e0000-7f10f81ef000 r-xp 00004000 08:01 25431572                   /usr/lib/jvm/java-11-openjdk/lib/libnet.so
7f10f81ef000-7f10f81f3000 r--p 00013000 08:01 25431572                   /usr/lib/jvm/java-11-openjdk/lib/libnet.so
7f10f81f3000-7f10f81f4000 r--p 00016000 08:01 25431572                   /usr/lib/jvm/java-11-openjdk/lib/libnet.so
7f10f81f4000-7f10f81f5000 rw-p 00017000 08:01 25431572                   /usr/lib/jvm/java-11-openjdk/lib/libnet.so
7f10f81f5000-7f10f81fc000 r--p 00000000 08:01 25431574                   /usr/lib/jvm/java-11-openjdk/lib/libnio.so
7f10f81fc000-7f10f8203000 r-xp 00007000 08:01 25431574                   /usr/lib/jvm/java-11-openjdk/lib/libnio.so
7f10f8203000-7f10f8206000 r--p 0000e000 08:01 25431574                   /usr/lib/jvm/java-11-openjdk/lib/libnio.so
7f10f8206000-7f10f8207000 r--p 00010000 08:01 25431574                   /usr/lib/jvm/java-11-openjdk/lib/libnio.so
7f10f8207000-7f10f8208000 rw-p 00011000 08:01 25431574                   /usr/lib/jvm/java-11-openjdk/lib/libnio.so
7f10f8208000-7f10f820c000 ---p 00000000 00:00 0 
7f10f820c000-7f10f8309000 rw-p 00000000 00:00 0 
7f10f8309000-7f10f830a000 ---p 00000000 00:00 0 
7f10f830a000-7f10f840b000 rw-p 00000000 00:00 0 
7f10f840b000-7f10f840f000 ---p 00000000 00:00 0 
7f10f840f000-7f10f850c000 rw-p 00000000 00:00 0 
7f10f850c000-7f10f8510000 ---p 00000000 00:00 0 
7f10f8510000-7f10f860d000 rw-p 00000000 00:00 0 
7f10f860d000-7f10f8611000 ---p 00000000 00:00 0 
7f10f8611000-7f10f870e000 rw-p 00000000 00:00 0 
7f10f870e000-7f10f8712000 ---p 00000000 00:00 0 
7f10f8712000-7f10f880f000 rw-p 00000000 00:00 0 
7f10f880f000-7f10f8813000 ---p 00000000 00:00 0 
7f10f8813000-7f10f8910000 rw-p 00000000 00:00 0 
7f10f8910000-7f10f8b80000 rwxp 00000000 00:00 0 
7f10f8b80000-7f10f8ea0000 ---p 00000000 00:00 0 
7f10f8ea0000-7f10f9a00000 rwxp 00000000 00:00 0 
7f10f9a00000-7f11003d8000 ---p 00000000 00:00 0 
7f11003d8000-7f11006d8000 rwxp 00000000 00:00 0 
7f11006d8000-7f1107910000 ---p 00000000 00:00 0 
7f1107910000-7f1110000000 r--s 00000000 08:01 25431589                   /usr/lib/jvm/java-11-openjdk/lib/modules
7f1110000000-7f1111877000 rw-p 00000000 00:00 0 
7f1111877000-7f1114000000 ---p 00000000 00:00 0 
7f1114001000-7f11145b2000 r--p 00000000 08:01 25183539                   /usr/lib/locale/locale-archive
7f11145b2000-7f11145b6000 ---p 00000000 00:00 0 
7f11145b6000-7f11146b3000 rw-p 00000000 00:00 0 
7f11146b3000-7f11146b7000 ---p 00000000 00:00 0 
7f11146b7000-7f11147b4000 rw-p 00000000 00:00 0 
7f11147b4000-7f11147b5000 ---p 00000000 00:00 0 
7f11147b5000-7f11151ba000 rw-p 00000000 00:00 0 
7f11151ba000-7f11151fc000 rw-p 00000000 00:00 0 
7f11151fc000-7f11151fd000 ---p 00000000 00:00 0 
7f11151fd000-7f11152fe000 rw-p 00000000 00:00 0 
7f11152fe000-7f11152ff000 ---p 00000000 00:00 0 
7f11152ff000-7f1115804000 rw-p 00000000 00:00 0 
7f1115804000-7f1115805000 ---p 00000000 00:00 0 
7f1115805000-7f1115906000 rw-p 00000000 00:00 0 
7f1115906000-7f1115907000 ---p 00000000 00:00 0 
7f1115907000-7f1115aa9000 rw-p 00000000 00:00 0 
7f1115aa9000-7f1115e27000 ---p 00000000 00:00 0 
7f1115e27000-7f1115e86000 rw-p 00000000 00:00 0 
7f1115e86000-7f1116204000 ---p 00000000 00:00 0 
7f1116204000-7f1116263000 rw-p 00000000 00:00 0 
7f1116263000-7f11165e1000 ---p 00000000 00:00 0 
7f11165e1000-7f11169e5000 rw-p 00000000 00:00 0 
7f11169e5000-7f11169e6000 ---p 00000000 00:00 0 
7f11169e6000-7f1116aed000 rw-p 00000000 00:00 0 
7f1116aed000-7f1116bd2000 ---p 00000000 00:00 0 
7f1116bd2000-7f1116be9000 rw-p 00000000 00:00 0 
7f1116be9000-7f1116cbd000 ---p 00000000 00:00 0 
7f1116cbd000-7f1116cc2000 rw-p 00000000 00:00 0 
7f1116cc2000-7f1116cc9000 ---p 00000000 00:00 0 
7f1116cc9000-7f1116ccb000 r--p 00000000 08:01 25431558                   /usr/lib/jvm/java-11-openjdk/lib/libjimage.so
7f1116ccb000-7f1116cce000 r-xp 00002000 08:01 25431558                   /usr/lib/jvm/java-11-openjdk/lib/libjimage.so
7f1116cce000-7f1116ccf000 r--p 00005000 08:01 25431558                   /usr/lib/jvm/java-11-openjdk/lib/libjimage.so
7f1116ccf000-7f1116cd0000 ---p 00006000 08:01 25431558                   /usr/lib/jvm/java-11-openjdk/lib/libjimage.so
7f1116cd0000-7f1116cd1000 r--p 00006000 08:01 25431558                   /usr/lib/jvm/java-11-openjdk/lib/libjimage.so
7f1116cd1000-7f1116cd2000 rw-p 00007000 08:01 25431558                   /usr/lib/jvm/java-11-openjdk/lib/libjimage.so
7f1116cd2000-7f1116cd4000 r--p 00000000 08:01 25431588                   /usr/lib/jvm/java-11-openjdk/lib/libzip.so
7f1116cd4000-7f1116cd8000 r-xp 00002000 08:01 25431588                   /usr/lib/jvm/java-11-openjdk/lib/libzip.so
7f1116cd8000-7f1116cda000 r--p 00006000 08:01 25431588                   /usr/lib/jvm/java-11-openjdk/lib/libzip.so
7f1116cda000-7f1116cdb000 r--p 00007000 08:01 25431588                   /usr/lib/jvm/java-11-openjdk/lib/libzip.so
7f1116cdb000-7f1116cdc000 rw-p 00008000 08:01 25431588                   /usr/lib/jvm/java-11-openjdk/lib/libzip.so
7f1116cdc000-7f1116cea000 r--p 00000000 08:01 25431552                   /usr/lib/jvm/java-11-openjdk/lib/libjava.so
7f1116cea000-7f1116cff000 r-xp 0000e000 08:01 25431552                   /usr/lib/jvm/java-11-openjdk/lib/libjava.so
7f1116cff000-7f1116d06000 r--p 00023000 08:01 25431552                   /usr/lib/jvm/java-11-openjdk/lib/libjava.so
7f1116d06000-7f1116d07000 r--p 00029000 08:01 25431552                   /usr/lib/jvm/java-11-openjdk/lib/libjava.so
7f1116d07000-7f1116d08000 rw-p 0002a000 08:01 25431552                   /usr/lib/jvm/java-11-openjdk/lib/libjava.so
7f1116d08000-7f1116d09000 rw-p 00000000 00:00 0 
7f1116d09000-7f1116d0c000 r--p 00000000 08:01 25176786                   /usr/lib/librt-2.31.so
7f1116d0c000-7f1116d10000 r-xp 00003000 08:01 25176786                   /usr/lib/librt-2.31.so
7f1116d10000-7f1116d11000 r--p 00007000 08:01 25176786                   /usr/lib/librt-2.31.so
7f1116d11000-7f1116d12000 ---p 00008000 08:01 25176786                   /usr/lib/librt-2.31.so
7f1116d12000-7f1116d13000 r--p 00008000 08:01 25176786                   /usr/lib/librt-2.31.so
7f1116d13000-7f1116d14000 rw-p 00009000 08:01 25176786                   /usr/lib/librt-2.31.so
7f1116d14000-7f1116d18000 ---p 00000000 00:00 0 
7f1116d18000-7f1116e15000 rw-p 00000000 00:00 0 
7f1116e15000-7f1116e18000 r--p 00000000 08:01 25170254                   /usr/lib/libgcc_s.so.1
7f1116e18000-7f1116e29000 r-xp 00003000 08:01 25170254                   /usr/lib/libgcc_s.so.1
7f1116e29000-7f1116e2d000 r--p 00014000 08:01 25170254                   /usr/lib/libgcc_s.so.1
7f1116e2d000-7f1116e2e000 r--p 00017000 08:01 25170254                   /usr/lib/libgcc_s.so.1
7f1116e2e000-7f1116e2f000 rw-p 00018000 08:01 25170254                   /usr/lib/libgcc_s.so.1
7f1116e2f000-7f1116e3e000 r--p 00000000 08:01 25175017                   /usr/lib/libm-2.31.so
7f1116e3e000-7f1116eda000 r-xp 0000f000 08:01 25175017                   /usr/lib/libm-2.31.so
7f1116eda000-7f1116f73000 r--p 000ab000 08:01 25175017                   /usr/lib/libm-2.31.so
7f1116f73000-7f1116f74000 r--p 00143000 08:01 25175017                   /usr/lib/libm-2.31.so
7f1116f74000-7f1116f75000 rw-p 00144000 08:01 25175017                   /usr/lib/libm-2.31.so
7f1116f75000-7f111700b000 r--p 00000000 08:01 25172068                   /usr/lib/libstdc++.so.6.0.28
7f111700b000-7f1117104000 r-xp 00096000 08:01 25172068                   /usr/lib/libstdc++.so.6.0.28
7f1117104000-7f111714d000 r--p 0018f000 08:01 25172068                   /usr/lib/libstdc++.so.6.0.28
7f111714d000-7f111715a000 r--p 001d7000 08:01 25172068                   /usr/lib/libstdc++.so.6.0.28
7f111715a000-7f111715b000 rw-p 001e4000 08:01 25172068                   /usr/lib/libstdc++.so.6.0.28
7f111715b000-7f111715e000 rw-p 00000000 00:00 0 
7f111715e000-7f11173ce000 r--p 00000000 08:01 28055245                   /usr/lib/jvm/java-11-openjdk/lib/server/libjvm.so
7f11173ce000-7f1117fa4000 r-xp 00270000 08:01 28055245                   /usr/lib/jvm/java-11-openjdk/lib/server/libjvm.so
7f1117fa4000-7f11181e5000 r--p 00e46000 08:01 28055245                   /usr/lib/jvm/java-11-openjdk/lib/server/libjvm.so
7f11181e5000-7f11181e6000 ---p 01087000 08:01 28055245                   /usr/lib/jvm/java-11-openjdk/lib/server/libjvm.so
7f11181e6000-7f11182a4000 r--p 01087000 08:01 28055245                   /usr/lib/jvm/java-11-openjdk/lib/server/libjvm.so
7f11182a4000-7f11182dd000 rw-p 01145000 08:01 28055245                   /usr/lib/jvm/java-11-openjdk/lib/server/libjvm.so
7f11182dd000-7f1118335000 rw-p 00000000 00:00 0 
7f1118335000-7f111833c000 r--p 00000000 08:01 25175045                   /usr/lib/libpthread-2.31.so
7f111833c000-7f111834c000 r-xp 00007000 08:01 25175045                   /usr/lib/libpthread-2.31.so
7f111834c000-7f1118351000 r--p 00017000 08:01 25175045                   /usr/lib/libpthread-2.31.so
7f1118351000-7f1118352000 r--p 0001b000 08:01 25175045                   /usr/lib/libpthread-2.31.so
7f1118352000-7f1118353000 rw-p 0001c000 08:01 25175045                   /usr/lib/libpthread-2.31.so
7f1118353000-7f1118357000 rw-p 00000000 00:00 0 
7f1118357000-7f1118358000 r--p 00000000 08:01 25175011                   /usr/lib/libdl-2.31.so
7f1118358000-7f1118359000 r-xp 00001000 08:01 25175011                   /usr/lib/libdl-2.31.so
7f1118359000-7f111835a000 r--p 00002000 08:01 25175011                   /usr/lib/libdl-2.31.so
7f111835a000-7f111835b000 r--p 00002000 08:01 25175011                   /usr/lib/libdl-2.31.so
7f111835b000-7f111835c000 rw-p 00003000 08:01 25175011                   /usr/lib/libdl-2.31.so
7f111835c000-7f111835f000 r--p 00000000 08:01 25172189                   /usr/lib/libz.so.1.2.11
7f111835f000-7f111836d000 r-xp 00003000 08:01 25172189                   /usr/lib/libz.so.1.2.11
7f111836d000-7f1118373000 r--p 00011000 08:01 25172189                   /usr/lib/libz.so.1.2.11
7f1118373000-7f1118374000 ---p 00017000 08:01 25172189                   /usr/lib/libz.so.1.2.11
7f1118374000-7f1118375000 r--p 00017000 08:01 25172189                   /usr/lib/libz.so.1.2.11
7f1118375000-7f1118376000 rw-p 00018000 08:01 25172189                   /usr/lib/libz.so.1.2.11
7f1118376000-7f111839b000 r--p 00000000 08:01 25175002                   /usr/lib/libc-2.31.so
7f111839b000-7f11184e7000 r-xp 00025000 08:01 25175002                   /usr/lib/libc-2.31.so
7f11184e7000-7f1118532000 r--p 00171000 08:01 25175002                   /usr/lib/libc-2.31.so
7f1118532000-7f1118535000 r--p 001bb000 08:01 25175002                   /usr/lib/libc-2.31.so
7f1118535000-7f1118538000 rw-p 001be000 08:01 25175002                   /usr/lib/libc-2.31.so
7f1118538000-7f111853c000 rw-p 00000000 00:00 0 
7f1118541000-7f1118549000 rw-s 00000000 00:2d 275                        /tmp/hsperfdata_simon/41619
7f1118549000-7f111854c000 r--p 00000000 08:01 25175038                   /usr/lib/libnss_files-2.31.so
7f111854c000-7f1118553000 r-xp 00003000 08:01 25175038                   /usr/lib/libnss_files-2.31.so
7f1118553000-7f1118555000 r--p 0000a000 08:01 25175038                   /usr/lib/libnss_files-2.31.so
7f1118555000-7f1118556000 r--p 0000b000 08:01 25175038                   /usr/lib/libnss_files-2.31.so
7f1118556000-7f1118557000 rw-p 0000c000 08:01 25175038                   /usr/lib/libnss_files-2.31.so
7f1118557000-7f111855d000 rw-p 00000000 00:00 0 
7f111855d000-7f111855e000 ---p 00000000 00:00 0 
7f111855e000-7f111855f000 r--p 00000000 00:00 0 
7f111855f000-7f1118564000 r--p 00000000 08:01 25431586                   /usr/lib/jvm/java-11-openjdk/lib/libverify.so
7f1118564000-7f111856b000 r-xp 00005000 08:01 25431586                   /usr/lib/jvm/java-11-openjdk/lib/libverify.so
7f111856b000-7f111856d000 r--p 0000c000 08:01 25431586                   /usr/lib/jvm/java-11-openjdk/lib/libverify.so
7f111856d000-7f111856e000 ---p 0000e000 08:01 25431586                   /usr/lib/jvm/java-11-openjdk/lib/libverify.so
7f111856e000-7f1118570000 r--p 0000e000 08:01 25431586                   /usr/lib/jvm/java-11-openjdk/lib/libverify.so
7f1118570000-7f1118571000 rw-p 00010000 08:01 25431586                   /usr/lib/jvm/java-11-openjdk/lib/libverify.so
7f1118571000-7f1118574000 r--p 00000000 08:01 28055235                   /usr/lib/jvm/java-11-openjdk/lib/jli/libjli.so
7f1118574000-7f111857e000 r-xp 00003000 08:01 28055235                   /usr/lib/jvm/java-11-openjdk/lib/jli/libjli.so
7f111857e000-7f1118581000 r--p 0000d000 08:01 28055235                   /usr/lib/jvm/java-11-openjdk/lib/jli/libjli.so
7f1118581000-7f1118582000 ---p 00010000 08:01 28055235                   /usr/lib/jvm/java-11-openjdk/lib/jli/libjli.so
7f1118582000-7f1118583000 r--p 00010000 08:01 28055235                   /usr/lib/jvm/java-11-openjdk/lib/jli/libjli.so
7f1118583000-7f1118584000 rw-p 00011000 08:01 28055235                   /usr/lib/jvm/java-11-openjdk/lib/jli/libjli.so
7f1118584000-7f1118586000 rw-p 00000000 00:00 0 
7f1118586000-7f1118588000 r--p 00000000 08:01 25174991                   /usr/lib/ld-2.31.so
7f1118588000-7f11185a8000 r-xp 00002000 08:01 25174991                   /usr/lib/ld-2.31.so
7f11185a8000-7f11185b0000 r--p 00022000 08:01 25174991                   /usr/lib/ld-2.31.so
7f11185b1000-7f11185b2000 r--p 0002a000 08:01 25174991                   /usr/lib/ld-2.31.so
7f11185b2000-7f11185b3000 rw-p 0002b000 08:01 25174991                   /usr/lib/ld-2.31.so
7f11185b3000-7f11185b4000 rw-p 00000000 00:00 0 
7ffc60380000-7ffc603a4000 rw-p 00000000 00:00 0                          [stack]
7ffc603af000-7ffc603b2000 r--p 00000000 00:00 0                          [vvar]
7ffc603b2000-7ffc603b3000 r-xp 00000000 00:00 0                          [vdso]
ffffffffff600000-ffffffffff601000 --xp 00000000 00:00 0                  [vsyscall]


VM Arguments:
jvm_args: -Dfile.encoding=UTF-8 -Duser.country=SE -Duser.language=sv -Duser.variant 
java_command: com.slimsimapps.avotingapp.AVotingAppApplication
java_class_path (initial): /home/simon/Dropbox/prog/a-voting-app/build/classes/java/main:/home/simon/Dropbox/prog/a-voting-app/build/resources/main:/home/simon/.gradle/caches/modules-2/files-2.1/org.webjars/bootstrap/4.4.1/3235ad9a283b32ebf1a385f90c41e03869de5ba9/bootstrap-4.4.1.jar:/home/simon/.gradle/caches/modules-2/files-2.1/org.webjars/jquery/3.5.0/4ced248309d23b3b9511f570a64e38300746f26/jquery-3.5.0.jar:/home/simon/.gradle/caches/modules-2/files-2.1/org.springframework.boot/spring-boot-starter-data-jpa/2.2.6.RELEASE/e6bfecf4694867d815514799ea23a937c623f496/spring-boot-starter-data-jpa-2.2.6.RELEASE.jar:/home/simon/.gradle/caches/modules-2/files-2.1/org.springframework.boot/spring-boot-starter-thymeleaf/2.2.6.RELEASE/4ea7956f653e37d12ee6d4bb14f14d6275223388/spring-boot-starter-thymeleaf-2.2.6.RELEASE.jar:/home/simon/.gradle/caches/modules-2/files-2.1/org.springframework.boot/spring-boot-starter-web/2.2.6.RELEASE/4f76853c40cd6c7a0214083b36cd8cfe7c5d7b48/spring-boot-starter-web-2.2.6.RELEASE.jar:/home/simon/.gradle/caches/modules-2/files-2.1/org.apache.derby/derby/10.14.2.0/7efad40ef52fbb1f08142f07a83b42d29e47d8ce/derby-10.14.2.0.jar:/home/simon/.gradle/caches/modules-2/files-2.1/org.webjars/popper.js/1.14.3/b882ad0d6393d5153f08be36253625f4e0b0eb4b/popper.js-1.14.3.jar:/home/simon/.gradle/caches/modules-2/files-2.1/org.springframework.boot/spring-boot-starter-aop/2.2.6.RELEASE/fc76ce1ca3725c25355703de2ff1015d6b8c80b6/spring-boot-starter-aop-2.2.6.RELEASE.jar:/home/simon/.gradle/caches/modules-2/files-2.1/org.springframework.boot/spring-boot-starter-jdbc/2.2.6.RELEASE/ca8051a3df9eb7355728f1caf22891eec97b9b92/spring-boot-starter-jdbc-2.2.6.RELEASE.jar:/home/simon/.gradle/caches/modules-2/files-2.1/org.hibernate/hibernate-core/5.4.12.Final/7813daed21576920450443097d69823245d112d2/hibernate-core-5.4.12.Final.jar:/home/simon/.gradle/caches/modules-2/files-2.1/org.glassfish.jaxb/jaxb-runtime/2.3.2/5528bc882ea499a09d720b42af11785c4fc6be2a/jaxb-runtime-2.3.2.jar:/home/
Launcher Type: SUN_STANDARD

[Global flags]
     intx CICompilerCount                          = 3                                         {product} {ergonomic}
     uint ConcGCThreads                            = 1                                         {product} {ergonomic}
     uint G1ConcRefinementThreads                  = 4                                         {product} {ergonomic}
   size_t G1HeapRegionSize                         = 1048576                                   {product} {ergonomic}
    uintx GCDrainStackTargetSize                   = 64                                        {product} {ergonomic}
   size_t InitialHeapSize                          = 130023424                                 {product} {ergonomic}
   size_t MarkStackSize                            = 4194304                                   {product} {ergonomic}
   size_t MaxHeapSize                              = 2074083328                                {product} {ergonomic}
   size_t MaxNewSize                               = 1243611136                                {product} {ergonomic}
   size_t MinHeapDeltaBytes                        = 1048576                                   {product} {ergonomic}
    uintx NonNMethodCodeHeapSize                   = 5830732                                {pd product} {ergonomic}
    uintx NonProfiledCodeHeapSize                  = 122913754                              {pd product} {ergonomic}
    uintx ProfiledCodeHeapSize                     = 122913754                              {pd product} {ergonomic}
    uintx ReservedCodeCacheSize                    = 251658240                              {pd product} {ergonomic}
     bool SegmentedCodeCache                       = true                                      {product} {ergonomic}
     bool UseCompressedClassPointers               = true                                 {lp64_product} {ergonomic}
     bool UseCompressedOops                        = true                                 {lp64_product} {ergonomic}
     bool UseG1GC                                  = true                                      {product} {ergonomic}

Logging:
Log output configuration:
 #0: stdout all=warning uptime,level,tags
 #1: stderr all=off uptime,level,tags

Environment Variables:
PATH=/home/simon/.local/bin:/usr/local/bin:/usr/bin:/bin:/usr/local/sbin:/usr/lib/jvm/default/bin:/usr/bin/site_perl:/usr/bin/vendor_perl:/usr/bin/core_perl:/var/lib/snapd/snap/bin
SHELL=/bin/bash
DISPLAY=:0

Signal Handlers:
SIGSEGV: [libjvm.so+0xdd1b00], sa_mask[0]=11111111011111111101111111111110, sa_flags=SA_RESTART|SA_SIGINFO
SIGBUS: [libjvm.so+0xdd1b00], sa_mask[0]=11111111011111111101111111111110, sa_flags=SA_RESTART|SA_SIGINFO
SIGFPE: [libjvm.so+0xdd1b00], sa_mask[0]=11111111011111111101111111111110, sa_flags=SA_RESTART|SA_SIGINFO
SIGPIPE: [libjvm.so+0xbc6960], sa_mask[0]=11111111011111111101111111111110, sa_flags=SA_RESTART|SA_SIGINFO
SIGXFSZ: [libjvm.so+0xbc6960], sa_mask[0]=11111111011111111101111111111110, sa_flags=SA_RESTART|SA_SIGINFO
SIGILL: [libjvm.so+0xdd1b00], sa_mask[0]=11111111011111111101111111111110, sa_flags=SA_RESTART|SA_SIGINFO
SIGUSR2: [libjvm.so+0xbc67f0], sa_mask[0]=00100000000000000000000000000000, sa_flags=SA_RESTART|SA_SIGINFO
SIGHUP: [libjvm.so+0xbc6ce0], sa_mask[0]=11111111011111111101111111111110, sa_flags=SA_RESTART|SA_SIGINFO
SIGINT: [libjvm.so+0xbc6ce0], sa_mask[0]=11111111011111111101111111111110, sa_flags=SA_RESTART|SA_SIGINFO
SIGTERM: [libjvm.so+0xbc6ce0], sa_mask[0]=11111111011111111101111111111110, sa_flags=SA_RESTART|SA_SIGINFO
SIGQUIT: [libjvm.so+0xbc6ce0], sa_mask[0]=11111111011111111101111111111110, sa_flags=SA_RESTART|SA_SIGINFO


---------------  S Y S T E M  ---------------

OS:DISTRIB_ID=ManjaroLinux
DISTRIB_RELEASE=19.0.2
DISTRIB_CODENAME=Kyria
DISTRIB_DESCRIPTION="Manjaro Linux"
uname:Linux 5.4.31-1-MANJARO #1 SMP PREEMPT Wed Apr 8 10:25:32 UTC 2020 x86_64
libc:glibc 2.31 NPTL 2.31 
rlimit: STACK 8192k, CORE infinity, NPROC 31551, NOFILE 524288, AS infinity, DATA infinity, FSIZE infinity
load average:1,07 0,60 0,95

/proc/meminfo:
MemTotal:        8096652 kB
MemFree:          621388 kB
MemAvailable:    1323228 kB
Buffers:           77196 kB
Cached:          1701252 kB
SwapCached:       182196 kB
Active:          5170436 kB
Inactive:        1811452 kB
Active(anon):    4774748 kB
Inactive(anon):  1329848 kB
Active(file):     395688 kB
Inactive(file):   481604 kB
Unevictable:           0 kB
Mlocked:               0 kB
SwapTotal:       9227464 kB
SwapFree:        8837364 kB
Dirty:              2200 kB
Writeback:             8 kB
AnonPages:       5197160 kB
Mapped:           668036 kB
Shmem:            900992 kB
KReclaimable:      91612 kB
Slab:             174196 kB
SReclaimable:      91612 kB
SUnreclaim:        82584 kB
KernelStack:       19984 kB
PageTables:        53148 kB
NFS_Unstable:          0 kB
Bounce:                0 kB
WritebackTmp:          0 kB
CommitLimit:    13275788 kB
Committed_AS:   16941008 kB
VmallocTotal:   34359738367 kB
VmallocUsed:       47528 kB
VmallocChunk:          0 kB
Percpu:             1936 kB
HardwareCorrupted:     0 kB
AnonHugePages:         0 kB
ShmemHugePages:        0 kB
ShmemPmdMapped:        0 kB
FileHugePages:         0 kB
FilePmdMapped:         0 kB
HugePages_Total:       0
HugePages_Free:        0
HugePages_Rsvd:        0
HugePages_Surp:        0
Hugepagesize:       2048 kB
Hugetlb:               0 kB
DirectMap4k:     3701876 kB
DirectMap2M:     4628480 kB
DirectMap1G:           0 kB


/proc/sys/kernel/threads-max (system-wide limit on the number of threads):
63103


/proc/sys/vm/max_map_count (maximum number of memory map areas a process may have):
65530


/proc/sys/kernel/pid_max (system-wide limit on number of process identifiers):
4194304



container (cgroup) information:
container_type: cgroupv1
cpu_cpuset_cpus: 0-3
cpu_memory_nodes: 0
active_processor_count: 4
cpu_quota: -1
cpu_period: 100000
cpu_shares: -1
memory_limit_in_bytes: -1
memory_and_swap_limit_in_bytes: -1
memory_soft_limit_in_bytes: -1
memory_usage_in_bytes: 7008112640
memory_max_usage_in_bytes: 7588687872

Steal ticks since vm start: 0
Steal ticks percentage since vm start:  0,000

CPU:total 4 (initial active 4) (4 cores per cpu, 1 threads per core) family 6 model 60 stepping 3, cmov, cx8, fxsr, mmx, sse, sse2, sse3, ssse3, sse4.1, sse4.2, popcnt, avx, avx2, aes, clmul, erms, lzcnt, tsc, tscinvbit, bmi1, bmi2, fma
CPU Model and flags from /proc/cpuinfo:
model name	: Intel(R) Core(TM) i5-4690K CPU @ 3.50GHz
flags		: fpu vme de pse tsc msr pae mce cx8 apic sep mtrr pge mca cmov pat pse36 clflush dts acpi mmx fxsr sse sse2 ss ht tm pbe syscall nx pdpe1gb rdtscp lm constant_tsc arch_perfmon pebs bts rep_good nopl xtopology nonstop_tsc cpuid aperfmperf pni pclmulqdq dtes64 monitor ds_cpl vmx est tm2 ssse3 sdbg fma cx16 xtpr pdcm pcid sse4_1 sse4_2 x2apic movbe popcnt tsc_deadline_timer aes xsave avx f16c rdrand lahf_lm abm cpuid_fault epb invpcid_single pti ssbd ibrs ibpb stibp tpr_shadow vnmi flexpriority ept vpid ept_ad fsgsbase tsc_adjust bmi1 avx2 smep bmi2 erms invpcid xsaveopt dtherm ida arat pln pts md_clear flush_l1d

Memory: 4k page, physical 8096652k(621388k free), swap 9227464k(8837364k free)

vm_info: OpenJDK 64-Bit Server VM (11.0.6+10) for linux-amd64 JRE (11.0.6+10), built on Jan 17 2020 06:39:31 by "builduser" with gcc 9.2.0

END.
