#
# A fatal error has been detected by the Java Runtime Environment:
#
#  SIGSEGV (0xb) at pc=0x00007f0d5867b83b, pid=45285, tid=45290
#
# JRE version: OpenJDK Runtime Environment (11.0.6+10) (build 11.0.6+10)
# Java VM: OpenJDK 64-Bit Server VM (11.0.6+10, mixed mode, tiered, compressed oops, g1 gc, linux-amd64)
# Problematic frame:
# V  [libjvm.so+0x75683b]
#
# Core dump will be written. Default location: Core dumps may be processed with "/usr/lib/systemd/systemd-coredump %P %u %g %s %t %c %h" (or dumping to /home/simon/Dropbox/prog/a-voting-app/core.45285)
#
# If you would like to submit a bug report, please visit:
#   http://bugreport.java.com/bugreport/crash.jsp
#

---------------  S U M M A R Y ------------

Command Line: -Dfile.encoding=UTF-8 -Duser.country=SE -Duser.language=sv -Duser.variant com.slimsimapps.avotingapp.AVotingAppApplication

Host: Intel(R) Core(TM) i5-4690K CPU @ 3.50GHz, 4 cores, 7G, Manjaro Linux
Time: Tue Apr 28 16:00:33 2020 CEST elapsed time: 1 seconds (0d 0h 0m 1s)

---------------  T H R E A D  ---------------

Current thread (0x00007f0d50062000):  ConcurrentGCThread "G1 Conc#0" [stack: 0x00007f0d546e5000,0x00007f0d547e5000] [id=45290]

Stack: [0x00007f0d546e5000,0x00007f0d547e5000],  sp=0x00007f0d547e3d10,  free space=1019k
Native frames: (J=compiled Java code, A=aot compiled Java code, j=interpreted, Vv=VM code, C=native code)
V  [libjvm.so+0x75683b]
V  [libjvm.so+0x754ece]
V  [libjvm.so+0xdff06e]
V  [libjvm.so+0xd63178]
V  [libjvm.so+0xbcf701]


siginfo: si_signo: 11 (SIGSEGV), si_code: 1 (SEGV_MAPERR), si_addr: 0x0000000000000160

Register to memory mapping:

RAX=0x0 is NULL
RBX=0x0000000008000000 is an unknown value
RCX=0x0000000000000014 is an unknown value
RDX=0x0000000100002308 is pointing into metadata
RSP=0x00007f0d547e3d10 points into unknown readable memory: b8 60 00 00 01 00 00 00
RBP=0x00007f0d547e3d60 points into unknown readable memory: 00 3e 7e 54 0d 7f 00 00
RSI=0x00007f0d54937bd0 points into unknown readable memory: 01 80 40 41 00 00 40 00
RDI=0x0000000000000080 is an unknown value
R8 =0x00007f0d500577a0 points into unknown readable memory: 00 00 06 50 0d 7f 00 00
R9 =0x0000000000000001 is an unknown value
R10=0x00007f0d5846f980: <offset 0x000000000054a980> in /usr/lib/jvm/java-11-openjdk/lib/server/libjvm.so at 0x00007f0d57f25000
R11=0x000000008b34dcc8 is pointing into object: java.lang.Class 
{0x000000008b34dc78} - klass: 'java/lang/Class'
R12=0x000000008b34dcac is pointing into object: java.lang.Class 
{0x000000008b34dc78} - klass: 'java/lang/Class'
R13=0x00007f0d547e3da0 points into unknown readable memory: 00 94 fb 58 0d 7f 00 00
R14=0x000000008b34dc78 is an oop: java.lang.Class 
{0x000000008b34dc78} - klass: 'java/lang/Class'
R15=0x0 is NULL


Registers:
RAX=0x0000000000000000, RBX=0x0000000008000000, RCX=0x0000000000000014, RDX=0x0000000100002308
RSP=0x00007f0d547e3d10, RBP=0x00007f0d547e3d60, RSI=0x00007f0d54937bd0, RDI=0x0000000000000080
R8 =0x00007f0d500577a0, R9 =0x0000000000000001, R10=0x00007f0d5846f980, R11=0x000000008b34dcc8
R12=0x000000008b34dcac, R13=0x00007f0d547e3da0, R14=0x000000008b34dc78, R15=0x0000000000000000
RIP=0x00007f0d5867b83b, EFLAGS=0x0000000000010202, CSGSFS=0x002b000000000033, ERR=0x0000000000000004
  TRAPNO=0x000000000000000e

Top of Stack: (sp=0x00007f0d547e3d10)
0x00007f0d547e3d10:   00000001000060b8 00007f0d5867b5a3
0x00007f0d547e3d20:   00007f0d500577a0 0000000100002310
0x00007f0d547e3d30:   00007f0d547e3d60 000000008b34dcf0
0x00007f0d547e3d40:   00007f0d548e5bd0 0000000000000240 

Instructions: (pc=0x00007f0d5867b83b)
0x00007f0d5867b73b:   c1 0f eb cc 90 48 83 46 58 01 eb d3 66 0f 1f 84
0x00007f0d5867b74b:   00 00 00 00 00 48 8b 73 08 e9 5d ff ff ff 0f 1f
0x00007f0d5867b75b:   80 00 00 00 00 48 8b 46 08 e9 23 fe ff ff 0f 1f
0x00007f0d5867b76b:   80 00 00 00 00 55 31 c9 48 89 e5 41 57 41 56 49
0x00007f0d5867b77b:   89 f6 41 55 49 89 fd 41 54 4c 89 ee 53 48 89 d3
0x00007f0d5867b78b:   48 83 ec 28 48 8b ba 98 00 00 00 ba 01 00 00 00
0x00007f0d5867b79b:   67 e8 3f 55 e6 ff 48 89 df 67 e8 d6 55 2c 00 48
0x00007f0d5867b7ab:   63 93 34 01 00 00 4c 8d 15 c8 41 df ff 49 89 c0
0x00007f0d5867b7bb:   48 63 83 c4 00 00 00 48 01 d0 49 8d 14 c0 8b 83
0x00007f0d5867b7cb:   30 01 00 00 48 8d 04 c2 48 89 45 c8 48 39 c2 0f
0x00007f0d5867b7db:   83 eb 00 00 00 4c 63 22 8b 42 04 4d 01 f4 4d 8d
0x00007f0d5867b7eb:   1c 84 4d 39 dc 0f 83 c7 00 00 00 66 2e 0f 1f 84
0x00007f0d5867b7fb:   00 00 00 00 00 41 8b 1c 24 85 db 0f 84 a4 00 00
0x00007f0d5867b80b:   00 48 8d 05 cd f6 a0 00 4d 8b 45 18 8b 48 08 48
0x00007f0d5867b81b:   d3 e3 48 03 18 49 8b 40 08 48 89 df 8b 88 c0 02
0x00007f0d5867b82b:   00 00 48 8b 80 b0 02 00 00 48 d3 ef 48 8b 04 f8
0x00007f0d5867b83b:   48 3b 98 60 01 00 00 73 6c 49 8b b0 90 00 00 00
0x00007f0d5867b84b:   48 89 d9 45 8b 7d 20 48 2b 0e 48 89 c8 8b 4e 10
0x00007f0d5867b85b:   48 c1 e8 03 48 d3 e8 48 89 c1 48 89 c7 48 8b 46
0x00007f0d5867b86b:   18 48 c1 ef 06 83 e1 3f 48 8d 34 f8 b8 01 00 00
0x00007f0d5867b87b:   00 48 d3 e0 48 8b 0e 49 89 c1 eb 1d 66 0f 1f 84
0x00007f0d5867b88b:   00 00 00 00 00 48 89 c8 f0 48 0f b1 3e 48 39 c1
0x00007f0d5867b89b:   0f 84 3f 01 00 00 48 89 c1 4c 89 cf 48 09 cf 48
0x00007f0d5867b8ab:   39 f9 75 e1 90 49 83 c4 04 4d 39 e3 0f 87 43 ff
0x00007f0d5867b8bb:   ff ff 48 83 c2 08 48 39 55 c8 0f 87 15 ff ff ff
0x00007f0d5867b8cb:   4c 89 f7 67 e8 4c 7f 10 00 48 85 c0 74 17 48 8b
0x00007f0d5867b8db:   b8 98 00 00 00 31 c9 ba 01 00 00 00 4c 89 ee 67
0x00007f0d5867b8eb:   e8 f0 53 e6 ff 48 8d 05 b9 d5 a3 00 4c 89 f7 4c
0x00007f0d5867b8fb:   63 38 67 e8 6d 7c 10 00 4d 01 f7 48 98 4d 8d 24
0x00007f0d5867b90b:   87 4d 39 e7 0f 83 b8 00 00 00 0f 1f 00 41 8b 1f
0x00007f0d5867b91b:   85 db 0f 84 9d 00 00 00 48 8d 05 b6 f5 a0 00 49
0x00007f0d5867b92b:   8b 55 18 8b 48 08 48 d3 e3 48 03 18 48 8b 42 08 


Stack slot to memory mapping:
stack at sp + 0 slots: 0x00000001000060b8 is a pointer to class: 
java.lang.ref.WeakReference {0x00000001000060b8}
stack at sp + 1 slots: 0x00007f0d5867b5a3: <offset 0x00000000007565a3> in /usr/lib/jvm/java-11-openjdk/lib/server/libjvm.so at 0x00007f0d57f25000
stack at sp + 2 slots: 0x00007f0d500577a0 points into unknown readable memory: 00 00 06 50 0d 7f 00 00
stack at sp + 3 slots: 0x0000000100002310 is a pointer to class: 
java.lang.Cloneable {0x0000000100002310}
stack at sp + 4 slots: 0x00007f0d547e3d60 points into unknown readable memory: 00 3e 7e 54 0d 7f 00 00
stack at sp + 5 slots: 0x000000008b34dcf0 is an oop: java.lang.Class 
{0x000000008b34dcf0} - klass: 'java/lang/Class'
stack at sp + 6 slots: 0x00007f0d548e5bd0 points into unknown readable memory: d0 94 fb 58 0d 7f 00 00
stack at sp + 7 slots: 0x0000000000000240 is an unknown value


---------------  P R O C E S S  ---------------

Threads class SMR info:
_java_thread_list=0x00007f0ce433a0f0, length=10, elements={
0x00007f0d50017000, 0x00007f0d50144800, 0x00007f0d50148800, 0x00007f0d5015b000,
0x00007f0d5015d800, 0x00007f0d5015f800, 0x00007f0d50161800, 0x00007f0d501d0800,
0x00007f0d501e2000, 0x00007f0d08150000
}

Java Threads: ( => current thread )
  0x00007f0d50017000 JavaThread "main" [_thread_in_vm, id=45287, stack(0x00007f0d57adb000,0x00007f0d57bdc000)]
  0x00007f0d50144800 JavaThread "Reference Handler" daemon [_thread_blocked, id=45294, stack(0x00007f0d1beff000,0x00007f0d1c000000)]
  0x00007f0d50148800 JavaThread "Finalizer" daemon [_thread_blocked, id=45295, stack(0x00007f0d1bdfe000,0x00007f0d1beff000)]
  0x00007f0d5015b000 JavaThread "Signal Dispatcher" daemon [_thread_blocked, id=45296, stack(0x00007f0d1b74c000,0x00007f0d1b84d000)]
  0x00007f0d5015d800 JavaThread "C2 CompilerThread0" daemon [_thread_in_native, id=45297, stack(0x00007f0d1b64b000,0x00007f0d1b74c000)]
  0x00007f0d5015f800 JavaThread "C1 CompilerThread0" daemon [_thread_blocked, id=45298, stack(0x00007f0d1b54a000,0x00007f0d1b64b000)]
  0x00007f0d50161800 JavaThread "Sweeper thread" daemon [_thread_blocked, id=45299, stack(0x00007f0d1b449000,0x00007f0d1b54a000)]
  0x00007f0d501d0800 JavaThread "Service Thread" daemon [_thread_blocked, id=45300, stack(0x00007f0d1b348000,0x00007f0d1b449000)]
  0x00007f0d501e2000 JavaThread "Common-Cleaner" daemon [_thread_blocked, id=45302, stack(0x00007f0d1b145000,0x00007f0d1b246000)]
  0x00007f0d08150000 JavaThread "C2 CompilerThread1" daemon [_thread_blocked, id=45303, stack(0x00007f0d1b044000,0x00007f0d1b145000)]

Other Threads:
  0x00007f0d5013c800 VMThread "VM Thread" [stack: 0x00007f0d30018000,0x00007f0d30118000] [id=45293]
  0x00007f0d501d3000 WatcherThread [stack: 0x00007f0d1b248000,0x00007f0d1b348000] [id=45301]
  0x00007f0d5002f000 GCTaskThread "GC Thread#0" [stack: 0x00007f0d577ae000,0x00007f0d578ae000] [id=45288]
  0x00007f0d20001000 GCTaskThread "GC Thread#1" [stack: 0x00007f0d1ad44000,0x00007f0d1ae44000] [id=45304]
  0x00007f0d2000b800 GCTaskThread "GC Thread#2" [stack: 0x00007f0d1a541000,0x00007f0d1a641000] [id=45306]
  0x00007f0d2000d000 GCTaskThread "GC Thread#3" [stack: 0x00007f0d19fdb000,0x00007f0d1a0db000] [id=45307]
  0x00007f0d50060000 ConcurrentGCThread "G1 Main Marker" [stack: 0x00007f0d547e7000,0x00007f0d548e7000] [id=45289]
=>0x00007f0d50062000 ConcurrentGCThread "G1 Conc#0" [stack: 0x00007f0d546e5000,0x00007f0d547e5000] [id=45290]
  0x00007f0d500da000 ConcurrentGCThread "G1 Refine#0" [stack: 0x00007f0d541df000,0x00007f0d542df000] [id=45291]
  0x00007f0d500dc000 ConcurrentGCThread "G1 Young RemSet Sampling" [stack: 0x00007f0d540dd000,0x00007f0d541dd000] [id=45292]

Threads with active compile tasks:
C2 CompilerThread0   1715 3121 %     4       sun.nio.cs.UTF_8$Decoder::decodeArrayLoop @ 73 (691 bytes)

VM state:not at safepoint (normal execution)

VM Mutex/Monitor currently owned by a thread: None

Heap address: 0x0000000084600000, size: 1978 MB, Compressed Oops mode: 32-bit
Narrow klass base: 0x0000000000000000, Narrow klass shift: 3
Compressed class space size: 1073741824 Address: 0x0000000100000000

Heap:
 garbage-first heap   total 162816K, used 15743K [0x0000000084600000, 0x0000000100000000)
  region size 1024K, 9 young (9216K), 6 survivors (6144K)
 Metaspace       used 34822K, capacity 35665K, committed 35840K, reserved 1081344K
  class space    used 4166K, capacity 4544K, committed 4608K, reserved 1048576K
Heap Regions: E=young(eden), S=young(survivor), O=old, HS=humongous(starts), HC=humongous(continues), CS=collection set, F=free, A=archive, TAMS=top-at-mark-start (previous, next)
|   0|0x0000000084600000, 0x0000000084700000, 0x0000000084700000|100%|HS|  |TAMS 0x0000000084700000, 0x0000000084700000| Complete 
|   1|0x0000000084700000, 0x0000000084800000, 0x0000000084800000|100%| O|  |TAMS 0x0000000084800000, 0x0000000084800000| Untracked 
|   2|0x0000000084800000, 0x0000000084900000, 0x0000000084900000|100%| O|  |TAMS 0x0000000084900000, 0x0000000084900000| Untracked 
|   3|0x0000000084900000, 0x0000000084a00000, 0x0000000084a00000|100%| O|  |TAMS 0x00000000849af400, 0x0000000084a00000| Untracked 
|   4|0x0000000084a00000, 0x0000000084b00000, 0x0000000084b00000|100%| O|  |TAMS 0x0000000084a00000, 0x0000000084b00000| Untracked 
|   5|0x0000000084b00000, 0x0000000084c00000, 0x0000000084c00000|100%| O|  |TAMS 0x0000000084b00000, 0x0000000084c00000| Untracked 
|   6|0x0000000084c00000, 0x0000000084d00000, 0x0000000084d00000|100%| O|  |TAMS 0x0000000084c00000, 0x0000000084d00000| Untracked 
|   7|0x0000000084d00000, 0x0000000084ddfe00, 0x0000000084e00000| 87%| O|  |TAMS 0x0000000084d00000, 0x0000000084ddfe00| Untracked 
|   8|0x0000000084e00000, 0x0000000084e00000, 0x0000000084f00000|  0%| F|  |TAMS 0x0000000084e00000, 0x0000000084e00000| Untracked 
|   9|0x0000000084f00000, 0x0000000084f00000, 0x0000000085000000|  0%| F|  |TAMS 0x0000000084f00000, 0x0000000084f00000| Untracked 
|  10|0x0000000085000000, 0x0000000085000000, 0x0000000085100000|  0%| F|  |TAMS 0x0000000085000000, 0x0000000085000000| Untracked 
|  11|0x0000000085100000, 0x0000000085100000, 0x0000000085200000|  0%| F|  |TAMS 0x0000000085100000, 0x0000000085100000| Untracked 
|  12|0x0000000085200000, 0x0000000085200000, 0x0000000085300000|  0%| F|  |TAMS 0x0000000085200000, 0x0000000085200000| Untracked 
|  13|0x0000000085300000, 0x0000000085300000, 0x0000000085400000|  0%| F|  |TAMS 0x0000000085300000, 0x0000000085300000| Untracked 
|  14|0x0000000085400000, 0x0000000085400000, 0x0000000085500000|  0%| F|  |TAMS 0x0000000085400000, 0x0000000085400000| Untracked 
|  15|0x0000000085500000, 0x0000000085500000, 0x0000000085600000|  0%| F|  |TAMS 0x0000000085500000, 0x0000000085500000| Untracked 
|  16|0x0000000085600000, 0x0000000085600000, 0x0000000085700000|  0%| F|  |TAMS 0x0000000085600000, 0x0000000085600000| Untracked 
|  17|0x0000000085700000, 0x0000000085700000, 0x0000000085800000|  0%| F|  |TAMS 0x0000000085700000, 0x0000000085700000| Untracked 
|  18|0x0000000085800000, 0x0000000085800000, 0x0000000085900000|  0%| F|  |TAMS 0x0000000085800000, 0x0000000085800000| Untracked 
|  19|0x0000000085900000, 0x0000000085900000, 0x0000000085a00000|  0%| F|  |TAMS 0x0000000085900000, 0x0000000085900000| Untracked 
|  20|0x0000000085a00000, 0x0000000085a00000, 0x0000000085b00000|  0%| F|  |TAMS 0x0000000085a00000, 0x0000000085a00000| Untracked 
|  21|0x0000000085b00000, 0x0000000085b00000, 0x0000000085c00000|  0%| F|  |TAMS 0x0000000085b00000, 0x0000000085b00000| Untracked 
|  22|0x0000000085c00000, 0x0000000085c00000, 0x0000000085d00000|  0%| F|  |TAMS 0x0000000085c00000, 0x0000000085c00000| Untracked 
|  23|0x0000000085d00000, 0x0000000085d00000, 0x0000000085e00000|  0%| F|  |TAMS 0x0000000085d00000, 0x0000000085d00000| Untracked 
|  24|0x0000000085e00000, 0x0000000085e00000, 0x0000000085f00000|  0%| F|  |TAMS 0x0000000085e00000, 0x0000000085e00000| Untracked 
|  25|0x0000000085f00000, 0x0000000085f00000, 0x0000000086000000|  0%| F|  |TAMS 0x0000000085f00000, 0x0000000085f00000| Untracked 
|  26|0x0000000086000000, 0x0000000086000000, 0x0000000086100000|  0%| F|  |TAMS 0x0000000086000000, 0x0000000086000000| Untracked 
|  27|0x0000000086100000, 0x0000000086100000, 0x0000000086200000|  0%| F|  |TAMS 0x0000000086100000, 0x0000000086100000| Untracked 
|  28|0x0000000086200000, 0x0000000086200000, 0x0000000086300000|  0%| F|  |TAMS 0x0000000086200000, 0x0000000086200000| Untracked 
|  29|0x0000000086300000, 0x0000000086300000, 0x0000000086400000|  0%| F|  |TAMS 0x0000000086300000, 0x0000000086300000| Untracked 
|  30|0x0000000086400000, 0x0000000086400000, 0x0000000086500000|  0%| F|  |TAMS 0x0000000086400000, 0x0000000086400000| Untracked 
|  31|0x0000000086500000, 0x0000000086500000, 0x0000000086600000|  0%| F|  |TAMS 0x0000000086500000, 0x0000000086500000| Untracked 
|  32|0x0000000086600000, 0x0000000086600000, 0x0000000086700000|  0%| F|  |TAMS 0x0000000086600000, 0x0000000086600000| Untracked 
|  33|0x0000000086700000, 0x0000000086700000, 0x0000000086800000|  0%| F|  |TAMS 0x0000000086700000, 0x0000000086700000| Untracked 
|  34|0x0000000086800000, 0x0000000086800000, 0x0000000086900000|  0%| F|  |TAMS 0x0000000086800000, 0x0000000086800000| Untracked 
|  35|0x0000000086900000, 0x0000000086900000, 0x0000000086a00000|  0%| F|  |TAMS 0x0000000086900000, 0x0000000086900000| Untracked 
|  36|0x0000000086a00000, 0x0000000086a00000, 0x0000000086b00000|  0%| F|  |TAMS 0x0000000086a00000, 0x0000000086a00000| Untracked 
|  37|0x0000000086b00000, 0x0000000086b00000, 0x0000000086c00000|  0%| F|  |TAMS 0x0000000086b00000, 0x0000000086b00000| Untracked 
|  38|0x0000000086c00000, 0x0000000086c00000, 0x0000000086d00000|  0%| F|  |TAMS 0x0000000086c00000, 0x0000000086c00000| Untracked 
|  39|0x0000000086d00000, 0x0000000086d00000, 0x0000000086e00000|  0%| F|  |TAMS 0x0000000086d00000, 0x0000000086d00000| Untracked 
|  40|0x0000000086e00000, 0x0000000086e00000, 0x0000000086f00000|  0%| F|  |TAMS 0x0000000086e00000, 0x0000000086e00000| Untracked 
|  41|0x0000000086f00000, 0x0000000086f00000, 0x0000000087000000|  0%| F|  |TAMS 0x0000000086f00000, 0x0000000086f00000| Untracked 
|  42|0x0000000087000000, 0x0000000087000000, 0x0000000087100000|  0%| F|  |TAMS 0x0000000087000000, 0x0000000087000000| Untracked 
|  43|0x0000000087100000, 0x0000000087100000, 0x0000000087200000|  0%| F|  |TAMS 0x0000000087100000, 0x0000000087100000| Untracked 
|  44|0x0000000087200000, 0x0000000087200000, 0x0000000087300000|  0%| F|  |TAMS 0x0000000087200000, 0x0000000087200000| Untracked 
|  45|0x0000000087300000, 0x0000000087300000, 0x0000000087400000|  0%| F|  |TAMS 0x0000000087300000, 0x0000000087300000| Untracked 
|  46|0x0000000087400000, 0x0000000087400000, 0x0000000087500000|  0%| F|  |TAMS 0x0000000087400000, 0x0000000087400000| Untracked 
|  47|0x0000000087500000, 0x0000000087500000, 0x0000000087600000|  0%| F|  |TAMS 0x0000000087500000, 0x0000000087500000| Untracked 
|  48|0x0000000087600000, 0x0000000087600000, 0x0000000087700000|  0%| F|  |TAMS 0x0000000087600000, 0x0000000087600000| Untracked 
|  49|0x0000000087700000, 0x0000000087700000, 0x0000000087800000|  0%| F|  |TAMS 0x0000000087700000, 0x0000000087700000| Untracked 
|  50|0x0000000087800000, 0x0000000087800000, 0x0000000087900000|  0%| F|  |TAMS 0x0000000087800000, 0x0000000087800000| Untracked 
|  51|0x0000000087900000, 0x0000000087900000, 0x0000000087a00000|  0%| F|  |TAMS 0x0000000087900000, 0x0000000087900000| Untracked 
|  52|0x0000000087a00000, 0x0000000087a00000, 0x0000000087b00000|  0%| F|  |TAMS 0x0000000087a00000, 0x0000000087a00000| Untracked 
|  53|0x0000000087b00000, 0x0000000087b00000, 0x0000000087c00000|  0%| F|  |TAMS 0x0000000087b00000, 0x0000000087b00000| Untracked 
|  54|0x0000000087c00000, 0x0000000087c00000, 0x0000000087d00000|  0%| F|  |TAMS 0x0000000087c00000, 0x0000000087c00000| Untracked 
|  55|0x0000000087d00000, 0x0000000087d00000, 0x0000000087e00000|  0%| F|  |TAMS 0x0000000087d00000, 0x0000000087d00000| Untracked 
|  56|0x0000000087e00000, 0x0000000087e00000, 0x0000000087f00000|  0%| F|  |TAMS 0x0000000087e00000, 0x0000000087e00000| Untracked 
|  57|0x0000000087f00000, 0x0000000087f00000, 0x0000000088000000|  0%| F|  |TAMS 0x0000000087f00000, 0x0000000087f00000| Untracked 
|  58|0x0000000088000000, 0x0000000088000000, 0x0000000088100000|  0%| F|  |TAMS 0x0000000088000000, 0x0000000088000000| Untracked 
|  59|0x0000000088100000, 0x0000000088100000, 0x0000000088200000|  0%| F|  |TAMS 0x0000000088100000, 0x0000000088100000| Untracked 
|  60|0x0000000088200000, 0x0000000088200000, 0x0000000088300000|  0%| F|  |TAMS 0x0000000088200000, 0x0000000088200000| Untracked 
|  61|0x0000000088300000, 0x0000000088300000, 0x0000000088400000|  0%| F|  |TAMS 0x0000000088300000, 0x0000000088300000| Untracked 
|  62|0x0000000088400000, 0x0000000088400000, 0x0000000088500000|  0%| F|  |TAMS 0x0000000088400000, 0x0000000088400000| Untracked 
|  63|0x0000000088500000, 0x0000000088500000, 0x0000000088600000|  0%| F|  |TAMS 0x0000000088500000, 0x0000000088500000| Untracked 
|  64|0x0000000088600000, 0x0000000088600000, 0x0000000088700000|  0%| F|  |TAMS 0x0000000088600000, 0x0000000088600000| Untracked 
|  65|0x0000000088700000, 0x0000000088700000, 0x0000000088800000|  0%| F|  |TAMS 0x0000000088700000, 0x0000000088700000| Untracked 
|  66|0x0000000088800000, 0x0000000088800000, 0x0000000088900000|  0%| F|  |TAMS 0x0000000088800000, 0x0000000088800000| Untracked 
|  67|0x0000000088900000, 0x0000000088900000, 0x0000000088a00000|  0%| F|  |TAMS 0x0000000088900000, 0x0000000088900000| Untracked 
|  68|0x0000000088a00000, 0x0000000088a00000, 0x0000000088b00000|  0%| F|  |TAMS 0x0000000088a00000, 0x0000000088a00000| Untracked 
|  69|0x0000000088b00000, 0x0000000088b00000, 0x0000000088c00000|  0%| F|  |TAMS 0x0000000088b00000, 0x0000000088b00000| Untracked 
|  70|0x0000000088c00000, 0x0000000088c00000, 0x0000000088d00000|  0%| F|  |TAMS 0x0000000088c00000, 0x0000000088c00000| Untracked 
|  71|0x0000000088d00000, 0x0000000088d00000, 0x0000000088e00000|  0%| F|  |TAMS 0x0000000088d00000, 0x0000000088d00000| Untracked 
|  72|0x0000000088e00000, 0x0000000088e00000, 0x0000000088f00000|  0%| F|  |TAMS 0x0000000088e00000, 0x0000000088e00000| Untracked 
|  73|0x0000000088f00000, 0x0000000088f00000, 0x0000000089000000|  0%| F|  |TAMS 0x0000000088f00000, 0x0000000088f00000| Untracked 
|  74|0x0000000089000000, 0x0000000089000000, 0x0000000089100000|  0%| F|  |TAMS 0x0000000089000000, 0x0000000089000000| Untracked 
|  75|0x0000000089100000, 0x0000000089100000, 0x0000000089200000|  0%| F|  |TAMS 0x0000000089100000, 0x0000000089100000| Untracked 
|  76|0x0000000089200000, 0x0000000089200000, 0x0000000089300000|  0%| F|  |TAMS 0x0000000089200000, 0x0000000089200000| Untracked 
|  77|0x0000000089300000, 0x0000000089300000, 0x0000000089400000|  0%| F|  |TAMS 0x0000000089300000, 0x0000000089300000| Untracked 
|  78|0x0000000089400000, 0x0000000089400000, 0x0000000089500000|  0%| F|  |TAMS 0x0000000089400000, 0x0000000089400000| Untracked 
|  79|0x0000000089500000, 0x0000000089500000, 0x0000000089600000|  0%| F|  |TAMS 0x0000000089500000, 0x0000000089500000| Untracked 
|  80|0x0000000089600000, 0x0000000089600000, 0x0000000089700000|  0%| F|  |TAMS 0x0000000089600000, 0x0000000089600000| Untracked 
|  81|0x0000000089700000, 0x0000000089700000, 0x0000000089800000|  0%| F|  |TAMS 0x0000000089700000, 0x0000000089700000| Untracked 
|  82|0x0000000089800000, 0x0000000089800000, 0x0000000089900000|  0%| F|  |TAMS 0x0000000089800000, 0x0000000089800000| Untracked 
|  83|0x0000000089900000, 0x0000000089900000, 0x0000000089a00000|  0%| F|  |TAMS 0x0000000089900000, 0x0000000089900000| Untracked 
|  84|0x0000000089a00000, 0x0000000089a00000, 0x0000000089b00000|  0%| F|  |TAMS 0x0000000089a00000, 0x0000000089a00000| Untracked 
|  85|0x0000000089b00000, 0x0000000089b00000, 0x0000000089c00000|  0%| F|  |TAMS 0x0000000089b00000, 0x0000000089b00000| Untracked 
|  86|0x0000000089c00000, 0x0000000089c00000, 0x0000000089d00000|  0%| F|  |TAMS 0x0000000089c00000, 0x0000000089c00000| Untracked 
|  87|0x0000000089d00000, 0x0000000089d00000, 0x0000000089e00000|  0%| F|  |TAMS 0x0000000089d00000, 0x0000000089d00000| Untracked 
|  88|0x0000000089e00000, 0x0000000089e00000, 0x0000000089f00000|  0%| F|  |TAMS 0x0000000089e00000, 0x0000000089e00000| Untracked 
|  89|0x0000000089f00000, 0x0000000089f00000, 0x000000008a000000|  0%| F|  |TAMS 0x0000000089f00000, 0x0000000089f00000| Untracked 
|  90|0x000000008a000000, 0x000000008a000000, 0x000000008a100000|  0%| F|  |TAMS 0x000000008a000000, 0x000000008a000000| Untracked 
|  91|0x000000008a100000, 0x000000008a100000, 0x000000008a200000|  0%| F|  |TAMS 0x000000008a100000, 0x000000008a100000| Untracked 
|  92|0x000000008a200000, 0x000000008a200000, 0x000000008a300000|  0%| F|  |TAMS 0x000000008a200000, 0x000000008a200000| Untracked 
|  93|0x000000008a300000, 0x000000008a300000, 0x000000008a400000|  0%| F|  |TAMS 0x000000008a300000, 0x000000008a300000| Untracked 
|  94|0x000000008a400000, 0x000000008a400000, 0x000000008a500000|  0%| F|  |TAMS 0x000000008a400000, 0x000000008a400000| Untracked 
|  95|0x000000008a500000, 0x000000008a500000, 0x000000008a600000|  0%| F|  |TAMS 0x000000008a500000, 0x000000008a500000| Untracked 
|  96|0x000000008a600000, 0x000000008a600000, 0x000000008a700000|  0%| F|  |TAMS 0x000000008a600000, 0x000000008a600000| Untracked 
|  97|0x000000008a700000, 0x000000008a700000, 0x000000008a800000|  0%| F|  |TAMS 0x000000008a700000, 0x000000008a700000| Untracked 
|  98|0x000000008a800000, 0x000000008a800000, 0x000000008a900000|  0%| F|  |TAMS 0x000000008a800000, 0x000000008a800000| Untracked 
|  99|0x000000008a900000, 0x000000008a900000, 0x000000008aa00000|  0%| F|  |TAMS 0x000000008a900000, 0x000000008a900000| Untracked 
| 100|0x000000008aa00000, 0x000000008aa00000, 0x000000008ab00000|  0%| F|  |TAMS 0x000000008aa00000, 0x000000008aa00000| Untracked 
| 101|0x000000008ab00000, 0x000000008ab00000, 0x000000008ac00000|  0%| F|  |TAMS 0x000000008ab00000, 0x000000008ab00000| Untracked 
| 102|0x000000008ac00000, 0x000000008ac00000, 0x000000008ad00000|  0%| F|  |TAMS 0x000000008ac00000, 0x000000008ac00000| Untracked 
| 103|0x000000008ad00000, 0x000000008ad00000, 0x000000008ae00000|  0%| F|  |TAMS 0x000000008ad00000, 0x000000008ad00000| Untracked 
| 104|0x000000008ae00000, 0x000000008ae00000, 0x000000008af00000|  0%| F|  |TAMS 0x000000008ae00000, 0x000000008ae00000| Untracked 
| 105|0x000000008af00000, 0x000000008af00000, 0x000000008b000000|  0%| F|  |TAMS 0x000000008af00000, 0x000000008af00000| Untracked 
| 106|0x000000008b000000, 0x000000008b080000, 0x000000008b100000| 50%| S|CS|TAMS 0x000000008b000000, 0x000000008b000000| Complete 
| 107|0x000000008b100000, 0x000000008b200000, 0x000000008b200000|100%| S|CS|TAMS 0x000000008b100000, 0x000000008b100000| Complete 
| 108|0x000000008b200000, 0x000000008b300000, 0x000000008b300000|100%| S|CS|TAMS 0x000000008b200000, 0x000000008b200000| Complete 
| 109|0x000000008b300000, 0x000000008b400000, 0x000000008b400000|100%| S|CS|TAMS 0x000000008b300000, 0x000000008b300000| Complete 
| 110|0x000000008b400000, 0x000000008b500000, 0x000000008b500000|100%| S|CS|TAMS 0x000000008b400000, 0x000000008b400000| Complete 
| 111|0x000000008b500000, 0x000000008b600000, 0x000000008b600000|100%| S|CS|TAMS 0x000000008b500000, 0x000000008b500000| Complete 
| 112|0x000000008b600000, 0x000000008b600000, 0x000000008b700000|  0%| F|  |TAMS 0x000000008b600000, 0x000000008b600000| Untracked 
| 113|0x000000008b700000, 0x000000008b700000, 0x000000008b800000|  0%| F|  |TAMS 0x000000008b700000, 0x000000008b700000| Untracked 
| 114|0x000000008b800000, 0x000000008b800000, 0x000000008b900000|  0%| F|  |TAMS 0x000000008b800000, 0x000000008b800000| Untracked 
| 115|0x000000008b900000, 0x000000008b900000, 0x000000008ba00000|  0%| F|  |TAMS 0x000000008b900000, 0x000000008b900000| Untracked 
| 116|0x000000008ba00000, 0x000000008ba00000, 0x000000008bb00000|  0%| F|  |TAMS 0x000000008ba00000, 0x000000008ba00000| Untracked 
| 117|0x000000008bb00000, 0x000000008bb00000, 0x000000008bc00000|  0%| F|  |TAMS 0x000000008bb00000, 0x000000008bb00000| Untracked 
| 118|0x000000008bc00000, 0x000000008bc00000, 0x000000008bd00000|  0%| F|  |TAMS 0x000000008bc00000, 0x000000008bc00000| Untracked 
| 119|0x000000008bd00000, 0x000000008bd00000, 0x000000008be00000|  0%| F|  |TAMS 0x000000008bd00000, 0x000000008bd00000| Untracked 
| 120|0x000000008be00000, 0x000000008be00000, 0x000000008bf00000|  0%| F|  |TAMS 0x000000008be00000, 0x000000008be00000| Untracked 
| 121|0x000000008bf00000, 0x000000008bf00000, 0x000000008c000000|  0%| F|  |TAMS 0x000000008bf00000, 0x000000008bf00000| Untracked 
| 122|0x000000008c000000, 0x000000008c000000, 0x000000008c100000|  0%| F|  |TAMS 0x000000008c000000, 0x000000008c000000| Untracked 
| 123|0x000000008c100000, 0x000000008c100000, 0x000000008c200000|  0%| F|  |TAMS 0x000000008c100000, 0x000000008c100000| Untracked 
| 124|0x000000008c200000, 0x000000008c200000, 0x000000008c300000|  0%| F|  |TAMS 0x000000008c200000, 0x000000008c200000| Untracked 
| 125|0x000000008c300000, 0x000000008c300000, 0x000000008c400000|  0%| F|  |TAMS 0x000000008c300000, 0x000000008c300000| Untracked 
| 126|0x000000008c400000, 0x000000008c400000, 0x000000008c500000|  0%| F|  |TAMS 0x000000008c400000, 0x000000008c400000| Untracked 
| 127|0x000000008c500000, 0x000000008c500000, 0x000000008c600000|  0%| F|  |TAMS 0x000000008c500000, 0x000000008c500000| Untracked 
| 128|0x000000008c600000, 0x000000008c600000, 0x000000008c700000|  0%| F|  |TAMS 0x000000008c600000, 0x000000008c600000| Untracked 
| 129|0x000000008c700000, 0x000000008c700000, 0x000000008c800000|  0%| F|  |TAMS 0x000000008c700000, 0x000000008c700000| Untracked 
| 130|0x000000008c800000, 0x000000008c800000, 0x000000008c900000|  0%| F|  |TAMS 0x000000008c800000, 0x000000008c800000| Untracked 
| 131|0x000000008c900000, 0x000000008c900000, 0x000000008ca00000|  0%| F|  |TAMS 0x000000008c900000, 0x000000008c900000| Untracked 
| 132|0x000000008ca00000, 0x000000008ca00000, 0x000000008cb00000|  0%| F|  |TAMS 0x000000008ca00000, 0x000000008ca00000| Untracked 
| 133|0x000000008cb00000, 0x000000008cb00000, 0x000000008cc00000|  0%| F|  |TAMS 0x000000008cb00000, 0x000000008cb00000| Untracked 
| 134|0x000000008cc00000, 0x000000008cc00000, 0x000000008cd00000|  0%| F|  |TAMS 0x000000008cc00000, 0x000000008cc00000| Untracked 
| 135|0x000000008cd00000, 0x000000008cd00000, 0x000000008ce00000|  0%| F|  |TAMS 0x000000008cd00000, 0x000000008cd00000| Untracked 
| 136|0x000000008ce00000, 0x000000008ce00000, 0x000000008cf00000|  0%| F|  |TAMS 0x000000008ce00000, 0x000000008ce00000| Untracked 
| 137|0x000000008cf00000, 0x000000008cf00000, 0x000000008d000000|  0%| F|  |TAMS 0x000000008cf00000, 0x000000008cf00000| Untracked 
| 138|0x000000008d000000, 0x000000008d000000, 0x000000008d100000|  0%| F|  |TAMS 0x000000008d000000, 0x000000008d000000| Untracked 
| 139|0x000000008d100000, 0x000000008d100000, 0x000000008d200000|  0%| F|  |TAMS 0x000000008d100000, 0x000000008d100000| Untracked 
| 140|0x000000008d200000, 0x000000008d200000, 0x000000008d300000|  0%| F|  |TAMS 0x000000008d200000, 0x000000008d200000| Untracked 
| 141|0x000000008d300000, 0x000000008d300000, 0x000000008d400000|  0%| F|  |TAMS 0x000000008d300000, 0x000000008d300000| Untracked 
| 142|0x000000008d400000, 0x000000008d400000, 0x000000008d500000|  0%| F|  |TAMS 0x000000008d400000, 0x000000008d400000| Untracked 
| 143|0x000000008d500000, 0x000000008d500000, 0x000000008d600000|  0%| F|  |TAMS 0x000000008d500000, 0x000000008d500000| Untracked 
| 144|0x000000008d600000, 0x000000008d600000, 0x000000008d700000|  0%| F|  |TAMS 0x000000008d600000, 0x000000008d600000| Untracked 
| 145|0x000000008d700000, 0x000000008d700000, 0x000000008d800000|  0%| F|  |TAMS 0x000000008d700000, 0x000000008d700000| Untracked 
| 146|0x000000008d800000, 0x000000008d800000, 0x000000008d900000|  0%| F|  |TAMS 0x000000008d800000, 0x000000008d800000| Untracked 
| 147|0x000000008d900000, 0x000000008d900000, 0x000000008da00000|  0%| F|  |TAMS 0x000000008d900000, 0x000000008d900000| Untracked 
| 148|0x000000008da00000, 0x000000008da00000, 0x000000008db00000|  0%| F|  |TAMS 0x000000008da00000, 0x000000008da00000| Untracked 
| 149|0x000000008db00000, 0x000000008db00000, 0x000000008dc00000|  0%| F|  |TAMS 0x000000008db00000, 0x000000008db00000| Untracked 
| 150|0x000000008dc00000, 0x000000008dc00000, 0x000000008dd00000|  0%| F|  |TAMS 0x000000008dc00000, 0x000000008dc00000| Untracked 
| 151|0x000000008dd00000, 0x000000008dd00000, 0x000000008de00000|  0%| F|  |TAMS 0x000000008dd00000, 0x000000008dd00000| Untracked 
| 152|0x000000008de00000, 0x000000008de00000, 0x000000008df00000|  0%| F|  |TAMS 0x000000008de00000, 0x000000008de00000| Untracked 
| 153|0x000000008df00000, 0x000000008df00000, 0x000000008e000000|  0%| F|  |TAMS 0x000000008df00000, 0x000000008df00000| Untracked 
| 154|0x000000008e000000, 0x000000008e000000, 0x000000008e100000|  0%| F|  |TAMS 0x000000008e000000, 0x000000008e000000| Untracked 
| 155|0x000000008e100000, 0x000000008e100000, 0x000000008e200000|  0%| F|  |TAMS 0x000000008e100000, 0x000000008e100000| Untracked 
| 156|0x000000008e200000, 0x000000008e280800, 0x000000008e300000| 50%| E|  |TAMS 0x000000008e200000, 0x000000008e200000| Complete 
| 157|0x000000008e300000, 0x000000008e400000, 0x000000008e400000|100%| E|CS|TAMS 0x000000008e300000, 0x000000008e300000| Complete 
| 158|0x000000008e400000, 0x000000008e500000, 0x000000008e500000|100%| E|CS|TAMS 0x000000008e400000, 0x000000008e400000| Complete 

Card table byte_map: [0x00007f0d56bee000,0x00007f0d56fcb000] _byte_map_base: 0x00007f0d567cb000

Marking Bits (Prev, Next): (CMBitMap*) 0x00007f0d500577f0, (CMBitMap*) 0x00007f0d500577b8
 Prev Bits: [0x00007f0d32118000, 0x00007f0d34000000)
 Next Bits: [0x00007f0d54929000, 0x00007f0d56811000)

Polling page: 0x00007f0d59324000

Metaspace:

Usage:
  Non-class:     30,45 MB capacity,    29,98 MB ( 98%) used,   377,29 KB (  1%) free+waste,   105,19 KB ( <1%) overhead. 
      Class:      4,44 MB capacity,     4,07 MB ( 92%) used,   321,75 KB (  7%) free+waste,    50,06 KB (  1%) overhead. 
       Both:     34,89 MB capacity,    34,06 MB ( 98%) used,   699,04 KB (  2%) free+waste,   155,25 KB ( <1%) overhead. 

Virtual space:
  Non-class space:       32,00 MB reserved,      30,75 MB ( 96%) committed 
      Class space:        1,00 GB reserved,       4,50 MB ( <1%) committed 
             Both:        1,03 GB reserved,      35,25 MB (  3%) committed 

Chunk freelists:
   Non-Class:  75,00 KB
       Class:  0 bytes
        Both:  75,00 KB

MaxMetaspaceSize: unlimited
CompressedClassSpaceSize: 1,00 GB

CodeHeap 'non-profiled nmethods': size=120032Kb used=1332Kb max_used=1332Kb free=118700Kb
 bounds [0x00007f0d403d8000, 0x00007f0d40648000, 0x00007f0d47910000]
CodeHeap 'profiled nmethods': size=120032Kb used=6452Kb max_used=6452Kb free=113580Kb
 bounds [0x00007f0d38ea0000, 0x00007f0d394f0000, 0x00007f0d403d8000]
CodeHeap 'non-nmethods': size=5696Kb used=1118Kb max_used=1166Kb free=4577Kb
 bounds [0x00007f0d38910000, 0x00007f0d38b80000, 0x00007f0d38ea0000]
 total_blobs=4287 nmethods=3017 adapters=363
 compilation: enabled
              stopped_count=0, restarted_count=0
 full_count=0

Compilation events (20 events):
Event: 1,677 Thread 0x00007f0d5015f800 3099       3       java.util.Properties::load0 (249 bytes)
Event: 1,678 Thread 0x00007f0d5015f800 nmethod 3099 0x00007f0d394e3f90 code [0x00007f0d394e41e0, 0x00007f0d394e4c28]
Event: 1,678 Thread 0x00007f0d5015f800 3100       3       java.io.ExpiringCache::entryFor (57 bytes)
Event: 1,678 Thread 0x00007f0d5015f800 nmethod 3100 0x00007f0d394e4f90 code [0x00007f0d394e5180, 0x00007f0d394e5698]
Event: 1,679 Thread 0x00007f0d5015f800 3101       3       java.lang.invoke.LambdaForm$MH/0x0000000100110c40::invoke (31 bytes)
Event: 1,679 Thread 0x00007f0d5015f800 nmethod 3101 0x00007f0d394e5810 code [0x00007f0d394e59e0, 0x00007f0d394e5ed8]
Event: 1,679 Thread 0x00007f0d5015f800 3102       3       java.lang.invoke.StringConcatFactory$MethodHandleInlineCopyStrategy::newArray (16 bytes)
Event: 1,679 Thread 0x00007f0d5015f800 nmethod 3102 0x00007f0d394e6010 code [0x00007f0d394e61e0, 0x00007f0d394e6448]
Event: 1,681 Thread 0x00007f0d5015f800 3103       3       java.util.Collections$SynchronizedCollection::iterator (10 bytes)
Event: 1,681 Thread 0x00007f0d5015f800 nmethod 3103 0x00007f0d394e6510 code [0x00007f0d394e66e0, 0x00007f0d394e6908]
Event: 1,682 Thread 0x00007f0d08150000 nmethod 3091 0x00007f0d4051e590 code [0x00007f0d4051e7c0, 0x00007f0d4051fd40]
Event: 1,682 Thread 0x00007f0d08150000 3104       4       java.util.ArrayDeque::pollFirst (36 bytes)
Event: 1,682 Thread 0x00007f0d5015f800 3105       3       java.util.logging.LogManager::getProperty (9 bytes)
Event: 1,682 Thread 0x00007f0d5015f800 nmethod 3105 0x00007f0d394e6a10 code [0x00007f0d394e6be0, 0x00007f0d394e6e08]
Event: 1,683 Thread 0x00007f0d08150000 nmethod 3104 0x00007f0d40520790 code [0x00007f0d40520920, 0x00007f0d40520a18]
Event: 1,683 Thread 0x00007f0d5015d800 nmethod 3093 0x00007f0d40520b10 code [0x00007f0d40520d40, 0x00007f0d40521c70]
Event: 1,683 Thread 0x00007f0d5015d800 3106       4       java.lang.AbstractStringBuilder::checkRange (60 bytes)
Event: 1,684 Thread 0x00007f0d5015d800 nmethod 3106 0x00007f0d40522610 code [0x00007f0d405227a0, 0x00007f0d40522838]
Event: 1,684 Thread 0x00007f0d5015f800 3107       1       java.util.ResourceBundle$CacheKey::getName (5 bytes)
Event: 1,684 Thread 0x00007f0d5015f800 nmethod 3107 0x00007f0d40522910 code [0x00007f0d40522ac0, 0x00007f0d40522bd0]

GC Heap History (10 events):
Event: 0,266 GC heap before
{Heap before GC invocations=0 (full 0):
 garbage-first heap   total 126976K, used 14336K [0x0000000084600000, 0x0000000100000000)
  region size 1024K, 14 young (14336K), 0 survivors (0K)
 Metaspace       used 9233K, capacity 9420K, committed 9600K, reserved 1058816K
  class space    used 836K, capacity 868K, committed 896K, reserved 1048576K
}
Event: 0,271 GC heap after
{Heap after GC invocations=1 (full 0):
 garbage-first heap   total 126976K, used 5821K [0x0000000084600000, 0x0000000100000000)
  region size 1024K, 2 young (2048K), 2 survivors (2048K)
 Metaspace       used 9233K, capacity 9420K, committed 9600K, reserved 1058816K
  class space    used 836K, capacity 868K, committed 896K, reserved 1048576K
}
Event: 0,679 GC heap before
{Heap before GC invocations=1 (full 0):
 garbage-first heap   total 126976K, used 58045K [0x0000000084600000, 0x0000000100000000)
  region size 1024K, 54 young (55296K), 2 survivors (2048K)
 Metaspace       used 20548K, capacity 21027K, committed 21248K, reserved 1069056K
  class space    used 2365K, capacity 2537K, committed 2560K, reserved 1048576K
}
Event: 0,685 GC heap after
{Heap after GC invocations=2 (full 0):
 garbage-first heap   total 126976K, used 8423K [0x0000000084600000, 0x0000000100000000)
  region size 1024K, 5 young (5120K), 5 survivors (5120K)
 Metaspace       used 20548K, capacity 21027K, committed 21248K, reserved 1069056K
  class space    used 2365K, capacity 2537K, committed 2560K, reserved 1048576K
}
Event: 0,870 GC heap before
{Heap before GC invocations=3 (full 0):
 garbage-first heap   total 126976K, used 63719K [0x0000000084600000, 0x0000000100000000)
  region size 1024K, 60 young (61440K), 5 survivors (5120K)
 Metaspace       used 25461K, capacity 26069K, committed 26240K, reserved 1073152K
  class space    used 2971K, capacity 3198K, committed 3200K, reserved 1048576K
}
Event: 0,879 GC heap after
{Heap after GC invocations=4 (full 0):
 garbage-first heap   total 126976K, used 9731K [0x0000000084600000, 0x0000000100000000)
  region size 1024K, 4 young (4096K), 4 survivors (4096K)
 Metaspace       used 25461K, capacity 26069K, committed 26240K, reserved 1073152K
  class space    used 2971K, capacity 3198K, committed 3200K, reserved 1048576K
}
Event: 1,537 GC heap before
{Heap before GC invocations=4 (full 0):
 garbage-first heap   total 126976K, used 80387K [0x0000000084600000, 0x0000000100000000)
  region size 1024K, 74 young (75776K), 4 survivors (4096K)
 Metaspace       used 32510K, capacity 33240K, committed 33408K, reserved 1079296K
  class space    used 3865K, capacity 4162K, committed 4224K, reserved 1048576K
}
Event: 1,546 GC heap after
{Heap after GC invocations=5 (full 0):
 garbage-first heap   total 126976K, used 12449K [0x0000000084600000, 0x0000000100000000)
  region size 1024K, 7 young (7168K), 7 survivors (7168K)
 Metaspace       used 32510K, capacity 33240K, committed 33408K, reserved 1079296K
  class space    used 3865K, capacity 4162K, committed 4224K, reserved 1048576K
}
Event: 1,685 GC heap before
{Heap before GC invocations=5 (full 0):
 garbage-first heap   total 126976K, used 23713K [0x0000000084600000, 0x0000000100000000)
  region size 1024K, 19 young (19456K), 7 survivors (7168K)
 Metaspace       used 34513K, capacity 35374K, committed 35584K, reserved 1081344K
  class space    used 4137K, capacity 4511K, committed 4608K, reserved 1048576K
}
Event: 1,694 GC heap after
{Heap after GC invocations=6 (full 0):
 garbage-first heap   total 162816K, used 13695K [0x0000000084600000, 0x0000000100000000)
  region size 1024K, 6 young (6144K), 6 survivors (6144K)
 Metaspace       used 34513K, capacity 35374K, committed 35584K, reserved 1081344K
  class space    used 4137K, capacity 4511K, committed 4608K, reserved 1048576K
}

Deoptimization events (20 events):
Event: 1,625 Thread 0x00007f0d50017000 Uncommon trap: trap_request=0xffffff4d fr.pc=0x00007f0d40511b90 relative=0x0000000000002b90
Event: 1,625 Thread 0x00007f0d50017000 Uncommon trap: reason=unstable_if action=reinterpret pc=0x00007f0d40511b90 method=org.springframework.beans.factory.support.AbstractBeanFactory.isTypeMatch(Ljava/lang/String;Lorg/springframework/core/ResolvableType;Z)Z @ 99 c2
Event: 1,625 Thread 0x00007f0d50017000 DEOPT PACKING pc=0x00007f0d40511b90 sp=0x00007f0d57bd7f40
Event: 1,625 Thread 0x00007f0d50017000 DEOPT UNPACKING pc=0x00007f0d389386a5 sp=0x00007f0d57bd7ee8 mode 2
Event: 1,644 Thread 0x00007f0d50017000 Uncommon trap: trap_request=0xffffff4d fr.pc=0x00007f0d404969a0 relative=0x0000000000000260
Event: 1,644 Thread 0x00007f0d50017000 Uncommon trap: reason=unstable_if action=reinterpret pc=0x00007f0d404969a0 method=java.util.LinkedHashMap.get(Ljava/lang/Object;)Ljava/lang/Object; @ 20 c2
Event: 1,644 Thread 0x00007f0d50017000 DEOPT PACKING pc=0x00007f0d404969a0 sp=0x00007f0d57bd9bf0
Event: 1,644 Thread 0x00007f0d50017000 DEOPT UNPACKING pc=0x00007f0d389386a5 sp=0x00007f0d57bd9bc8 mode 2
Event: 1,646 Thread 0x00007f0d50017000 Uncommon trap: trap_request=0xffffff4d fr.pc=0x00007f0d40515208 relative=0x0000000000000548
Event: 1,646 Thread 0x00007f0d50017000 Uncommon trap: reason=unstable_if action=reinterpret pc=0x00007f0d40515208 method=java.util.Properties.loadConvert([CIILjava/lang/StringBuilder;)Ljava/lang/String; @ 26 c2
Event: 1,646 Thread 0x00007f0d50017000 DEOPT PACKING pc=0x00007f0d40515208 sp=0x00007f0d57bd9560
Event: 1,646 Thread 0x00007f0d50017000 DEOPT UNPACKING pc=0x00007f0d389386a5 sp=0x00007f0d57bd9520 mode 2
Event: 1,660 Thread 0x00007f0d50017000 DEOPT PACKING pc=0x00007f0d394c81f6 sp=0x00007f0d57bd94e0
Event: 1,660 Thread 0x00007f0d50017000 DEOPT UNPACKING pc=0x00007f0d389384ba sp=0x00007f0d57bd8a40 mode 0
Event: 1,664 Thread 0x00007f0d50017000 DEOPT PACKING pc=0x00007f0d394c81f6 sp=0x00007f0d57bd8d80
Event: 1,664 Thread 0x00007f0d50017000 DEOPT UNPACKING pc=0x00007f0d389384ba sp=0x00007f0d57bd82e0 mode 0
Event: 1,668 Thread 0x00007f0d50017000 DEOPT PACKING pc=0x00007f0d394c81f6 sp=0x00007f0d57bd8a10
Event: 1,668 Thread 0x00007f0d50017000 DEOPT UNPACKING pc=0x00007f0d389384ba sp=0x00007f0d57bd7f70 mode 0
Event: 1,677 Thread 0x00007f0d50017000 DEOPT PACKING pc=0x00007f0d394c81f6 sp=0x00007f0d57bd93a0
Event: 1,677 Thread 0x00007f0d50017000 DEOPT UNPACKING pc=0x00007f0d389384ba sp=0x00007f0d57bd8900 mode 0

Classes redefined (0 events):
No events

Internal exceptions (20 events):
Event: 1,485 Thread 0x00007f0d50017000 Exception <a 'java/lang/ClassNotFoundException'{0x0000000087cb1b90}: org/springframework/aop/aspectj/annotation/AnnotationAwareAspectJAutoProxyCreatorCustomizer> (0x0000000087cb1b90) thrown at [/build/java11-openjdk/src/jdk11u-jdk-11.0.6+10/src/hotspot/sh
Event: 1,486 Thread 0x00007f0d50017000 Exception <a 'java/lang/ClassNotFoundException'{0x0000000087cd3550}: org/springframework/beans/factory/config/SmartInstantiationAwareBeanPostProcessorCustomizer> (0x0000000087cd3550) thrown at [/build/java11-openjdk/src/jdk11u-jdk-11.0.6+10/src/hotspot/sh
Event: 1,487 Thread 0x00007f0d50017000 Exception <a 'java/lang/ClassNotFoundException'{0x0000000087ce4be8}: org/springframework/beans/factory/config/InstantiationAwareBeanPostProcessorCustomizer> (0x0000000087ce4be8) thrown at [/build/java11-openjdk/src/jdk11u-jdk-11.0.6+10/src/hotspot/share/c
Event: 1,487 Thread 0x00007f0d50017000 Exception <a 'java/lang/ClassNotFoundException'{0x0000000087cf4670}: org/springframework/beans/factory/config/BeanPostProcessorCustomizer> (0x0000000087cf4670) thrown at [/build/java11-openjdk/src/jdk11u-jdk-11.0.6+10/src/hotspot/share/classfile/systemDic
Event: 1,487 Thread 0x00007f0d50017000 Exception <a 'java/lang/ClassNotFoundException'{0x0000000087b01670}: org/springframework/beans/factory/BeanFactoryAwareCustomizer> (0x0000000087b01670) thrown at [/build/java11-openjdk/src/jdk11u-jdk-11.0.6+10/src/hotspot/share/classfile/systemDictionary.
Event: 1,488 Thread 0x00007f0d50017000 Exception <a 'java/lang/ClassNotFoundException'{0x0000000087b0cdb8}: org/springframework/beans/factory/AwareCustomizer> (0x0000000087b0cdb8) thrown at [/build/java11-openjdk/src/jdk11u-jdk-11.0.6+10/src/hotspot/share/classfile/systemDictionary.cpp, line 2
Event: 1,488 Thread 0x00007f0d50017000 Exception <a 'java/lang/ClassNotFoundException'{0x0000000087b16640}: org/springframework/core/OrderedCustomizer> (0x0000000087b16640) thrown at [/build/java11-openjdk/src/jdk11u-jdk-11.0.6+10/src/hotspot/share/classfile/systemDictionary.cpp, line 231]
Event: 1,488 Thread 0x00007f0d50017000 Exception <a 'java/lang/ClassNotFoundException'{0x0000000087b227e8}: org/springframework/beans/factory/BeanClassLoaderAwareCustomizer> (0x0000000087b227e8) thrown at [/build/java11-openjdk/src/jdk11u-jdk-11.0.6+10/src/hotspot/share/classfile/systemDiction
Event: 1,488 Thread 0x00007f0d50017000 Exception <a 'java/lang/ClassNotFoundException'{0x0000000087b2d5f0}: org/springframework/beans/factory/AwareCustomizer> (0x0000000087b2d5f0) thrown at [/build/java11-openjdk/src/jdk11u-jdk-11.0.6+10/src/hotspot/share/classfile/systemDictionary.cpp, line 2
Event: 1,488 Thread 0x00007f0d50017000 Exception <a 'java/lang/ClassNotFoundException'{0x0000000087b38c58}: org/springframework/aop/framework/AopInfrastructureBeanCustomizer> (0x0000000087b38c58) thrown at [/build/java11-openjdk/src/jdk11u-jdk-11.0.6+10/src/hotspot/share/classfile/systemDictio
Event: 1,507 Thread 0x00007f0d50017000 Exception <a 'java/lang/ClassNotFoundException'{0x0000000087a63650}: java/lang/ObjectCustomizer> (0x0000000087a63650) thrown at [/build/java11-openjdk/src/jdk11u-jdk-11.0.6+10/src/hotspot/share/classfile/systemDictionary.cpp, line 231]
Event: 1,507 Thread 0x00007f0d50017000 Exception <a 'java/lang/ClassNotFoundException'{0x0000000087a74c58}: org/springframework/transaction/annotation/AbstractTransactionManagementConfigurationCustomizer> (0x0000000087a74c58) thrown at [/build/java11-openjdk/src/jdk11u-jdk-11.0.6+10/src/hotspo
Event: 1,508 Thread 0x00007f0d50017000 Exception <a 'java/lang/ClassNotFoundException'{0x0000000087a85728}: org/springframework/transaction/annotation/ProxyTransactionManagementConfigurationCustomizer> (0x0000000087a85728) thrown at [/build/java11-openjdk/src/jdk11u-jdk-11.0.6+10/src/hotspot/s
Event: 1,508 Thread 0x00007f0d50017000 Exception <a 'java/lang/ClassNotFoundException'{0x0000000087a949b8}: org/springframework/context/annotation/ImportAwareCustomizer> (0x0000000087a949b8) thrown at [/build/java11-openjdk/src/jdk11u-jdk-11.0.6+10/src/hotspot/share/classfile/systemDictionary.
Event: 1,508 Thread 0x00007f0d50017000 Exception <a 'java/lang/ClassNotFoundException'{0x0000000087a9fd00}: org/springframework/beans/factory/AwareCustomizer> (0x0000000087a9fd00) thrown at [/build/java11-openjdk/src/jdk11u-jdk-11.0.6+10/src/hotspot/share/classfile/systemDictionary.cpp, line 2
Event: 1,557 Thread 0x00007f0d50017000 Exception <a 'java/lang/NoSuchMethodError'{0x000000008c17fa28}: 'int java.lang.invoke.DirectMethodHandle$Holder.invokeSpecial(java.lang.Object, java.lang.Object, java.lang.Object, java.lang.Object, java.lang.Object)'> (0x000000008c17fa28) thrown at [/buil
Event: 1,595 Thread 0x00007f0d50017000 Exception <a 'java/lang/NoSuchMethodError'{0x000000008be72938}: 'void java.lang.invoke.DirectMethodHandle$Holder.invokeInterface(java.lang.Object, java.lang.Object, int)'> (0x000000008be72938) thrown at [/build/java11-openjdk/src/jdk11u-jdk-11.0.6+10/src/
Event: 1,598 Thread 0x00007f0d50017000 Exception <a 'java/lang/NoSuchMethodError'{0x000000008beb69e0}: 'void java.lang.invoke.DirectMethodHandle$Holder.invokeStatic(java.lang.Object, int, java.lang.Object)'> (0x000000008beb69e0) thrown at [/build/java11-openjdk/src/jdk11u-jdk-11.0.6+10/src/hot
Event: 1,600 Thread 0x00007f0d50017000 Exception <a 'java/lang/NoSuchMethodError'{0x000000008bed9c38}: 'int java.lang.invoke.DirectMethodHandle$Holder.invokeVirtual(java.lang.Object, java.lang.Object)'> (0x000000008bed9c38) thrown at [/build/java11-openjdk/src/jdk11u-jdk-11.0.6+10/src/hotspot/
Event: 1,601 Thread 0x00007f0d50017000 Exception <a 'java/lang/NoSuchMethodError'{0x000000008bee3948}: 'int java.lang.invoke.DirectMethodHandle$Holder.invokeSpecialIFC(java.lang.Object, java.lang.Object, java.lang.Object, java.lang.Object)'> (0x000000008bee3948) thrown at [/build/java11-openjd

Events (20 events):
Event: 1,682 loading class org/apache/tomcat/util/IntrospectionUtils
Event: 1,682 loading class org/apache/tomcat/util/IntrospectionUtils done
Event: 1,683 loading class org/apache/tomcat/util/LocalStrings
Event: 1,683 loading class org/apache/tomcat/util/LocalStrings done
Event: 1,684 loading class org/apache/tomcat/util/LocalStrings_sv
Event: 1,684 loading class org/apache/tomcat/util/LocalStrings_sv done
Event: 1,684 loading class org/apache/tomcat/util/LocalStrings_sv_SE
Event: 1,684 loading class org/apache/tomcat/util/LocalStrings_sv_SE done
Event: 1,684 loading class org/apache/tomcat/util/net/SSLHostConfig
Event: 1,684 loading class org/apache/tomcat/util/net/SSLHostConfig done
Event: 1,685 loading class org/apache/coyote/Request
Event: 1,685 loading class org/apache/coyote/Request done
Event: 1,685 Executing VM operation: CollectForMetadataAllocation
Event: 1,694 Executing VM operation: CollectForMetadataAllocation done
Event: 1,694 loading class org/apache/coyote/Response
Event: 1,694 loading class org/apache/coyote/Response done
Event: 1,695 loading class javax/management/ObjectName
Event: 1,695 loading class javax/management/QueryExp
Event: 1,695 loading class javax/management/QueryExp done
Event: 1,695 loading class javax/management/ObjectName done


Dynamic libraries:
84600000-8e500000 rw-p 00000000 00:00 0 
8e500000-100000000 ---p 00000000 00:00 0 
100000000-100480000 rw-p 00000000 00:00 0 
100480000-140000000 ---p 00000000 00:00 0 
560c8de2a000-560c8de2b000 r--p 00000000 08:01 25300666                   /usr/lib/jvm/java-11-openjdk/bin/java
560c8de2b000-560c8de2c000 r-xp 00001000 08:01 25300666                   /usr/lib/jvm/java-11-openjdk/bin/java
560c8de2c000-560c8de2d000 r--p 00002000 08:01 25300666                   /usr/lib/jvm/java-11-openjdk/bin/java
560c8de2d000-560c8de2e000 r--p 00002000 08:01 25300666                   /usr/lib/jvm/java-11-openjdk/bin/java
560c8de2e000-560c8de2f000 rw-p 00003000 08:01 25300666                   /usr/lib/jvm/java-11-openjdk/bin/java
560c8f462000-560c8f483000 rw-p 00000000 00:00 0                          [heap]
7f0cdc000000-7f0cdc021000 rw-p 00000000 00:00 0 
7f0cdc021000-7f0ce0000000 ---p 00000000 00:00 0 
7f0ce4000000-7f0ce433c000 rw-p 00000000 00:00 0 
7f0ce433c000-7f0ce8000000 ---p 00000000 00:00 0 
7f0ce8000000-7f0ce8021000 rw-p 00000000 00:00 0 
7f0ce8021000-7f0cec000000 ---p 00000000 00:00 0 
7f0cec000000-7f0ced497000 rw-p 00000000 00:00 0 
7f0ced497000-7f0cf0000000 ---p 00000000 00:00 0 
7f0cf0000000-7f0cf0021000 rw-p 00000000 00:00 0 
7f0cf0021000-7f0cf4000000 ---p 00000000 00:00 0 
7f0cf4000000-7f0cf4021000 rw-p 00000000 00:00 0 
7f0cf4021000-7f0cf8000000 ---p 00000000 00:00 0 
7f0cf8000000-7f0cf8021000 rw-p 00000000 00:00 0 
7f0cf8021000-7f0cfc000000 ---p 00000000 00:00 0 
7f0cfc000000-7f0cfc021000 rw-p 00000000 00:00 0 
7f0cfc021000-7f0d00000000 ---p 00000000 00:00 0 
7f0d00000000-7f0d00021000 rw-p 00000000 00:00 0 
7f0d00021000-7f0d04000000 ---p 00000000 00:00 0 
7f0d04000000-7f0d0514a000 rw-p 00000000 00:00 0 
7f0d0514a000-7f0d08000000 ---p 00000000 00:00 0 
7f0d08000000-7f0d08c5f000 rw-p 00000000 00:00 0 
7f0d08c5f000-7f0d0c000000 ---p 00000000 00:00 0 
7f0d0c000000-7f0d0c021000 rw-p 00000000 00:00 0 
7f0d0c021000-7f0d10000000 ---p 00000000 00:00 0 
7f0d10000000-7f0d10021000 rw-p 00000000 00:00 0 
7f0d10021000-7f0d14000000 ---p 00000000 00:00 0 
7f0d14000000-7f0d14021000 rw-p 00000000 00:00 0 
7f0d14021000-7f0d18000000 ---p 00000000 00:00 0 
7f0d19251000-7f0d19451000 rw-p 00000000 00:00 0 
7f0d19451000-7f0d19651000 rw-p 00000000 00:00 0 
7f0d197d9000-7f0d19899000 rw-p 00000000 00:00 0 
7f0d19899000-7f0d199d9000 ---p 00000000 00:00 0 
7f0d199d9000-7f0d19bd9000 rw-p 00000000 00:00 0 
7f0d19bd9000-7f0d19dd9000 rw-p 00000000 00:00 0 
7f0d19dd9000-7f0d19fd9000 rw-p 00000000 00:00 0 
7f0d19fd9000-7f0d19fda000 ---p 00000000 00:00 0 
7f0d19fda000-7f0d1a2db000 rw-p 00000000 00:00 0 
7f0d1a2db000-7f0d1a4db000 rw-p 00000000 00:00 0 
7f0d1a53f000-7f0d1a540000 ---p 00000000 00:00 0 
7f0d1a540000-7f0d1a841000 rw-p 00000000 00:00 0 
7f0d1a841000-7f0d1aa41000 rw-p 00000000 00:00 0 
7f0d1aa41000-7f0d1aa45000 ---p 00000000 00:00 0 
7f0d1aa45000-7f0d1ad42000 rw-p 00000000 00:00 0 
7f0d1ad42000-7f0d1ad43000 ---p 00000000 00:00 0 
7f0d1ad43000-7f0d1b044000 rw-p 00000000 00:00 0 
7f0d1b044000-7f0d1b048000 ---p 00000000 00:00 0 
7f0d1b048000-7f0d1b145000 rw-p 00000000 00:00 0 
7f0d1b145000-7f0d1b149000 ---p 00000000 00:00 0 
7f0d1b149000-7f0d1b246000 rw-p 00000000 00:00 0 
7f0d1b246000-7f0d1b247000 ---p 00000000 00:00 0 
7f0d1b247000-7f0d1b348000 rw-p 00000000 00:00 0 
7f0d1b348000-7f0d1b34c000 ---p 00000000 00:00 0 
7f0d1b34c000-7f0d1b449000 rw-p 00000000 00:00 0 
7f0d1b449000-7f0d1b44d000 ---p 00000000 00:00 0 
7f0d1b44d000-7f0d1b54a000 rw-p 00000000 00:00 0 
7f0d1b54a000-7f0d1b54e000 ---p 00000000 00:00 0 
7f0d1b54e000-7f0d1b64b000 rw-p 00000000 00:00 0 
7f0d1b64b000-7f0d1b64f000 ---p 00000000 00:00 0 
7f0d1b64f000-7f0d1b74c000 rw-p 00000000 00:00 0 
7f0d1b74c000-7f0d1b750000 ---p 00000000 00:00 0 
7f0d1b750000-7f0d1b84d000 rw-p 00000000 00:00 0 
7f0d1b84d000-7f0d1bdfe000 r--p 00000000 08:01 25183539                   /usr/lib/locale/locale-archive
7f0d1bdfe000-7f0d1be02000 ---p 00000000 00:00 0 
7f0d1be02000-7f0d1beff000 rw-p 00000000 00:00 0 
7f0d1beff000-7f0d1bf03000 ---p 00000000 00:00 0 
7f0d1bf03000-7f0d1c000000 rw-p 00000000 00:00 0 
7f0d1c000000-7f0d1c021000 rw-p 00000000 00:00 0 
7f0d1c021000-7f0d20000000 ---p 00000000 00:00 0 
7f0d20000000-7f0d20031000 rw-p 00000000 00:00 0 
7f0d20031000-7f0d24000000 ---p 00000000 00:00 0 
7f0d24000000-7f0d24021000 rw-p 00000000 00:00 0 
7f0d24021000-7f0d28000000 ---p 00000000 00:00 0 
7f0d28000000-7f0d28021000 rw-p 00000000 00:00 0 
7f0d28021000-7f0d2c000000 ---p 00000000 00:00 0 
7f0d2c000000-7f0d2c021000 rw-p 00000000 00:00 0 
7f0d2c021000-7f0d30000000 ---p 00000000 00:00 0 
7f0d30016000-7f0d30017000 ---p 00000000 00:00 0 
7f0d30017000-7f0d32394000 rw-p 00000000 00:00 0 
7f0d32394000-7f0d34000000 ---p 00000000 00:00 0 
7f0d34000000-7f0d34021000 rw-p 00000000 00:00 0 
7f0d34021000-7f0d38000000 ---p 00000000 00:00 0 
7f0d38012000-7f0d38014000 r--p 00000000 08:01 25431568                   /usr/lib/jvm/java-11-openjdk/lib/libmanagement_ext.so
7f0d38014000-7f0d38016000 r-xp 00002000 08:01 25431568                   /usr/lib/jvm/java-11-openjdk/lib/libmanagement_ext.so
7f0d38016000-7f0d38017000 r--p 00004000 08:01 25431568                   /usr/lib/jvm/java-11-openjdk/lib/libmanagement_ext.so
7f0d38017000-7f0d38018000 ---p 00005000 08:01 25431568                   /usr/lib/jvm/java-11-openjdk/lib/libmanagement_ext.so
7f0d38018000-7f0d38019000 r--p 00005000 08:01 25431568                   /usr/lib/jvm/java-11-openjdk/lib/libmanagement_ext.so
7f0d38019000-7f0d3801a000 rw-p 00006000 08:01 25431568                   /usr/lib/jvm/java-11-openjdk/lib/libmanagement_ext.so
7f0d3801a000-7f0d3801d000 r--p 00000000 08:01 25431564                   /usr/lib/jvm/java-11-openjdk/lib/libmanagement.so
7f0d3801d000-7f0d3801e000 r-xp 00003000 08:01 25431564                   /usr/lib/jvm/java-11-openjdk/lib/libmanagement.so
7f0d3801e000-7f0d3801f000 r--p 00004000 08:01 25431564                   /usr/lib/jvm/java-11-openjdk/lib/libmanagement.so
7f0d3801f000-7f0d38020000 r--p 00004000 08:01 25431564                   /usr/lib/jvm/java-11-openjdk/lib/libmanagement.so
7f0d38020000-7f0d38021000 rw-p 00005000 08:01 25431564                   /usr/lib/jvm/java-11-openjdk/lib/libmanagement.so
7f0d38021000-7f0d38045000 r--p 00000000 08:01 25822930                   /usr/share/locale/sv/LC_MESSAGES/libc.mo
7f0d38045000-7f0d38076000 rw-p 00000000 00:00 0 
7f0d38076000-7f0d3807a000 r--p 00000000 08:01 25431572                   /usr/lib/jvm/java-11-openjdk/lib/libnet.so
7f0d3807a000-7f0d38089000 r-xp 00004000 08:01 25431572                   /usr/lib/jvm/java-11-openjdk/lib/libnet.so
7f0d38089000-7f0d3808d000 r--p 00013000 08:01 25431572                   /usr/lib/jvm/java-11-openjdk/lib/libnet.so
7f0d3808d000-7f0d3808e000 r--p 00016000 08:01 25431572                   /usr/lib/jvm/java-11-openjdk/lib/libnet.so
7f0d3808e000-7f0d3808f000 rw-p 00017000 08:01 25431572                   /usr/lib/jvm/java-11-openjdk/lib/libnet.so
7f0d3808f000-7f0d38910000 rw-p 00000000 00:00 0 
7f0d38910000-7f0d38b80000 rwxp 00000000 00:00 0 
7f0d38b80000-7f0d38ea0000 ---p 00000000 00:00 0 
7f0d38ea0000-7f0d394f0000 rwxp 00000000 00:00 0 
7f0d394f0000-7f0d403d8000 ---p 00000000 00:00 0 
7f0d403d8000-7f0d40648000 rwxp 00000000 00:00 0 
7f0d40648000-7f0d47910000 ---p 00000000 00:00 0 
7f0d47910000-7f0d50000000 r--s 00000000 08:01 25431589                   /usr/lib/jvm/java-11-openjdk/lib/modules
7f0d50000000-7f0d5117e000 rw-p 00000000 00:00 0 
7f0d5117e000-7f0d54000000 ---p 00000000 00:00 0 
7f0d54003000-7f0d5400a000 r--p 00000000 08:01 25431574                   /usr/lib/jvm/java-11-openjdk/lib/libnio.so
7f0d5400a000-7f0d54011000 r-xp 00007000 08:01 25431574                   /usr/lib/jvm/java-11-openjdk/lib/libnio.so
7f0d54011000-7f0d54014000 r--p 0000e000 08:01 25431574                   /usr/lib/jvm/java-11-openjdk/lib/libnio.so
7f0d54014000-7f0d54015000 r--p 00010000 08:01 25431574                   /usr/lib/jvm/java-11-openjdk/lib/libnio.so
7f0d54015000-7f0d54016000 rw-p 00011000 08:01 25431574                   /usr/lib/jvm/java-11-openjdk/lib/libnio.so
7f0d54016000-7f0d540db000 rw-p 00000000 00:00 0 
7f0d540db000-7f0d540dc000 ---p 00000000 00:00 0 
7f0d540dc000-7f0d541dd000 rw-p 00000000 00:00 0 
7f0d541dd000-7f0d541de000 ---p 00000000 00:00 0 
7f0d541de000-7f0d546e3000 rw-p 00000000 00:00 0 
7f0d546e3000-7f0d546e4000 ---p 00000000 00:00 0 
7f0d546e4000-7f0d547e5000 rw-p 00000000 00:00 0 
7f0d547e5000-7f0d547e6000 ---p 00000000 00:00 0 
7f0d547e6000-7f0d54ba5000 rw-p 00000000 00:00 0 
7f0d54ba5000-7f0d56811000 ---p 00000000 00:00 0 
7f0d56811000-7f0d56861000 rw-p 00000000 00:00 0 
7f0d56861000-7f0d56bee000 ---p 00000000 00:00 0 
7f0d56bee000-7f0d56c3e000 rw-p 00000000 00:00 0 
7f0d56c3e000-7f0d56fcb000 ---p 00000000 00:00 0 
7f0d56fcb000-7f0d5701b000 rw-p 00000000 00:00 0 
7f0d5701b000-7f0d573a8000 ---p 00000000 00:00 0 
7f0d573a8000-7f0d577ac000 rw-p 00000000 00:00 0 
7f0d577ac000-7f0d577ad000 ---p 00000000 00:00 0 
7f0d577ad000-7f0d578b3000 rw-p 00000000 00:00 0 
7f0d578b3000-7f0d57999000 ---p 00000000 00:00 0 
7f0d57999000-7f0d579a6000 rw-p 00000000 00:00 0 
7f0d579a6000-7f0d57a84000 ---p 00000000 00:00 0 
7f0d57a84000-7f0d57a89000 rw-p 00000000 00:00 0 
7f0d57a89000-7f0d57a90000 ---p 00000000 00:00 0 
7f0d57a90000-7f0d57a92000 r--p 00000000 08:01 25431558                   /usr/lib/jvm/java-11-openjdk/lib/libjimage.so
7f0d57a92000-7f0d57a95000 r-xp 00002000 08:01 25431558                   /usr/lib/jvm/java-11-openjdk/lib/libjimage.so
7f0d57a95000-7f0d57a96000 r--p 00005000 08:01 25431558                   /usr/lib/jvm/java-11-openjdk/lib/libjimage.so
7f0d57a96000-7f0d57a97000 ---p 00006000 08:01 25431558                   /usr/lib/jvm/java-11-openjdk/lib/libjimage.so
7f0d57a97000-7f0d57a98000 r--p 00006000 08:01 25431558                   /usr/lib/jvm/java-11-openjdk/lib/libjimage.so
7f0d57a98000-7f0d57a99000 rw-p 00007000 08:01 25431558                   /usr/lib/jvm/java-11-openjdk/lib/libjimage.so
7f0d57a99000-7f0d57a9b000 r--p 00000000 08:01 25431588                   /usr/lib/jvm/java-11-openjdk/lib/libzip.so
7f0d57a9b000-7f0d57a9f000 r-xp 00002000 08:01 25431588                   /usr/lib/jvm/java-11-openjdk/lib/libzip.so
7f0d57a9f000-7f0d57aa1000 r--p 00006000 08:01 25431588                   /usr/lib/jvm/java-11-openjdk/lib/libzip.so
7f0d57aa1000-7f0d57aa2000 r--p 00007000 08:01 25431588                   /usr/lib/jvm/java-11-openjdk/lib/libzip.so
7f0d57aa2000-7f0d57aa3000 rw-p 00008000 08:01 25431588                   /usr/lib/jvm/java-11-openjdk/lib/libzip.so
7f0d57aa3000-7f0d57ab1000 r--p 00000000 08:01 25431552                   /usr/lib/jvm/java-11-openjdk/lib/libjava.so
7f0d57ab1000-7f0d57ac6000 r-xp 0000e000 08:01 25431552                   /usr/lib/jvm/java-11-openjdk/lib/libjava.so
7f0d57ac6000-7f0d57acd000 r--p 00023000 08:01 25431552                   /usr/lib/jvm/java-11-openjdk/lib/libjava.so
7f0d57acd000-7f0d57ace000 r--p 00029000 08:01 25431552                   /usr/lib/jvm/java-11-openjdk/lib/libjava.so
7f0d57ace000-7f0d57acf000 rw-p 0002a000 08:01 25431552                   /usr/lib/jvm/java-11-openjdk/lib/libjava.so
7f0d57acf000-7f0d57ad0000 rw-p 00000000 00:00 0 
7f0d57ad0000-7f0d57ad3000 r--p 00000000 08:01 25176786                   /usr/lib/librt-2.31.so
7f0d57ad3000-7f0d57ad7000 r-xp 00003000 08:01 25176786                   /usr/lib/librt-2.31.so
7f0d57ad7000-7f0d57ad8000 r--p 00007000 08:01 25176786                   /usr/lib/librt-2.31.so
7f0d57ad8000-7f0d57ad9000 ---p 00008000 08:01 25176786                   /usr/lib/librt-2.31.so
7f0d57ad9000-7f0d57ada000 r--p 00008000 08:01 25176786                   /usr/lib/librt-2.31.so
7f0d57ada000-7f0d57adb000 rw-p 00009000 08:01 25176786                   /usr/lib/librt-2.31.so
7f0d57adb000-7f0d57adf000 ---p 00000000 00:00 0 
7f0d57adf000-7f0d57bdc000 rw-p 00000000 00:00 0 
7f0d57bdc000-7f0d57bdf000 r--p 00000000 08:01 25170254                   /usr/lib/libgcc_s.so.1
7f0d57bdf000-7f0d57bf0000 r-xp 00003000 08:01 25170254                   /usr/lib/libgcc_s.so.1
7f0d57bf0000-7f0d57bf4000 r--p 00014000 08:01 25170254                   /usr/lib/libgcc_s.so.1
7f0d57bf4000-7f0d57bf5000 r--p 00017000 08:01 25170254                   /usr/lib/libgcc_s.so.1
7f0d57bf5000-7f0d57bf6000 rw-p 00018000 08:01 25170254                   /usr/lib/libgcc_s.so.1
7f0d57bf6000-7f0d57c05000 r--p 00000000 08:01 25175017                   /usr/lib/libm-2.31.so
7f0d57c05000-7f0d57ca1000 r-xp 0000f000 08:01 25175017                   /usr/lib/libm-2.31.so
7f0d57ca1000-7f0d57d3a000 r--p 000ab000 08:01 25175017                   /usr/lib/libm-2.31.so
7f0d57d3a000-7f0d57d3b000 r--p 00143000 08:01 25175017                   /usr/lib/libm-2.31.so
7f0d57d3b000-7f0d57d3c000 rw-p 00144000 08:01 25175017                   /usr/lib/libm-2.31.so
7f0d57d3c000-7f0d57dd2000 r--p 00000000 08:01 25172068                   /usr/lib/libstdc++.so.6.0.28
7f0d57dd2000-7f0d57ecb000 r-xp 00096000 08:01 25172068                   /usr/lib/libstdc++.so.6.0.28
7f0d57ecb000-7f0d57f14000 r--p 0018f000 08:01 25172068                   /usr/lib/libstdc++.so.6.0.28
7f0d57f14000-7f0d57f21000 r--p 001d7000 08:01 25172068                   /usr/lib/libstdc++.so.6.0.28
7f0d57f21000-7f0d57f22000 rw-p 001e4000 08:01 25172068                   /usr/lib/libstdc++.so.6.0.28
7f0d57f22000-7f0d57f25000 rw-p 00000000 00:00 0 
7f0d57f25000-7f0d58195000 r--p 00000000 08:01 28055245                   /usr/lib/jvm/java-11-openjdk/lib/server/libjvm.so
7f0d58195000-7f0d58d6b000 r-xp 00270000 08:01 28055245                   /usr/lib/jvm/java-11-openjdk/lib/server/libjvm.so
7f0d58d6b000-7f0d58fac000 r--p 00e46000 08:01 28055245                   /usr/lib/jvm/java-11-openjdk/lib/server/libjvm.so
7f0d58fac000-7f0d58fad000 ---p 01087000 08:01 28055245                   /usr/lib/jvm/java-11-openjdk/lib/server/libjvm.so
7f0d58fad000-7f0d5906b000 r--p 01087000 08:01 28055245                   /usr/lib/jvm/java-11-openjdk/lib/server/libjvm.so
7f0d5906b000-7f0d590a4000 rw-p 01145000 08:01 28055245                   /usr/lib/jvm/java-11-openjdk/lib/server/libjvm.so
7f0d590a4000-7f0d590fc000 rw-p 00000000 00:00 0 
7f0d590fc000-7f0d59103000 r--p 00000000 08:01 25175045                   /usr/lib/libpthread-2.31.so
7f0d59103000-7f0d59113000 r-xp 00007000 08:01 25175045                   /usr/lib/libpthread-2.31.so
7f0d59113000-7f0d59118000 r--p 00017000 08:01 25175045                   /usr/lib/libpthread-2.31.so
7f0d59118000-7f0d59119000 r--p 0001b000 08:01 25175045                   /usr/lib/libpthread-2.31.so
7f0d59119000-7f0d5911a000 rw-p 0001c000 08:01 25175045                   /usr/lib/libpthread-2.31.so
7f0d5911a000-7f0d5911e000 rw-p 00000000 00:00 0 
7f0d5911e000-7f0d5911f000 r--p 00000000 08:01 25175011                   /usr/lib/libdl-2.31.so
7f0d5911f000-7f0d59120000 r-xp 00001000 08:01 25175011                   /usr/lib/libdl-2.31.so
7f0d59120000-7f0d59121000 r--p 00002000 08:01 25175011                   /usr/lib/libdl-2.31.so
7f0d59121000-7f0d59122000 r--p 00002000 08:01 25175011                   /usr/lib/libdl-2.31.so
7f0d59122000-7f0d59123000 rw-p 00003000 08:01 25175011                   /usr/lib/libdl-2.31.so
7f0d59123000-7f0d59126000 r--p 00000000 08:01 25172189                   /usr/lib/libz.so.1.2.11
7f0d59126000-7f0d59134000 r-xp 00003000 08:01 25172189                   /usr/lib/libz.so.1.2.11
7f0d59134000-7f0d5913a000 r--p 00011000 08:01 25172189                   /usr/lib/libz.so.1.2.11
7f0d5913a000-7f0d5913b000 ---p 00017000 08:01 25172189                   /usr/lib/libz.so.1.2.11
7f0d5913b000-7f0d5913c000 r--p 00017000 08:01 25172189                   /usr/lib/libz.so.1.2.11
7f0d5913c000-7f0d5913d000 rw-p 00018000 08:01 25172189                   /usr/lib/libz.so.1.2.11
7f0d5913d000-7f0d59162000 r--p 00000000 08:01 25175002                   /usr/lib/libc-2.31.so
7f0d59162000-7f0d592ae000 r-xp 00025000 08:01 25175002                   /usr/lib/libc-2.31.so
7f0d592ae000-7f0d592f9000 r--p 00171000 08:01 25175002                   /usr/lib/libc-2.31.so
7f0d592f9000-7f0d592fc000 r--p 001bb000 08:01 25175002                   /usr/lib/libc-2.31.so
7f0d592fc000-7f0d592ff000 rw-p 001be000 08:01 25175002                   /usr/lib/libc-2.31.so
7f0d592ff000-7f0d59303000 rw-p 00000000 00:00 0 
7f0d59308000-7f0d59310000 rw-s 00000000 00:2d 129                        /tmp/hsperfdata_simon/45285
7f0d59310000-7f0d59313000 r--p 00000000 08:01 25175038                   /usr/lib/libnss_files-2.31.so
7f0d59313000-7f0d5931a000 r-xp 00003000 08:01 25175038                   /usr/lib/libnss_files-2.31.so
7f0d5931a000-7f0d5931c000 r--p 0000a000 08:01 25175038                   /usr/lib/libnss_files-2.31.so
7f0d5931c000-7f0d5931d000 r--p 0000b000 08:01 25175038                   /usr/lib/libnss_files-2.31.so
7f0d5931d000-7f0d5931e000 rw-p 0000c000 08:01 25175038                   /usr/lib/libnss_files-2.31.so
7f0d5931e000-7f0d59324000 rw-p 00000000 00:00 0 
7f0d59324000-7f0d59325000 ---p 00000000 00:00 0 
7f0d59325000-7f0d59326000 r--p 00000000 00:00 0 
7f0d59326000-7f0d5932b000 r--p 00000000 08:01 25431586                   /usr/lib/jvm/java-11-openjdk/lib/libverify.so
7f0d5932b000-7f0d59332000 r-xp 00005000 08:01 25431586                   /usr/lib/jvm/java-11-openjdk/lib/libverify.so
7f0d59332000-7f0d59334000 r--p 0000c000 08:01 25431586                   /usr/lib/jvm/java-11-openjdk/lib/libverify.so
7f0d59334000-7f0d59335000 ---p 0000e000 08:01 25431586                   /usr/lib/jvm/java-11-openjdk/lib/libverify.so
7f0d59335000-7f0d59337000 r--p 0000e000 08:01 25431586                   /usr/lib/jvm/java-11-openjdk/lib/libverify.so
7f0d59337000-7f0d59338000 rw-p 00010000 08:01 25431586                   /usr/lib/jvm/java-11-openjdk/lib/libverify.so
7f0d59338000-7f0d5933b000 r--p 00000000 08:01 28055235                   /usr/lib/jvm/java-11-openjdk/lib/jli/libjli.so
7f0d5933b000-7f0d59345000 r-xp 00003000 08:01 28055235                   /usr/lib/jvm/java-11-openjdk/lib/jli/libjli.so
7f0d59345000-7f0d59348000 r--p 0000d000 08:01 28055235                   /usr/lib/jvm/java-11-openjdk/lib/jli/libjli.so
7f0d59348000-7f0d59349000 ---p 00010000 08:01 28055235                   /usr/lib/jvm/java-11-openjdk/lib/jli/libjli.so
7f0d59349000-7f0d5934a000 r--p 00010000 08:01 28055235                   /usr/lib/jvm/java-11-openjdk/lib/jli/libjli.so
7f0d5934a000-7f0d5934b000 rw-p 00011000 08:01 28055235                   /usr/lib/jvm/java-11-openjdk/lib/jli/libjli.so
7f0d5934b000-7f0d5934d000 rw-p 00000000 00:00 0 
7f0d5934d000-7f0d5934f000 r--p 00000000 08:01 25174991                   /usr/lib/ld-2.31.so
7f0d5934f000-7f0d5936f000 r-xp 00002000 08:01 25174991                   /usr/lib/ld-2.31.so
7f0d5936f000-7f0d59377000 r--p 00022000 08:01 25174991                   /usr/lib/ld-2.31.so
7f0d59378000-7f0d59379000 r--p 0002a000 08:01 25174991                   /usr/lib/ld-2.31.so
7f0d59379000-7f0d5937a000 rw-p 0002b000 08:01 25174991                   /usr/lib/ld-2.31.so
7f0d5937a000-7f0d5937b000 rw-p 00000000 00:00 0 
7ffc5bfc9000-7ffc5bfed000 rw-p 00000000 00:00 0                          [stack]
7ffc5bfed000-7ffc5bff0000 r--p 00000000 00:00 0                          [vvar]
7ffc5bff0000-7ffc5bff1000 r-xp 00000000 00:00 0                          [vdso]
ffffffffff600000-ffffffffff601000 --xp 00000000 00:00 0                  [vsyscall]


VM Arguments:
jvm_args: -Dfile.encoding=UTF-8 -Duser.country=SE -Duser.language=sv -Duser.variant 
java_command: com.slimsimapps.avotingapp.AVotingAppApplication
java_class_path (initial): /home/simon/Dropbox/prog/a-voting-app/build/classes/java/main:/home/simon/Dropbox/prog/a-voting-app/build/resources/main:/home/simon/.gradle/caches/modules-2/files-2.1/org.springframework.boot/spring-boot-starter-data-jpa/2.2.6.RELEASE/e6bfecf4694867d815514799ea23a937c623f496/spring-boot-starter-data-jpa-2.2.6.RELEASE.jar:/home/simon/.gradle/caches/modules-2/files-2.1/org.springframework.boot/spring-boot-starter-thymeleaf/2.2.6.RELEASE/4ea7956f653e37d12ee6d4bb14f14d6275223388/spring-boot-starter-thymeleaf-2.2.6.RELEASE.jar:/home/simon/.gradle/caches/modules-2/files-2.1/org.springframework.boot/spring-boot-starter-web/2.2.6.RELEASE/4f76853c40cd6c7a0214083b36cd8cfe7c5d7b48/spring-boot-starter-web-2.2.6.RELEASE.jar:/home/simon/.gradle/caches/modules-2/files-2.1/org.apache.derby/derby/10.14.2.0/7efad40ef52fbb1f08142f07a83b42d29e47d8ce/derby-10.14.2.0.jar:/home/simon/.gradle/caches/modules-2/files-2.1/org.springframework.boot/spring-boot-starter-aop/2.2.6.RELEASE/fc76ce1ca3725c25355703de2ff1015d6b8c80b6/spring-boot-starter-aop-2.2.6.RELEASE.jar:/home/simon/.gradle/caches/modules-2/files-2.1/org.springframework.boot/spring-boot-starter-jdbc/2.2.6.RELEASE/ca8051a3df9eb7355728f1caf22891eec97b9b92/spring-boot-starter-jdbc-2.2.6.RELEASE.jar:/home/simon/.gradle/caches/modules-2/files-2.1/org.hibernate/hibernate-core/5.4.12.Final/7813daed21576920450443097d69823245d112d2/hibernate-core-5.4.12.Final.jar:/home/simon/.gradle/caches/modules-2/files-2.1/org.glassfish.jaxb/jaxb-runtime/2.3.2/5528bc882ea499a09d720b42af11785c4fc6be2a/jaxb-runtime-2.3.2.jar:/home/simon/.gradle/caches/modules-2/files-2.1/org.jvnet.staxex/stax-ex/1.8.1/78011e483a21102fb4858f3e8f269a677e50aa23/stax-ex-1.8.1.jar:/home/simon/.gradle/caches/modules-2/files-2.1/jakarta.xml.bind/jakarta.xml.bind-api/2.3.3/48e3b9cfc10752fba3521d6511f4165bea951801/jakarta.xml.bind-api-2.3.3.jar:/home/simon/.gradle/caches/modules-2/files-2.1/com.sun.istack/istack-commons-runtime/3.0.8/d6a97364045aa6b99b
Launcher Type: SUN_STANDARD

[Global flags]
     intx CICompilerCount                          = 3                                         {product} {ergonomic}
     uint ConcGCThreads                            = 1                                         {product} {ergonomic}
     uint G1ConcRefinementThreads                  = 4                                         {product} {ergonomic}
   size_t G1HeapRegionSize                         = 1048576                                   {product} {ergonomic}
    uintx GCDrainStackTargetSize                   = 64                                        {product} {ergonomic}
   size_t InitialHeapSize                          = 130023424                                 {product} {ergonomic}
   size_t MarkStackSize                            = 4194304                                   {product} {ergonomic}
   size_t MaxHeapSize                              = 2074083328                                {product} {ergonomic}
   size_t MaxNewSize                               = 1243611136                                {product} {ergonomic}
   size_t MinHeapDeltaBytes                        = 1048576                                   {product} {ergonomic}
    uintx NonNMethodCodeHeapSize                   = 5830732                                {pd product} {ergonomic}
    uintx NonProfiledCodeHeapSize                  = 122913754                              {pd product} {ergonomic}
    uintx ProfiledCodeHeapSize                     = 122913754                              {pd product} {ergonomic}
    uintx ReservedCodeCacheSize                    = 251658240                              {pd product} {ergonomic}
     bool SegmentedCodeCache                       = true                                      {product} {ergonomic}
     bool UseCompressedClassPointers               = true                                 {lp64_product} {ergonomic}
     bool UseCompressedOops                        = true                                 {lp64_product} {ergonomic}
     bool UseG1GC                                  = true                                      {product} {ergonomic}

Logging:
Log output configuration:
 #0: stdout all=warning uptime,level,tags
 #1: stderr all=off uptime,level,tags

Environment Variables:
PATH=/home/simon/.local/bin:/usr/local/bin:/usr/bin:/bin:/usr/local/sbin:/usr/lib/jvm/default/bin:/usr/bin/site_perl:/usr/bin/vendor_perl:/usr/bin/core_perl:/var/lib/snapd/snap/bin
SHELL=/bin/bash
DISPLAY=:0

Signal Handlers:
SIGSEGV: [libjvm.so+0xdd1b00], sa_mask[0]=11111111011111111101111111111110, sa_flags=SA_RESTART|SA_SIGINFO
SIGBUS: [libjvm.so+0xdd1b00], sa_mask[0]=11111111011111111101111111111110, sa_flags=SA_RESTART|SA_SIGINFO
SIGFPE: [libjvm.so+0xdd1b00], sa_mask[0]=11111111011111111101111111111110, sa_flags=SA_RESTART|SA_SIGINFO
SIGPIPE: [libjvm.so+0xbc6960], sa_mask[0]=11111111011111111101111111111110, sa_flags=SA_RESTART|SA_SIGINFO
SIGXFSZ: [libjvm.so+0xbc6960], sa_mask[0]=11111111011111111101111111111110, sa_flags=SA_RESTART|SA_SIGINFO
SIGILL: [libjvm.so+0xdd1b00], sa_mask[0]=11111111011111111101111111111110, sa_flags=SA_RESTART|SA_SIGINFO
SIGUSR2: [libjvm.so+0xbc67f0], sa_mask[0]=00100000000000000000000000000000, sa_flags=SA_RESTART|SA_SIGINFO
SIGHUP: [libjvm.so+0xbc6ce0], sa_mask[0]=11111111011111111101111111111110, sa_flags=SA_RESTART|SA_SIGINFO
SIGINT: [libjvm.so+0xbc6ce0], sa_mask[0]=11111111011111111101111111111110, sa_flags=SA_RESTART|SA_SIGINFO
SIGTERM: [libjvm.so+0xbc6ce0], sa_mask[0]=11111111011111111101111111111110, sa_flags=SA_RESTART|SA_SIGINFO
SIGQUIT: [libjvm.so+0xbc6ce0], sa_mask[0]=11111111011111111101111111111110, sa_flags=SA_RESTART|SA_SIGINFO


---------------  S Y S T E M  ---------------

OS:DISTRIB_ID=ManjaroLinux
DISTRIB_RELEASE=19.0.2
DISTRIB_CODENAME=Kyria
DISTRIB_DESCRIPTION="Manjaro Linux"
uname:Linux 5.4.31-1-MANJARO #1 SMP PREEMPT Wed Apr 8 10:25:32 UTC 2020 x86_64
libc:glibc 2.31 NPTL 2.31 
rlimit: STACK 8192k, CORE infinity, NPROC 31551, NOFILE 524288, AS infinity, DATA infinity, FSIZE infinity
load average:0,10 0,44 0,46

/proc/meminfo:
MemTotal:        8096652 kB
MemFree:          330948 kB
MemAvailable:    1468448 kB
Buffers:          196196 kB
Cached:          1535620 kB
SwapCached:       489592 kB
Active:          5498772 kB
Inactive:        1669064 kB
Active(anon):    4767412 kB
Inactive(anon):  1096216 kB
Active(file):     731360 kB
Inactive(file):   572848 kB
Unevictable:           0 kB
Mlocked:               0 kB
SwapTotal:       9227464 kB
SwapFree:        7685104 kB
Dirty:              8632 kB
Writeback:             0 kB
AnonPages:       5362552 kB
Mapped:           574976 kB
Shmem:            427604 kB
KReclaimable:     109104 kB
Slab:             197736 kB
SReclaimable:     109104 kB
SUnreclaim:        88632 kB
KernelStack:       22064 kB
PageTables:        63684 kB
NFS_Unstable:          0 kB
Bounce:                0 kB
WritebackTmp:          0 kB
CommitLimit:    13275788 kB
Committed_AS:   20592996 kB
VmallocTotal:   34359738367 kB
VmallocUsed:       49736 kB
VmallocChunk:          0 kB
Percpu:             1920 kB
HardwareCorrupted:     0 kB
AnonHugePages:         0 kB
ShmemHugePages:        0 kB
ShmemPmdMapped:        0 kB
FileHugePages:         0 kB
FilePmdMapped:         0 kB
HugePages_Total:       0
HugePages_Free:        0
HugePages_Rsvd:        0
HugePages_Surp:        0
Hugepagesize:       2048 kB
Hugetlb:               0 kB
DirectMap4k:     3153012 kB
DirectMap2M:     5177344 kB
DirectMap1G:           0 kB


/proc/sys/kernel/threads-max (system-wide limit on the number of threads):
63103


/proc/sys/vm/max_map_count (maximum number of memory map areas a process may have):
65530


/proc/sys/kernel/pid_max (system-wide limit on number of process identifiers):
4194304



container (cgroup) information:
container_type: cgroupv1
cpu_cpuset_cpus: 0-3
cpu_memory_nodes: 0
active_processor_count: 4
cpu_quota: -1
cpu_period: 100000
cpu_shares: -1
memory_limit_in_bytes: -1
memory_and_swap_limit_in_bytes: -1
memory_soft_limit_in_bytes: -1
memory_usage_in_bytes: 7070703616
memory_max_usage_in_bytes: 7510228992

Steal ticks since vm start: 0
Steal ticks percentage since vm start:  0,000

CPU:total 4 (initial active 4) (4 cores per cpu, 1 threads per core) family 6 model 60 stepping 3, cmov, cx8, fxsr, mmx, sse, sse2, sse3, ssse3, sse4.1, sse4.2, popcnt, avx, avx2, aes, clmul, erms, lzcnt, tsc, tscinvbit, bmi1, bmi2, fma
CPU Model and flags from /proc/cpuinfo:
model name	: Intel(R) Core(TM) i5-4690K CPU @ 3.50GHz
flags		: fpu vme de pse tsc msr pae mce cx8 apic sep mtrr pge mca cmov pat pse36 clflush dts acpi mmx fxsr sse sse2 ss ht tm pbe syscall nx pdpe1gb rdtscp lm constant_tsc arch_perfmon pebs bts rep_good nopl xtopology nonstop_tsc cpuid aperfmperf pni pclmulqdq dtes64 monitor ds_cpl vmx est tm2 ssse3 sdbg fma cx16 xtpr pdcm pcid sse4_1 sse4_2 x2apic movbe popcnt tsc_deadline_timer aes xsave avx f16c rdrand lahf_lm abm cpuid_fault epb invpcid_single pti ssbd ibrs ibpb stibp tpr_shadow vnmi flexpriority ept vpid ept_ad fsgsbase tsc_adjust bmi1 avx2 smep bmi2 erms invpcid xsaveopt dtherm ida arat pln pts md_clear flush_l1d

Memory: 4k page, physical 8096652k(330948k free), swap 9227464k(7685104k free)

vm_info: OpenJDK 64-Bit Server VM (11.0.6+10) for linux-amd64 JRE (11.0.6+10), built on Jan 17 2020 06:39:31 by "builduser" with gcc 9.2.0

END.
