#
# A fatal error has been detected by the Java Runtime Environment:
#
#  SIGSEGV (0xb) at pc=0x00007f217e6f7460, pid=41546, tid=41559
#
# JRE version: OpenJDK Runtime Environment (11.0.6+10) (build 11.0.6+10)
# Java VM: OpenJDK 64-Bit Server VM (11.0.6+10, mixed mode, tiered, compressed oops, g1 gc, linux-amd64)
# Problematic frame:
# V  [libjvm.so+0x4bc460]
#
# Core dump will be written. Default location: Core dumps may be processed with "/usr/lib/systemd/systemd-coredump %P %u %g %s %t %c %h" (or dumping to /home/simon/Dropbox/prog/a-voting-app/core.41546)
#
# If you would like to submit a bug report, please visit:
#   http://bugreport.java.com/bugreport/crash.jsp
#

---------------  S U M M A R Y ------------

Command Line: -Dfile.encoding=UTF-8 -Duser.country=SE -Duser.language=sv -Duser.variant com.slimsimapps.avotingapp.AVotingAppApplication

Host: Intel(R) Core(TM) i5-4690K CPU @ 3.50GHz, 4 cores, 7G, Manjaro Linux
Time: Thu Apr 30 21:55:28 2020 CEST elapsed time: 0 seconds (0d 0h 0m 0s)

---------------  T H R E A D  ---------------

Current thread (0x00007f217815f800):  JavaThread "C1 CompilerThread0" daemon [_thread_in_native, id=41559, stack(0x00007f215184d000,0x00007f215194e000)]


Current CompileTask:
C1:    421  775       3       jdk.internal.org.objectweb.asm.Frame::execute (2264 bytes)

Stack: [0x00007f215184d000,0x00007f215194e000],  sp=0x00007f215194bfd8,  free space=1019k
Native frames: (J=compiled Java code, A=aot compiled Java code, j=interpreted, Vv=VM code, C=native code)
V  [libjvm.so+0x4bc460]
V  [libjvm.so+0x4bc397]
V  [libjvm.so+0x4c119a]
V  [libjvm.so+0x4c1225]
V  [libjvm.so+0x4c1225]
V  [libjvm.so+0x4c1225]
V  [libjvm.so+0x4c1225]
V  [libjvm.so+0x4c1c23]
V  [libjvm.so+0x538bc6]
V  [libjvm.so+0x4997e7]
V  [libjvm.so+0x49a59c]
V  [libjvm.so+0x49a713]
V  [libjvm.so+0x49ab98]
V  [libjvm.so+0x49b4ce]
V  [libjvm.so+0x61cd36]
V  [libjvm.so+0x61df98]
V  [libjvm.so+0xd68246]
V  [libjvm.so+0xd68629]
V  [libjvm.so+0xd63178]
V  [libjvm.so+0xbcf701]


siginfo: si_signo: 11 (SIGSEGV), si_code: 128 (SI_KERNEL), si_addr: 0x0000000000000000

Register to memory mapping:

RAX=0x00007f217f2c6ca0: <offset 0x000000000108bca0> in /usr/lib/jvm/java-11-openjdk/lib/server/libjvm.so at 0x00007f217e23b000
RBX=0x0000000000000001 is an unknown value
RCX=0x00007f21283a7b70 points into unknown readable memory: b8 b6 35 7f 21 7f 00 00
RDX=0x0000000000000001 is an unknown value
RSP=0x00007f215194bfd8 is pointing into the stack for thread: 0x00007f217815f800
RBP=0x00007f215194c000 is pointing into the stack for thread: 0x00007f217815f800
RSI=0x08007f21283d2cb0 is an unknown value
RDI=0x00007f215194c278 is pointing into the stack for thread: 0x00007f217815f800
R8 =0x00007f21283d23e0 points into unknown readable memory: f8 c2 35 7f 21 7f 00 00
R9 =0x0 is NULL
R10=0x00007f2128436000 points into unknown readable memory: 10 61 43 28 21 7f 00 00
R11=0x0000000000000206 is an unknown value
R12=0x00007f215194c278 is pointing into the stack for thread: 0x00007f217815f800
R13=0x00007f21283d2e90 points into unknown readable memory: 20 81 2c 7f 21 7f 00 00
R14=0x00007f217f09c7b5: <offset 0x0000000000e617b5> in /usr/lib/jvm/java-11-openjdk/lib/server/libjvm.so at 0x00007f217e23b000
R15=0x00007f21283d2df0 points into unknown readable memory: f0 e9 35 7f 21 7f 00 00


Registers:
RAX=0x00007f217f2c6ca0, RBX=0x0000000000000001, RCX=0x00007f21283a7b70, RDX=0x0000000000000001
RSP=0x00007f215194bfd8, RBP=0x00007f215194c000, RSI=0x08007f21283d2cb0, RDI=0x00007f215194c278
R8 =0x00007f21283d23e0, R9 =0x0000000000000000, R10=0x00007f2128436000, R11=0x0000000000000206
R12=0x00007f215194c278, R13=0x00007f21283d2e90, R14=0x00007f217f09c7b5, R15=0x00007f21283d2df0
RIP=0x00007f217e6f7460, EFLAGS=0x0000000000010202, CSGSFS=0x002b000000000033, ERR=0x0000000000000000
  TRAPNO=0x000000000000000d

Top of Stack: (sp=0x00007f215194bfd8)
0x00007f215194bfd8:   00007f217e6fe6ad 00007f215194c278
0x00007f215194bfe8:   00007f21283d2e90 00007f215194c278
0x00007f215194bff8:   00007f217e6cfb40 00007f215194c040
0x00007f215194c008:   00007f217e6f7397 0000000000000007 

Instructions: (pc=0x00007f217e6f7460)
0x00007f217e6f7360:   31 ff 41 56 4c 8d 35 4a 54 9a 00 41 55 4c 8d 2d
0x00007f217e6f7370:   cc 87 fd ff 41 54 4c 8d 67 08 53 48 89 f3 48 83
0x00007f217e6f7380:   ec 08 66 0f 1f 44 00 00 48 8b 03 4c 89 e6 48 89
0x00007f217e6f7390:   df ff 90 b8 01 00 00 48 8b 03 4c 89 e6 48 89 df
0x00007f217e6f73a0:   ff 90 c0 01 00 00 48 8b 03 48 8b 80 c8 01 00 00
0x00007f217e6f73b0:   4c 39 e8 75 63 48 89 d8 0f 1f 84 00 00 00 00 00
0x00007f217e6f73c0:   48 89 c2 48 8b 40 28 48 85 c0 75 f4 48 39 da 74
0x00007f217e6f73d0:   37 4d 85 ff 74 52 48 8b 5b 20 49 8b 47 58 81 4b
0x00007f217e6f73e0:   38 00 00 04 00 48 89 43 58 49 89 5f 20 48 85 db
0x00007f217e6f73f0:   75 96 48 83 c4 08 5b 41 5c 41 5d 41 5e 41 5f 5d
0x00007f217e6f7400:   c3 0f 1f 80 00 00 00 00 48 8b 5b 20 49 89 d7 eb
0x00007f217e6f7410:   dc 0f 1f 80 00 00 00 00 4c 89 e6 48 89 df ff d0
0x00007f217e6f7420:   eb 93 66 0f 1f 44 00 00 48 8d 05 79 e6 c8 00 4c
0x00007f217e6f7430:   89 f1 48 8d 15 8f 53 9a 00 be 78 05 00 00 48 8d
0x00007f217e6f7440:   3d a3 53 9a 00 48 8b 00 c6 00 58 31 c0 67 e8 bd
0x00007f217e6f7450:   31 1b 00 67 e8 d7 b5 70 00 e9 78 ff ff ff c3 90
0x00007f217e6f7460:   48 8b 16 48 85 d2 74 2f 48 89 d0 0f 1f 44 00 00
0x00007f217e6f7470:   48 89 c1 48 8b 40 28 48 85 c0 75 f4 48 39 ca 74
0x00007f217e6f7480:   16 0f 1f 80 00 00 00 00 48 89 d0 48 8b 52 28 48
0x00007f217e6f7490:   85 d2 75 f4 48 89 06 c3 0f 1f 84 00 00 00 00 00
0x00007f217e6f74a0:   55 48 89 e5 41 57 41 56 41 55 49 89 f5 41 54 49
0x00007f217e6f74b0:   89 fc 53 48 83 ec 18 48 83 7e 10 00 0f 84 ae 00
0x00007f217e6f74c0:   00 00 41 8b 0c 24 85 c9 0f 8e 52 01 00 00 31 db
0x00007f217e6f74d0:   4c 8d 35 39 3a f6 ff 84 d2 75 20 e9 c0 00 00 00
0x00007f217e6f74e0:   4c 89 ef 67 e8 c7 8c 0b 00 84 c0 75 48 48 83 c3
0x00007f217e6f74f0:   01 41 39 1c 24 0f 8e 25 01 00 00 49 8b 44 24 18
0x00007f217e6f7500:   48 8b 04 d8 48 8b 38 8b 47 14 85 c0 74 27 67 e8
0x00007f217e6f7510:   7c e8 0a 00 48 83 78 10 00 48 89 c6 75 c2 48 8b
0x00007f217e6f7520:   00 48 8b 40 20 4c 39 f0 75 26 8b 46 18 83 e8 0c
0x00007f217e6f7530:   83 f8 01 77 ab 48 83 c4 18 b8 01 00 00 00 5b 41
0x00007f217e6f7540:   5c 41 5d 41 5e 41 5f 5d c3 0f 1f 80 00 00 00 00
0x00007f217e6f7550:   48 89 75 c8 48 89 f7 ff d0 48 8b 75 c8 84 c0 0f 


Stack slot to memory mapping:
stack at sp + 0 slots: 0x00007f217e6fe6ad: <offset 0x00000000004c36ad> in /usr/lib/jvm/java-11-openjdk/lib/server/libjvm.so at 0x00007f217e23b000
stack at sp + 1 slots: 0x00007f215194c278 is pointing into the stack for thread: 0x00007f217815f800
stack at sp + 2 slots: 0x00007f21283d2e90 points into unknown readable memory: 20 81 2c 7f 21 7f 00 00
stack at sp + 3 slots: 0x00007f215194c278 is pointing into the stack for thread: 0x00007f217815f800
stack at sp + 4 slots: 0x00007f217e6cfb40: <offset 0x0000000000494b40> in /usr/lib/jvm/java-11-openjdk/lib/server/libjvm.so at 0x00007f217e23b000
stack at sp + 5 slots: 0x00007f215194c040 is pointing into the stack for thread: 0x00007f217815f800
stack at sp + 6 slots: 0x00007f217e6f7397: <offset 0x00000000004bc397> in /usr/lib/jvm/java-11-openjdk/lib/server/libjvm.so at 0x00007f217e23b000
stack at sp + 7 slots: 0x0000000000000007 is an unknown value


---------------  P R O C E S S  ---------------

Threads class SMR info:
_java_thread_list=0x00007f21788c6c70, length=11, elements={
0x00007f2178017000, 0x00007f2178144800, 0x00007f2178149000, 0x00007f217815b800,
0x00007f217815d800, 0x00007f217815f800, 0x00007f2178161800, 0x00007f21781e8800,
0x00007f21781f9800, 0x00007f2134148000, 0x00007f21788c7000
}

Java Threads: ( => current thread )
  0x00007f2178017000 JavaThread "main" [_thread_in_Java, id=41548, stack(0x00007f217ddf1000,0x00007f217def2000)]
  0x00007f2178144800 JavaThread "Reference Handler" daemon [_thread_blocked, id=41555, stack(0x00007f216000f000,0x00007f2160110000)]
  0x00007f2178149000 JavaThread "Finalizer" daemon [_thread_blocked, id=41556, stack(0x00007f215812f000,0x00007f2158230000)]
  0x00007f217815b800 JavaThread "Signal Dispatcher" daemon [_thread_blocked, id=41557, stack(0x00007f215802e000,0x00007f215812f000)]
  0x00007f217815d800 JavaThread "C2 CompilerThread0" daemon [_thread_blocked, id=41558, stack(0x00007f215194e000,0x00007f2151a4f000)]
=>0x00007f217815f800 JavaThread "C1 CompilerThread0" daemon [_thread_in_native, id=41559, stack(0x00007f215184d000,0x00007f215194e000)]
  0x00007f2178161800 JavaThread "Sweeper thread" daemon [_thread_blocked, id=41560, stack(0x00007f215174c000,0x00007f215184d000)]
  0x00007f21781e8800 JavaThread "Service Thread" daemon [_thread_blocked, id=41561, stack(0x00007f215164b000,0x00007f215174c000)]
  0x00007f21781f9800 JavaThread "Common-Cleaner" daemon [_thread_blocked, id=41563, stack(0x00007f2151448000,0x00007f2151549000)]
  0x00007f2134148000 JavaThread "C2 CompilerThread1" daemon [_thread_blocked, id=41564, stack(0x00007f2151347000,0x00007f2151448000)]
  0x00007f21788c7000 JavaThread "background-preinit" [_thread_blocked, id=41566, stack(0x00007f2150d44000,0x00007f2150e45000)]

Other Threads:
  0x00007f217813c800 VMThread "VM Thread" [stack: 0x00007f217c093000,0x00007f217c193000] [id=41554] _threads_hazard_ptr=0x00007f21788c6c70
  0x00007f21781eb000 WatcherThread [stack: 0x00007f215154b000,0x00007f215164b000] [id=41562]
  0x00007f217802f000 GCTaskThread "GC Thread#0" [stack: 0x00007f217dac4000,0x00007f217dbc4000] [id=41549]
  0x00007f2144001000 GCTaskThread "GC Thread#1" [stack: 0x00007f2151047000,0x00007f2151147000] [id=41565]
  0x00007f2178060000 ConcurrentGCThread "G1 Main Marker" [stack: 0x00007f217c9e5000,0x00007f217cae5000] [id=41550]
  0x00007f2178062000 ConcurrentGCThread "G1 Conc#0" [stack: 0x00007f217c8e3000,0x00007f217c9e3000] [id=41551]
  0x00007f21780da000 ConcurrentGCThread "G1 Refine#0" [stack: 0x00007f217c3dd000,0x00007f217c4dd000] [id=41552]
  0x00007f21780dc000 ConcurrentGCThread "G1 Young RemSet Sampling" [stack: 0x00007f217c2db000,0x00007f217c3db000] [id=41553]

Threads with active compile tasks:
C1 CompilerThread0    424  775       3       jdk.internal.org.objectweb.asm.Frame::execute (2264 bytes)

VM state:synchronizing (normal execution)

VM Mutex/Monitor currently owned by a thread:  ([mutex/lock_event])
[0x00007f2178013f00] Safepoint_lock - owner thread: 0x00007f217813c800
[0x00007f2178013f90] Threads_lock - owner thread: 0x00007f217813c800

Heap address: 0x0000000084600000, size: 1978 MB, Compressed Oops mode: 32-bit
Narrow klass base: 0x0000000000000000, Narrow klass shift: 3
Compressed class space size: 1073741824 Address: 0x0000000100000000

Heap:
 garbage-first heap   total 126976K, used 10227K [0x0000000084600000, 0x0000000100000000)
  region size 1024K, 7 young (7168K), 2 survivors (2048K)
 Metaspace       used 11182K, capacity 11368K, committed 11648K, reserved 1060864K
  class space    used 1086K, capacity 1135K, committed 1152K, reserved 1048576K
Heap Regions: E=young(eden), S=young(survivor), O=old, HS=humongous(starts), HC=humongous(continues), CS=collection set, F=free, A=archive, TAMS=top-at-mark-start (previous, next)
|   0|0x0000000084600000, 0x0000000084700000, 0x0000000084700000|100%|HS|  |TAMS 0x0000000084600000, 0x0000000084600000| Complete 
|   1|0x0000000084700000, 0x0000000084800000, 0x0000000084800000|100%| O|  |TAMS 0x0000000084700000, 0x0000000084700000| Untracked 
|   2|0x0000000084800000, 0x0000000084900000, 0x0000000084900000|100%| O|  |TAMS 0x0000000084800000, 0x0000000084800000| Untracked 
|   3|0x0000000084900000, 0x00000000849fcc00, 0x0000000084a00000| 98%| O|  |TAMS 0x0000000084900000, 0x0000000084900000| Untracked 
|   4|0x0000000084a00000, 0x0000000084a00000, 0x0000000084b00000|  0%| F|  |TAMS 0x0000000084a00000, 0x0000000084a00000| Untracked 
|   5|0x0000000084b00000, 0x0000000084b00000, 0x0000000084c00000|  0%| F|  |TAMS 0x0000000084b00000, 0x0000000084b00000| Untracked 
|   6|0x0000000084c00000, 0x0000000084c00000, 0x0000000084d00000|  0%| F|  |TAMS 0x0000000084c00000, 0x0000000084c00000| Untracked 
|   7|0x0000000084d00000, 0x0000000084d00000, 0x0000000084e00000|  0%| F|  |TAMS 0x0000000084d00000, 0x0000000084d00000| Untracked 
|   8|0x0000000084e00000, 0x0000000084e00000, 0x0000000084f00000|  0%| F|  |TAMS 0x0000000084e00000, 0x0000000084e00000| Untracked 
|   9|0x0000000084f00000, 0x0000000084f00000, 0x0000000085000000|  0%| F|  |TAMS 0x0000000084f00000, 0x0000000084f00000| Untracked 
|  10|0x0000000085000000, 0x0000000085000000, 0x0000000085100000|  0%| F|  |TAMS 0x0000000085000000, 0x0000000085000000| Untracked 
|  11|0x0000000085100000, 0x0000000085100000, 0x0000000085200000|  0%| F|  |TAMS 0x0000000085100000, 0x0000000085100000| Untracked 
|  12|0x0000000085200000, 0x0000000085200000, 0x0000000085300000|  0%| F|  |TAMS 0x0000000085200000, 0x0000000085200000| Untracked 
|  13|0x0000000085300000, 0x0000000085300000, 0x0000000085400000|  0%| F|  |TAMS 0x0000000085300000, 0x0000000085300000| Untracked 
|  14|0x0000000085400000, 0x0000000085400000, 0x0000000085500000|  0%| F|  |TAMS 0x0000000085400000, 0x0000000085400000| Untracked 
|  15|0x0000000085500000, 0x0000000085500000, 0x0000000085600000|  0%| F|  |TAMS 0x0000000085500000, 0x0000000085500000| Untracked 
|  16|0x0000000085600000, 0x0000000085600000, 0x0000000085700000|  0%| F|  |TAMS 0x0000000085600000, 0x0000000085600000| Untracked 
|  17|0x0000000085700000, 0x0000000085700000, 0x0000000085800000|  0%| F|  |TAMS 0x0000000085700000, 0x0000000085700000| Untracked 
|  18|0x0000000085800000, 0x0000000085800000, 0x0000000085900000|  0%| F|  |TAMS 0x0000000085800000, 0x0000000085800000| Untracked 
|  19|0x0000000085900000, 0x0000000085900000, 0x0000000085a00000|  0%| F|  |TAMS 0x0000000085900000, 0x0000000085900000| Untracked 
|  20|0x0000000085a00000, 0x0000000085a00000, 0x0000000085b00000|  0%| F|  |TAMS 0x0000000085a00000, 0x0000000085a00000| Untracked 
|  21|0x0000000085b00000, 0x0000000085b00000, 0x0000000085c00000|  0%| F|  |TAMS 0x0000000085b00000, 0x0000000085b00000| Untracked 
|  22|0x0000000085c00000, 0x0000000085c00000, 0x0000000085d00000|  0%| F|  |TAMS 0x0000000085c00000, 0x0000000085c00000| Untracked 
|  23|0x0000000085d00000, 0x0000000085d00000, 0x0000000085e00000|  0%| F|  |TAMS 0x0000000085d00000, 0x0000000085d00000| Untracked 
|  24|0x0000000085e00000, 0x0000000085e00000, 0x0000000085f00000|  0%| F|  |TAMS 0x0000000085e00000, 0x0000000085e00000| Untracked 
|  25|0x0000000085f00000, 0x0000000085f00000, 0x0000000086000000|  0%| F|  |TAMS 0x0000000085f00000, 0x0000000085f00000| Untracked 
|  26|0x0000000086000000, 0x0000000086000000, 0x0000000086100000|  0%| F|  |TAMS 0x0000000086000000, 0x0000000086000000| Untracked 
|  27|0x0000000086100000, 0x0000000086100000, 0x0000000086200000|  0%| F|  |TAMS 0x0000000086100000, 0x0000000086100000| Untracked 
|  28|0x0000000086200000, 0x0000000086200000, 0x0000000086300000|  0%| F|  |TAMS 0x0000000086200000, 0x0000000086200000| Untracked 
|  29|0x0000000086300000, 0x0000000086300000, 0x0000000086400000|  0%| F|  |TAMS 0x0000000086300000, 0x0000000086300000| Untracked 
|  30|0x0000000086400000, 0x0000000086400000, 0x0000000086500000|  0%| F|  |TAMS 0x0000000086400000, 0x0000000086400000| Untracked 
|  31|0x0000000086500000, 0x0000000086500000, 0x0000000086600000|  0%| F|  |TAMS 0x0000000086500000, 0x0000000086500000| Untracked 
|  32|0x0000000086600000, 0x0000000086600000, 0x0000000086700000|  0%| F|  |TAMS 0x0000000086600000, 0x0000000086600000| Untracked 
|  33|0x0000000086700000, 0x0000000086700000, 0x0000000086800000|  0%| F|  |TAMS 0x0000000086700000, 0x0000000086700000| Untracked 
|  34|0x0000000086800000, 0x0000000086800000, 0x0000000086900000|  0%| F|  |TAMS 0x0000000086800000, 0x0000000086800000| Untracked 
|  35|0x0000000086900000, 0x0000000086900000, 0x0000000086a00000|  0%| F|  |TAMS 0x0000000086900000, 0x0000000086900000| Untracked 
|  36|0x0000000086a00000, 0x0000000086a00000, 0x0000000086b00000|  0%| F|  |TAMS 0x0000000086a00000, 0x0000000086a00000| Untracked 
|  37|0x0000000086b00000, 0x0000000086b00000, 0x0000000086c00000|  0%| F|  |TAMS 0x0000000086b00000, 0x0000000086b00000| Untracked 
|  38|0x0000000086c00000, 0x0000000086c00000, 0x0000000086d00000|  0%| F|  |TAMS 0x0000000086c00000, 0x0000000086c00000| Untracked 
|  39|0x0000000086d00000, 0x0000000086d00000, 0x0000000086e00000|  0%| F|  |TAMS 0x0000000086d00000, 0x0000000086d00000| Untracked 
|  40|0x0000000086e00000, 0x0000000086e00000, 0x0000000086f00000|  0%| F|  |TAMS 0x0000000086e00000, 0x0000000086e00000| Untracked 
|  41|0x0000000086f00000, 0x0000000086f00000, 0x0000000087000000|  0%| F|  |TAMS 0x0000000086f00000, 0x0000000086f00000| Untracked 
|  42|0x0000000087000000, 0x0000000087000000, 0x0000000087100000|  0%| F|  |TAMS 0x0000000087000000, 0x0000000087000000| Untracked 
|  43|0x0000000087100000, 0x0000000087100000, 0x0000000087200000|  0%| F|  |TAMS 0x0000000087100000, 0x0000000087100000| Untracked 
|  44|0x0000000087200000, 0x0000000087200000, 0x0000000087300000|  0%| F|  |TAMS 0x0000000087200000, 0x0000000087200000| Untracked 
|  45|0x0000000087300000, 0x0000000087300000, 0x0000000087400000|  0%| F|  |TAMS 0x0000000087300000, 0x0000000087300000| Untracked 
|  46|0x0000000087400000, 0x0000000087400000, 0x0000000087500000|  0%| F|  |TAMS 0x0000000087400000, 0x0000000087400000| Untracked 
|  47|0x0000000087500000, 0x0000000087500000, 0x0000000087600000|  0%| F|  |TAMS 0x0000000087500000, 0x0000000087500000| Untracked 
|  48|0x0000000087600000, 0x0000000087600000, 0x0000000087700000|  0%| F|  |TAMS 0x0000000087600000, 0x0000000087600000| Untracked 
|  49|0x0000000087700000, 0x0000000087700000, 0x0000000087800000|  0%| F|  |TAMS 0x0000000087700000, 0x0000000087700000| Untracked 
|  50|0x0000000087800000, 0x0000000087800000, 0x0000000087900000|  0%| F|  |TAMS 0x0000000087800000, 0x0000000087800000| Untracked 
|  51|0x0000000087900000, 0x0000000087900000, 0x0000000087a00000|  0%| F|  |TAMS 0x0000000087900000, 0x0000000087900000| Untracked 
|  52|0x0000000087a00000, 0x0000000087a00000, 0x0000000087b00000|  0%| F|  |TAMS 0x0000000087a00000, 0x0000000087a00000| Untracked 
|  53|0x0000000087b00000, 0x0000000087b00000, 0x0000000087c00000|  0%| F|  |TAMS 0x0000000087b00000, 0x0000000087b00000| Untracked 
|  54|0x0000000087c00000, 0x0000000087c00000, 0x0000000087d00000|  0%| F|  |TAMS 0x0000000087c00000, 0x0000000087c00000| Untracked 
|  55|0x0000000087d00000, 0x0000000087d00000, 0x0000000087e00000|  0%| F|  |TAMS 0x0000000087d00000, 0x0000000087d00000| Untracked 
|  56|0x0000000087e00000, 0x0000000087e00000, 0x0000000087f00000|  0%| F|  |TAMS 0x0000000087e00000, 0x0000000087e00000| Untracked 
|  57|0x0000000087f00000, 0x0000000087f00000, 0x0000000088000000|  0%| F|  |TAMS 0x0000000087f00000, 0x0000000087f00000| Untracked 
|  58|0x0000000088000000, 0x0000000088000000, 0x0000000088100000|  0%| F|  |TAMS 0x0000000088000000, 0x0000000088000000| Untracked 
|  59|0x0000000088100000, 0x0000000088100000, 0x0000000088200000|  0%| F|  |TAMS 0x0000000088100000, 0x0000000088100000| Untracked 
|  60|0x0000000088200000, 0x0000000088200000, 0x0000000088300000|  0%| F|  |TAMS 0x0000000088200000, 0x0000000088200000| Untracked 
|  61|0x0000000088300000, 0x0000000088300000, 0x0000000088400000|  0%| F|  |TAMS 0x0000000088300000, 0x0000000088300000| Untracked 
|  62|0x0000000088400000, 0x0000000088400000, 0x0000000088500000|  0%| F|  |TAMS 0x0000000088400000, 0x0000000088400000| Untracked 
|  63|0x0000000088500000, 0x0000000088500000, 0x0000000088600000|  0%| F|  |TAMS 0x0000000088500000, 0x0000000088500000| Untracked 
|  64|0x0000000088600000, 0x0000000088600000, 0x0000000088700000|  0%| F|  |TAMS 0x0000000088600000, 0x0000000088600000| Untracked 
|  65|0x0000000088700000, 0x0000000088700000, 0x0000000088800000|  0%| F|  |TAMS 0x0000000088700000, 0x0000000088700000| Untracked 
|  66|0x0000000088800000, 0x0000000088800000, 0x0000000088900000|  0%| F|  |TAMS 0x0000000088800000, 0x0000000088800000| Untracked 
|  67|0x0000000088900000, 0x0000000088900000, 0x0000000088a00000|  0%| F|  |TAMS 0x0000000088900000, 0x0000000088900000| Untracked 
|  68|0x0000000088a00000, 0x0000000088a00000, 0x0000000088b00000|  0%| F|  |TAMS 0x0000000088a00000, 0x0000000088a00000| Untracked 
|  69|0x0000000088b00000, 0x0000000088b00000, 0x0000000088c00000|  0%| F|  |TAMS 0x0000000088b00000, 0x0000000088b00000| Untracked 
|  70|0x0000000088c00000, 0x0000000088c00000, 0x0000000088d00000|  0%| F|  |TAMS 0x0000000088c00000, 0x0000000088c00000| Untracked 
|  71|0x0000000088d00000, 0x0000000088d00000, 0x0000000088e00000|  0%| F|  |TAMS 0x0000000088d00000, 0x0000000088d00000| Untracked 
|  72|0x0000000088e00000, 0x0000000088e00000, 0x0000000088f00000|  0%| F|  |TAMS 0x0000000088e00000, 0x0000000088e00000| Untracked 
|  73|0x0000000088f00000, 0x0000000088f00000, 0x0000000089000000|  0%| F|  |TAMS 0x0000000088f00000, 0x0000000088f00000| Untracked 
|  74|0x0000000089000000, 0x0000000089000000, 0x0000000089100000|  0%| F|  |TAMS 0x0000000089000000, 0x0000000089000000| Untracked 
|  75|0x0000000089100000, 0x0000000089100000, 0x0000000089200000|  0%| F|  |TAMS 0x0000000089100000, 0x0000000089100000| Untracked 
|  76|0x0000000089200000, 0x0000000089200000, 0x0000000089300000|  0%| F|  |TAMS 0x0000000089200000, 0x0000000089200000| Untracked 
|  77|0x0000000089300000, 0x0000000089300000, 0x0000000089400000|  0%| F|  |TAMS 0x0000000089300000, 0x0000000089300000| Untracked 
|  78|0x0000000089400000, 0x0000000089400000, 0x0000000089500000|  0%| F|  |TAMS 0x0000000089400000, 0x0000000089400000| Untracked 
|  79|0x0000000089500000, 0x0000000089500000, 0x0000000089600000|  0%| F|  |TAMS 0x0000000089500000, 0x0000000089500000| Untracked 
|  80|0x0000000089600000, 0x0000000089600000, 0x0000000089700000|  0%| F|  |TAMS 0x0000000089600000, 0x0000000089600000| Untracked 
|  81|0x0000000089700000, 0x0000000089700000, 0x0000000089800000|  0%| F|  |TAMS 0x0000000089700000, 0x0000000089700000| Untracked 
|  82|0x0000000089800000, 0x0000000089800000, 0x0000000089900000|  0%| F|  |TAMS 0x0000000089800000, 0x0000000089800000| Untracked 
|  83|0x0000000089900000, 0x0000000089900000, 0x0000000089a00000|  0%| F|  |TAMS 0x0000000089900000, 0x0000000089900000| Untracked 
|  84|0x0000000089a00000, 0x0000000089a00000, 0x0000000089b00000|  0%| F|  |TAMS 0x0000000089a00000, 0x0000000089a00000| Untracked 
|  85|0x0000000089b00000, 0x0000000089b00000, 0x0000000089c00000|  0%| F|  |TAMS 0x0000000089b00000, 0x0000000089b00000| Untracked 
|  86|0x0000000089c00000, 0x0000000089c00000, 0x0000000089d00000|  0%| F|  |TAMS 0x0000000089c00000, 0x0000000089c00000| Untracked 
|  87|0x0000000089d00000, 0x0000000089d00000, 0x0000000089e00000|  0%| F|  |TAMS 0x0000000089d00000, 0x0000000089d00000| Untracked 
|  88|0x0000000089e00000, 0x0000000089e00000, 0x0000000089f00000|  0%| F|  |TAMS 0x0000000089e00000, 0x0000000089e00000| Untracked 
|  89|0x0000000089f00000, 0x0000000089f00000, 0x000000008a000000|  0%| F|  |TAMS 0x0000000089f00000, 0x0000000089f00000| Untracked 
|  90|0x000000008a000000, 0x000000008a000000, 0x000000008a100000|  0%| F|  |TAMS 0x000000008a000000, 0x000000008a000000| Untracked 
|  91|0x000000008a100000, 0x000000008a100000, 0x000000008a200000|  0%| F|  |TAMS 0x000000008a100000, 0x000000008a100000| Untracked 
|  92|0x000000008a200000, 0x000000008a200000, 0x000000008a300000|  0%| F|  |TAMS 0x000000008a200000, 0x000000008a200000| Untracked 
|  93|0x000000008a300000, 0x000000008a300000, 0x000000008a400000|  0%| F|  |TAMS 0x000000008a300000, 0x000000008a300000| Untracked 
|  94|0x000000008a400000, 0x000000008a400000, 0x000000008a500000|  0%| F|  |TAMS 0x000000008a400000, 0x000000008a400000| Untracked 
|  95|0x000000008a500000, 0x000000008a500000, 0x000000008a600000|  0%| F|  |TAMS 0x000000008a500000, 0x000000008a500000| Untracked 
|  96|0x000000008a600000, 0x000000008a600000, 0x000000008a700000|  0%| F|  |TAMS 0x000000008a600000, 0x000000008a600000| Untracked 
|  97|0x000000008a700000, 0x000000008a700000, 0x000000008a800000|  0%| F|  |TAMS 0x000000008a700000, 0x000000008a700000| Untracked 
|  98|0x000000008a800000, 0x000000008a800000, 0x000000008a900000|  0%| F|  |TAMS 0x000000008a800000, 0x000000008a800000| Untracked 
|  99|0x000000008a900000, 0x000000008a900000, 0x000000008aa00000|  0%| F|  |TAMS 0x000000008a900000, 0x000000008a900000| Untracked 
| 100|0x000000008aa00000, 0x000000008aa00000, 0x000000008ab00000|  0%| F|  |TAMS 0x000000008aa00000, 0x000000008aa00000| Untracked 
| 101|0x000000008ab00000, 0x000000008ab00000, 0x000000008ac00000|  0%| F|  |TAMS 0x000000008ab00000, 0x000000008ab00000| Untracked 
| 102|0x000000008ac00000, 0x000000008ac00000, 0x000000008ad00000|  0%| F|  |TAMS 0x000000008ac00000, 0x000000008ac00000| Untracked 
| 103|0x000000008ad00000, 0x000000008ad00000, 0x000000008ae00000|  0%| F|  |TAMS 0x000000008ad00000, 0x000000008ad00000| Untracked 
| 104|0x000000008ae00000, 0x000000008ae00000, 0x000000008af00000|  0%| F|  |TAMS 0x000000008ae00000, 0x000000008ae00000| Untracked 
| 105|0x000000008af00000, 0x000000008af00000, 0x000000008b000000|  0%| F|  |TAMS 0x000000008af00000, 0x000000008af00000| Untracked 
| 106|0x000000008b000000, 0x000000008b000000, 0x000000008b100000|  0%| F|  |TAMS 0x000000008b000000, 0x000000008b000000| Untracked 
| 107|0x000000008b100000, 0x000000008b100000, 0x000000008b200000|  0%| F|  |TAMS 0x000000008b100000, 0x000000008b100000| Untracked 
| 108|0x000000008b200000, 0x000000008b300000, 0x000000008b300000|100%| S|CS|TAMS 0x000000008b200000, 0x000000008b200000| Complete 
| 109|0x000000008b300000, 0x000000008b400000, 0x000000008b400000|100%| S|CS|TAMS 0x000000008b300000, 0x000000008b300000| Complete 
| 110|0x000000008b400000, 0x000000008b400000, 0x000000008b500000|  0%| F|  |TAMS 0x000000008b400000, 0x000000008b400000| Untracked 
| 111|0x000000008b500000, 0x000000008b500000, 0x000000008b600000|  0%| F|  |TAMS 0x000000008b500000, 0x000000008b500000| Untracked 
| 112|0x000000008b600000, 0x000000008b600000, 0x000000008b700000|  0%| F|  |TAMS 0x000000008b600000, 0x000000008b600000| Untracked 
| 113|0x000000008b700000, 0x000000008b700000, 0x000000008b800000|  0%| F|  |TAMS 0x000000008b700000, 0x000000008b700000| Untracked 
| 114|0x000000008b800000, 0x000000008b800000, 0x000000008b900000|  0%| F|  |TAMS 0x000000008b800000, 0x000000008b800000| Untracked 
| 115|0x000000008b900000, 0x000000008b900000, 0x000000008ba00000|  0%| F|  |TAMS 0x000000008b900000, 0x000000008b900000| Untracked 
| 116|0x000000008ba00000, 0x000000008ba00000, 0x000000008bb00000|  0%| F|  |TAMS 0x000000008ba00000, 0x000000008ba00000| Untracked 
| 117|0x000000008bb00000, 0x000000008bb00000, 0x000000008bc00000|  0%| F|  |TAMS 0x000000008bb00000, 0x000000008bb00000| Untracked 
| 118|0x000000008bc00000, 0x000000008bc00000, 0x000000008bd00000|  0%| F|  |TAMS 0x000000008bc00000, 0x000000008bc00000| Untracked 
| 119|0x000000008bd00000, 0x000000008bd978b8, 0x000000008be00000| 59%| E|  |TAMS 0x000000008bd00000, 0x000000008bd00000| Complete 
| 120|0x000000008be00000, 0x000000008bf00000, 0x000000008bf00000|100%| E|CS|TAMS 0x000000008be00000, 0x000000008be00000| Complete 
| 121|0x000000008bf00000, 0x000000008c000000, 0x000000008c000000|100%| E|CS|TAMS 0x000000008bf00000, 0x000000008bf00000| Complete 
| 122|0x000000008c000000, 0x000000008c100000, 0x000000008c100000|100%| E|CS|TAMS 0x000000008c000000, 0x000000008c000000| Complete 
| 123|0x000000008c100000, 0x000000008c200000, 0x000000008c200000|100%| E|CS|TAMS 0x000000008c100000, 0x000000008c100000| Complete 

Card table byte_map: [0x00007f217cf04000,0x00007f217d2e1000] _byte_map_base: 0x00007f217cae1000

Marking Bits (Prev, Next): (CMBitMap*) 0x00007f2178057958, (CMBitMap*) 0x00007f2178057990
 Prev Bits: [0x00007f215a118000, 0x00007f215c000000)
 Next Bits: [0x00007f2158230000, 0x00007f215a118000)

Polling page: 0x00007f217f63a000

Metaspace:

Usage:
  Non-class:      9,99 MB capacity,     9,86 MB ( 99%) used,   123,91 KB (  1%) free+waste,    12,56 KB ( <1%) overhead. 
      Class:      1,11 MB capacity,     1,06 MB ( 96%) used,    43,11 KB (  4%) free+waste,     5,75 KB ( <1%) overhead. 
       Both:     11,10 MB capacity,    10,92 MB ( 98%) used,   167,02 KB (  1%) free+waste,    18,31 KB ( <1%) overhead. 

Virtual space:
  Non-class space:       12,00 MB reserved,      10,25 MB ( 85%) committed 
      Class space:        1,00 GB reserved,       1,12 MB ( <1%) committed 
             Both:        1,01 GB reserved,      11,38 MB (  1%) committed 

Chunk freelists:
   Non-Class:  115,00 KB
       Class:  17,00 KB
        Both:  132,00 KB

MaxMetaspaceSize: unlimited
CompressedClassSpaceSize: 1,00 GB

CodeHeap 'non-profiled nmethods': size=120032Kb used=285Kb max_used=285Kb free=119746Kb
 bounds [0x00007f21683d8000, 0x00007f2168648000, 0x00007f216f910000]
CodeHeap 'profiled nmethods': size=120032Kb used=1417Kb max_used=1417Kb free=118614Kb
 bounds [0x00007f2160ea0000, 0x00007f2161110000, 0x00007f21683d8000]
CodeHeap 'non-nmethods': size=5696Kb used=1065Kb max_used=1087Kb free=4630Kb
 bounds [0x00007f2160910000, 0x00007f2160b80000, 0x00007f2160ea0000]
 total_blobs=1380 nmethods=778 adapters=292
 compilation: enabled
              stopped_count=0, restarted_count=0
 full_count=0

Compilation events (20 events):
Event: 0,392 Thread 0x00007f217815f800  756       3       jdk.internal.org.objectweb.asm.Frame::push (110 bytes)
Event: 0,393 Thread 0x00007f217815f800 nmethod 756 0x00007f2160ffc110 code [0x00007f2160ffc300, 0x00007f2160ffc8a8]
Event: 0,393 Thread 0x00007f217815f800  757       3       jdk.internal.org.objectweb.asm.MethodWriter::visitVarInsn (300 bytes)
Event: 0,393 Thread 0x00007f217815f800 nmethod 757 0x00007f2160ffca90 code [0x00007f2160ffcd00, 0x00007f2160ffd748]
Event: 0,393 Thread 0x00007f217815f800  758       3       java.lang.invoke.MethodType::parameterSlotCount (8 bytes)
Event: 0,394 Thread 0x00007f217815f800 nmethod 758 0x00007f2160ffda90 code [0x00007f2160ffdc60, 0x00007f2160ffdeb0]
Event: 0,394 Thread 0x00007f217815f800  759       3       java.lang.invoke.MemberName::getMethodOrFieldType (72 bytes)
Event: 0,394 Thread 0x00007f217815f800 nmethod 759 0x00007f2160ffdf90 code [0x00007f2160ffe300, 0x00007f2160fff648]
Event: 0,394 Thread 0x00007f217815f800  761       3       java.lang.invoke.LambdaForm::internArgument (84 bytes)
Event: 0,395 Thread 0x00007f217815f800 nmethod 761 0x00007f2160fffc90 code [0x00007f2160fffe80, 0x00007f2161000288]
Event: 0,395 Thread 0x00007f217815f800  766       3       java.lang.invoke.LambdaForm$Name::useCount (42 bytes)
Event: 0,395 Thread 0x00007f2134148000  767       4       java.lang.String::substring (58 bytes)
Event: 0,395 Thread 0x00007f217815f800 nmethod 766 0x00007f2161000490 code [0x00007f2161000660, 0x00007f21610009b0]
Event: 0,395 Thread 0x00007f217815f800  763       3       java.lang.invoke.MemberName::getInvocationType (56 bytes)
Event: 0,395 Thread 0x00007f217815f800 nmethod 763 0x00007f2161000b10 code [0x00007f2161000d40, 0x00007f2161001628]
Event: 0,395 Thread 0x00007f217815f800  771       3       java.lang.invoke.MethodTypeForm::canonicalizeAll (66 bytes)
Event: 0,395 Thread 0x00007f217815f800 nmethod 771 0x00007f2161001890 code [0x00007f2161001aa0, 0x00007f2161002118]
Event: 0,395 Thread 0x00007f217815f800  770       3       java.util.ImmutableCollections$ListN::get (7 bytes)
Event: 0,396 Thread 0x00007f217815f800 nmethod 770 0x00007f2161002310 code [0x00007f21610024c0, 0x00007f2161002630]
Event: 0,396 Thread 0x00007f217815f800  775       3       jdk.internal.org.objectweb.asm.Frame::execute (2264 bytes)

GC Heap History (2 events):
Event: 0,308 GC heap before
{Heap before GC invocations=0 (full 0):
 garbage-first heap   total 126976K, used 14336K [0x0000000084600000, 0x0000000100000000)
  region size 1024K, 14 young (14336K), 0 survivors (0K)
 Metaspace       used 9191K, capacity 9300K, committed 9600K, reserved 1058816K
  class space    used 834K, capacity 868K, committed 896K, reserved 1048576K
}
Event: 0,311 GC heap after
{Heap after GC invocations=1 (full 0):
 garbage-first heap   total 126976K, used 6131K [0x0000000084600000, 0x0000000100000000)
  region size 1024K, 2 young (2048K), 2 survivors (2048K)
 Metaspace       used 9191K, capacity 9300K, committed 9600K, reserved 1058816K
  class space    used 834K, capacity 868K, committed 896K, reserved 1048576K
}

Deoptimization events (20 events):
Event: 0,118 Thread 0x00007f2178017000 DEOPT PACKING pc=0x00007f2160ea6f8d sp=0x00007f217deecb30
Event: 0,118 Thread 0x00007f2178017000 DEOPT UNPACKING pc=0x00007f21609384ba sp=0x00007f217deebfd8 mode 0
Event: 0,121 Thread 0x00007f2178017000 DEOPT PACKING pc=0x00007f2160ea6f8d sp=0x00007f217deee3e0
Event: 0,121 Thread 0x00007f2178017000 DEOPT UNPACKING pc=0x00007f21609384ba sp=0x00007f217deed888 mode 0
Event: 0,144 Thread 0x00007f2178017000 DEOPT PACKING pc=0x00007f2160edc412 sp=0x00007f217deef420
Event: 0,144 Thread 0x00007f2178017000 DEOPT UNPACKING pc=0x00007f21609384ba sp=0x00007f217deee8a8 mode 0
Event: 0,151 Thread 0x00007f2178017000 DEOPT PACKING pc=0x00007f2160ecd1ef sp=0x00007f217deef310
Event: 0,151 Thread 0x00007f2178017000 DEOPT UNPACKING pc=0x00007f21609384ba sp=0x00007f217deee7b8 mode 0
Event: 0,192 Thread 0x00007f2178017000 Uncommon trap: trap_request=0xffffff4d fr.pc=0x00007f21683e8cb0 relative=0x0000000000000210
Event: 0,192 Thread 0x00007f2178017000 Uncommon trap: reason=unstable_if action=reinterpret pc=0x00007f21683e8cb0 method=java.lang.String.startsWith(Ljava/lang/String;I)Z @ 14 c2
Event: 0,192 Thread 0x00007f2178017000 DEOPT PACKING pc=0x00007f21683e8cb0 sp=0x00007f217deeb260
Event: 0,192 Thread 0x00007f2178017000 DEOPT UNPACKING pc=0x00007f21609386a5 sp=0x00007f217deeb1e8 mode 2
Event: 0,255 Thread 0x00007f2178017000 Uncommon trap: trap_request=0xffffff4d fr.pc=0x00007f21683d8f0c relative=0x000000000000006c
Event: 0,255 Thread 0x00007f2178017000 Uncommon trap: reason=unstable_if action=reinterpret pc=0x00007f21683d8f0c method=java.lang.String.isLatin1()Z @ 10 c2
Event: 0,255 Thread 0x00007f2178017000 DEOPT PACKING pc=0x00007f21683d8f0c sp=0x00007f217deeefd0
Event: 0,255 Thread 0x00007f2178017000 DEOPT UNPACKING pc=0x00007f21609386a5 sp=0x00007f217deeef30 mode 2
Event: 0,255 Thread 0x00007f2178017000 Uncommon trap: trap_request=0xffffff4d fr.pc=0x00007f21683d9278 relative=0x0000000000000058
Event: 0,255 Thread 0x00007f2178017000 Uncommon trap: reason=unstable_if action=reinterpret pc=0x00007f21683d9278 method=java.lang.String.isLatin1()Z @ 10 c2
Event: 0,255 Thread 0x00007f2178017000 DEOPT PACKING pc=0x00007f21683d9278 sp=0x00007f217deeef80
Event: 0,255 Thread 0x00007f2178017000 DEOPT UNPACKING pc=0x00007f21609386a5 sp=0x00007f217deeef30 mode 2

Classes redefined (0 events):
No events

Internal exceptions (20 events):
Event: 0,112 Thread 0x00007f2178017000 Exception <a 'java/security/PrivilegedActionException'{0x000000008c093088}> (0x000000008c093088) thrown at [/build/java11-openjdk/src/jdk11u-jdk-11.0.6+10/src/hotspot/share/prims/jvm.cpp, line 1295]
Event: 0,112 Thread 0x00007f2178017000 Exception <a 'java/security/PrivilegedActionException'{0x000000008c093358}> (0x000000008c093358) thrown at [/build/java11-openjdk/src/jdk11u-jdk-11.0.6+10/src/hotspot/share/prims/jvm.cpp, line 1295]
Event: 0,118 Thread 0x00007f2178017000 Exception <a 'java/security/PrivilegedActionException'{0x000000008c0fbb20}> (0x000000008c0fbb20) thrown at [/build/java11-openjdk/src/jdk11u-jdk-11.0.6+10/src/hotspot/share/prims/jvm.cpp, line 1295]
Event: 0,118 Thread 0x00007f2178017000 Exception <a 'java/security/PrivilegedActionException'{0x000000008c0fbdf0}> (0x000000008c0fbdf0) thrown at [/build/java11-openjdk/src/jdk11u-jdk-11.0.6+10/src/hotspot/share/prims/jvm.cpp, line 1295]
Event: 0,118 Thread 0x00007f2178017000 Exception <a 'java/security/PrivilegedActionException'{0x000000008c0fcab0}> (0x000000008c0fcab0) thrown at [/build/java11-openjdk/src/jdk11u-jdk-11.0.6+10/src/hotspot/share/prims/jvm.cpp, line 1295]
Event: 0,118 Thread 0x00007f2178017000 Exception <a 'java/security/PrivilegedActionException'{0x000000008c0fcd80}> (0x000000008c0fcd80) thrown at [/build/java11-openjdk/src/jdk11u-jdk-11.0.6+10/src/hotspot/share/prims/jvm.cpp, line 1295]
Event: 0,118 Thread 0x00007f2178017000 Exception <a 'java/security/PrivilegedActionException'{0x000000008c0fdad0}> (0x000000008c0fdad0) thrown at [/build/java11-openjdk/src/jdk11u-jdk-11.0.6+10/src/hotspot/share/prims/jvm.cpp, line 1295]
Event: 0,118 Thread 0x00007f2178017000 Exception <a 'java/security/PrivilegedActionException'{0x000000008c0fdda0}> (0x000000008c0fdda0) thrown at [/build/java11-openjdk/src/jdk11u-jdk-11.0.6+10/src/hotspot/share/prims/jvm.cpp, line 1295]
Event: 0,118 Thread 0x00007f2178017000 Exception <a 'java/security/PrivilegedActionException'{0x000000008c0fea70}> (0x000000008c0fea70) thrown at [/build/java11-openjdk/src/jdk11u-jdk-11.0.6+10/src/hotspot/share/prims/jvm.cpp, line 1295]
Event: 0,118 Thread 0x00007f2178017000 Exception <a 'java/security/PrivilegedActionException'{0x000000008c0fed40}> (0x000000008c0fed40) thrown at [/build/java11-openjdk/src/jdk11u-jdk-11.0.6+10/src/hotspot/share/prims/jvm.cpp, line 1295]
Event: 0,118 Thread 0x00007f2178017000 Exception <a 'java/security/PrivilegedActionException'{0x000000008c0ffa48}> (0x000000008c0ffa48) thrown at [/build/java11-openjdk/src/jdk11u-jdk-11.0.6+10/src/hotspot/share/prims/jvm.cpp, line 1295]
Event: 0,118 Thread 0x00007f2178017000 Exception <a 'java/security/PrivilegedActionException'{0x000000008c0ffd18}> (0x000000008c0ffd18) thrown at [/build/java11-openjdk/src/jdk11u-jdk-11.0.6+10/src/hotspot/share/prims/jvm.cpp, line 1295]
Event: 0,118 Thread 0x00007f2178017000 Exception <a 'java/security/PrivilegedActionException'{0x000000008bf00ef8}> (0x000000008bf00ef8) thrown at [/build/java11-openjdk/src/jdk11u-jdk-11.0.6+10/src/hotspot/share/prims/jvm.cpp, line 1295]
Event: 0,118 Thread 0x00007f2178017000 Exception <a 'java/security/PrivilegedActionException'{0x000000008bf011c8}> (0x000000008bf011c8) thrown at [/build/java11-openjdk/src/jdk11u-jdk-11.0.6+10/src/hotspot/share/prims/jvm.cpp, line 1295]
Event: 0,193 Thread 0x00007f2178017000 Exception <a 'java/lang/ClassNotFoundException'{0x000000008bada488}: javax/smartcardio/CardPermission> (0x000000008bada488) thrown at [/build/java11-openjdk/src/jdk11u-jdk-11.0.6+10/src/hotspot/share/classfile/systemDictionary.cpp, line 231]
Event: 0,199 Thread 0x00007f2178017000 Exception <a 'java/io/FileNotFoundException'{0x000000008bae7ee0}> (0x000000008bae7ee0) thrown at [/build/java11-openjdk/src/jdk11u-jdk-11.0.6+10/src/hotspot/share/prims/jni.cpp, line 615]
Event: 0,297 Thread 0x00007f2178017000 Exception <a 'java/lang/NoSuchMethodError'{0x000000008b413bd8}: 'int java.lang.invoke.DirectMethodHandle$Holder.invokeStaticInit(java.lang.Object, java.lang.Object)'> (0x000000008b413bd8) thrown at [/build/java11-openjdk/src/jdk11u-jdk-11.0.6+10/src/hotsp
Event: 0,351 Thread 0x00007f2178017000 Exception <a 'java/lang/NoSuchMethodError'{0x000000008c0e6668}: 'int java.lang.invoke.DirectMethodHandle$Holder.invokeStaticInit(java.lang.Object, java.lang.Object, java.lang.Object)'> (0x000000008c0e6668) thrown at [/build/java11-openjdk/src/jdk11u-jdk-1
Event: 0,355 Thread 0x00007f2178017000 Exception <a 'java/lang/NoSuchMethodError'{0x000000008bf20b68}: 'java.lang.Object java.lang.invoke.DirectMethodHandle$Holder.invokeVirtual(java.lang.Object, java.lang.Object, java.lang.Object)'> (0x000000008bf20b68) thrown at [/build/java11-openjdk/src/jd
Event: 0,360 Thread 0x00007f2178017000 Exception <a 'java/lang/NoSuchMethodError'{0x000000008bf73bd8}: 'void java.lang.invoke.DirectMethodHandle$Holder.invokeSpecial(java.lang.Object, java.lang.Object)'> (0x000000008bf73bd8) thrown at [/build/java11-openjdk/src/jdk11u-jdk-11.0.6+10/src/hotspot

Events (20 events):
Event: 0,391 loading class java/lang/invoke/BoundMethodHandle$Species_LLLL
Event: 0,391 loading class java/lang/invoke/BoundMethodHandle$Species_LLLL done
Event: 0,392 loading class java/lang/invoke/BoundMethodHandle$Species_LLLLL
Event: 0,392 loading class java/lang/invoke/BoundMethodHandle$Species_LLLLL done
Event: 0,393 loading class java/lang/invoke/BoundMethodHandle$Species_LLLLLL
Event: 0,393 loading class java/lang/invoke/BoundMethodHandle$Species_LLLLLL done
Event: 0,394 loading class java/lang/invoke/MethodHandles$1
Event: 0,394 loading class java/lang/invoke/MethodHandles$1 done
Event: 0,394 loading class java/lang/invoke/BoundMethodHandle$Species_LLLLLLI
Event: 0,394 loading class java/lang/invoke/BoundMethodHandle$Species_LLLLLLI done
Event: 0,395 loading class sun/invoke/util/ValueConversions$WrapperCache
Event: 0,395 loading class sun/invoke/util/ValueConversions$WrapperCache done
Event: 0,395 loading class java/lang/invoke/BoundMethodHandle$Species_LLLLLLII
Event: 0,395 loading class java/lang/invoke/BoundMethodHandle$Species_LLLLLLII done
Event: 0,396 loading class java/lang/invoke/BoundMethodHandle$Species_LLLLLLIIL
Event: 0,396 loading class java/lang/invoke/BoundMethodHandle$Species_LLLLLLIIL done
Event: 0,397 loading class java/util/logging/LogManager$VisitedLoggers
Event: 0,397 loading class java/util/logging/LogManager$VisitedLoggers done
Event: 0,397 loading class java/util/logging/LogManager$LoggerContext$1
Event: 0,397 loading class java/util/logging/LogManager$LoggerContext$1 done


Dynamic libraries:
84600000-8c200000 rw-p 00000000 00:00 0 
8c200000-100000000 ---p 00000000 00:00 0 
100000000-100120000 rw-p 00000000 00:00 0 
100120000-140000000 ---p 00000000 00:00 0 
55f04eed0000-55f04eed1000 r--p 00000000 08:01 25300666                   /usr/lib/jvm/java-11-openjdk/bin/java
55f04eed1000-55f04eed2000 r-xp 00001000 08:01 25300666                   /usr/lib/jvm/java-11-openjdk/bin/java
55f04eed2000-55f04eed3000 r--p 00002000 08:01 25300666                   /usr/lib/jvm/java-11-openjdk/bin/java
55f04eed3000-55f04eed4000 r--p 00002000 08:01 25300666                   /usr/lib/jvm/java-11-openjdk/bin/java
55f04eed4000-55f04eed5000 rw-p 00003000 08:01 25300666                   /usr/lib/jvm/java-11-openjdk/bin/java
55f050d5b000-55f050d7c000 rw-p 00000000 00:00 0                          [heap]
7f2110000000-7f2110021000 rw-p 00000000 00:00 0 
7f2110021000-7f2114000000 ---p 00000000 00:00 0 
7f2114000000-7f2114021000 rw-p 00000000 00:00 0 
7f2114021000-7f2118000000 ---p 00000000 00:00 0 
7f2118000000-7f2118021000 rw-p 00000000 00:00 0 
7f2118021000-7f211c000000 ---p 00000000 00:00 0 
7f211c000000-7f211c1bc000 rw-p 00000000 00:00 0 
7f211c1bc000-7f2120000000 ---p 00000000 00:00 0 
7f2120000000-7f2120021000 rw-p 00000000 00:00 0 
7f2120021000-7f2124000000 ---p 00000000 00:00 0 
7f2124000000-7f2124021000 rw-p 00000000 00:00 0 
7f2124021000-7f2128000000 ---p 00000000 00:00 0 
7f2128000000-7f2128444000 rw-p 00000000 00:00 0 
7f2128444000-7f212c000000 ---p 00000000 00:00 0 
7f212c000000-7f212c021000 rw-p 00000000 00:00 0 
7f212c021000-7f2130000000 ---p 00000000 00:00 0 
7f2130000000-7f2130021000 rw-p 00000000 00:00 0 
7f2130021000-7f2134000000 ---p 00000000 00:00 0 
7f2134000000-7f2134611000 rw-p 00000000 00:00 0 
7f2134611000-7f2138000000 ---p 00000000 00:00 0 
7f2138000000-7f2138021000 rw-p 00000000 00:00 0 
7f2138021000-7f213c000000 ---p 00000000 00:00 0 
7f213c000000-7f213c021000 rw-p 00000000 00:00 0 
7f213c021000-7f2140000000 ---p 00000000 00:00 0 
7f2140000000-7f2140021000 rw-p 00000000 00:00 0 
7f2140021000-7f2144000000 ---p 00000000 00:00 0 
7f2144000000-7f2144021000 rw-p 00000000 00:00 0 
7f2144021000-7f2148000000 ---p 00000000 00:00 0 
7f2148000000-7f2148021000 rw-p 00000000 00:00 0 
7f2148021000-7f214c000000 ---p 00000000 00:00 0 
7f214c000000-7f214c021000 rw-p 00000000 00:00 0 
7f214c021000-7f2150000000 ---p 00000000 00:00 0 
7f2150d44000-7f2150d48000 ---p 00000000 00:00 0 
7f2150d48000-7f2150e85000 rw-p 00000000 00:00 0 
7f2150e85000-7f2151045000 ---p 00000000 00:00 0 
7f2151045000-7f2151046000 ---p 00000000 00:00 0 
7f2151046000-7f2151347000 rw-p 00000000 00:00 0 
7f2151347000-7f215134b000 ---p 00000000 00:00 0 
7f215134b000-7f2151448000 rw-p 00000000 00:00 0 
7f2151448000-7f215144c000 ---p 00000000 00:00 0 
7f215144c000-7f2151549000 rw-p 00000000 00:00 0 
7f2151549000-7f215154a000 ---p 00000000 00:00 0 
7f215154a000-7f215164b000 rw-p 00000000 00:00 0 
7f215164b000-7f215164f000 ---p 00000000 00:00 0 
7f215164f000-7f215174c000 rw-p 00000000 00:00 0 
7f215174c000-7f2151750000 ---p 00000000 00:00 0 
7f2151750000-7f215184d000 rw-p 00000000 00:00 0 
7f215184d000-7f2151851000 ---p 00000000 00:00 0 
7f2151851000-7f215194e000 rw-p 00000000 00:00 0 
7f215194e000-7f2151952000 ---p 00000000 00:00 0 
7f2151952000-7f2151a4f000 rw-p 00000000 00:00 0 
7f2151a4f000-7f2152000000 r--p 00000000 08:01 25183539                   /usr/lib/locale/locale-archive
7f2152000000-7f2154000000 rw-p 00000000 00:00 0 
7f2154000000-7f2154021000 rw-p 00000000 00:00 0 
7f2154021000-7f2158000000 ---p 00000000 00:00 0 
7f215802e000-7f2158032000 ---p 00000000 00:00 0 
7f2158032000-7f215812f000 rw-p 00000000 00:00 0 
7f215812f000-7f2158133000 ---p 00000000 00:00 0 
7f2158133000-7f2158420000 rw-p 00000000 00:00 0 
7f2158420000-7f215a118000 ---p 00000000 00:00 0 
7f215a118000-7f215a308000 rw-p 00000000 00:00 0 
7f215a308000-7f215c000000 ---p 00000000 00:00 0 
7f215c000000-7f215c021000 rw-p 00000000 00:00 0 
7f215c021000-7f2160000000 ---p 00000000 00:00 0 
7f216000f000-7f2160013000 ---p 00000000 00:00 0 
7f2160013000-7f2160910000 rw-p 00000000 00:00 0 
7f2160910000-7f2160b80000 rwxp 00000000 00:00 0 
7f2160b80000-7f2160ea0000 ---p 00000000 00:00 0 
7f2160ea0000-7f2161110000 rwxp 00000000 00:00 0 
7f2161110000-7f21683d8000 ---p 00000000 00:00 0 
7f21683d8000-7f2168648000 rwxp 00000000 00:00 0 
7f2168648000-7f216f910000 ---p 00000000 00:00 0 
7f216f910000-7f2178000000 r--s 00000000 08:01 25431589                   /usr/lib/jvm/java-11-openjdk/lib/modules
7f2178000000-7f21788cc000 rw-p 00000000 00:00 0 
7f21788cc000-7f217c000000 ---p 00000000 00:00 0 
7f217c010000-7f217c034000 r--p 00000000 08:01 25822930                   /usr/share/locale/sv/LC_MESSAGES/libc.mo
7f217c034000-7f217c065000 rw-p 00000000 00:00 0 
7f217c065000-7f217c069000 r--p 00000000 08:01 25431572                   /usr/lib/jvm/java-11-openjdk/lib/libnet.so
7f217c069000-7f217c078000 r-xp 00004000 08:01 25431572                   /usr/lib/jvm/java-11-openjdk/lib/libnet.so
7f217c078000-7f217c07c000 r--p 00013000 08:01 25431572                   /usr/lib/jvm/java-11-openjdk/lib/libnet.so
7f217c07c000-7f217c07d000 r--p 00016000 08:01 25431572                   /usr/lib/jvm/java-11-openjdk/lib/libnet.so
7f217c07d000-7f217c07e000 rw-p 00017000 08:01 25431572                   /usr/lib/jvm/java-11-openjdk/lib/libnet.so
7f217c07e000-7f217c085000 r--p 00000000 08:01 25431574                   /usr/lib/jvm/java-11-openjdk/lib/libnio.so
7f217c085000-7f217c08c000 r-xp 00007000 08:01 25431574                   /usr/lib/jvm/java-11-openjdk/lib/libnio.so
7f217c08c000-7f217c08f000 r--p 0000e000 08:01 25431574                   /usr/lib/jvm/java-11-openjdk/lib/libnio.so
7f217c08f000-7f217c090000 r--p 00010000 08:01 25431574                   /usr/lib/jvm/java-11-openjdk/lib/libnio.so
7f217c090000-7f217c091000 rw-p 00011000 08:01 25431574                   /usr/lib/jvm/java-11-openjdk/lib/libnio.so
7f217c091000-7f217c092000 ---p 00000000 00:00 0 
7f217c092000-7f217c2d9000 rw-p 00000000 00:00 0 
7f217c2d9000-7f217c2da000 ---p 00000000 00:00 0 
7f217c2da000-7f217c3db000 rw-p 00000000 00:00 0 
7f217c3db000-7f217c3dc000 ---p 00000000 00:00 0 
7f217c3dc000-7f217c8e1000 rw-p 00000000 00:00 0 
7f217c8e1000-7f217c8e2000 ---p 00000000 00:00 0 
7f217c8e2000-7f217c9e3000 rw-p 00000000 00:00 0 
7f217c9e3000-7f217c9e4000 ---p 00000000 00:00 0 
7f217c9e4000-7f217cb65000 rw-p 00000000 00:00 0 
7f217cb65000-7f217cf04000 ---p 00000000 00:00 0 
7f217cf04000-7f217cf42000 rw-p 00000000 00:00 0 
7f217cf42000-7f217d2e1000 ---p 00000000 00:00 0 
7f217d2e1000-7f217d31f000 rw-p 00000000 00:00 0 
7f217d31f000-7f217d6be000 ---p 00000000 00:00 0 
7f217d6be000-7f217dac2000 rw-p 00000000 00:00 0 
7f217dac2000-7f217dac3000 ---p 00000000 00:00 0 
7f217dac3000-7f217dbc9000 rw-p 00000000 00:00 0 
7f217dbc9000-7f217dcaf000 ---p 00000000 00:00 0 
7f217dcaf000-7f217dcb4000 rw-p 00000000 00:00 0 
7f217dcb4000-7f217dd9a000 ---p 00000000 00:00 0 
7f217dd9a000-7f217dd9f000 rw-p 00000000 00:00 0 
7f217dd9f000-7f217dda6000 ---p 00000000 00:00 0 
7f217dda6000-7f217dda8000 r--p 00000000 08:01 25431558                   /usr/lib/jvm/java-11-openjdk/lib/libjimage.so
7f217dda8000-7f217ddab000 r-xp 00002000 08:01 25431558                   /usr/lib/jvm/java-11-openjdk/lib/libjimage.so
7f217ddab000-7f217ddac000 r--p 00005000 08:01 25431558                   /usr/lib/jvm/java-11-openjdk/lib/libjimage.so
7f217ddac000-7f217ddad000 ---p 00006000 08:01 25431558                   /usr/lib/jvm/java-11-openjdk/lib/libjimage.so
7f217ddad000-7f217ddae000 r--p 00006000 08:01 25431558                   /usr/lib/jvm/java-11-openjdk/lib/libjimage.so
7f217ddae000-7f217ddaf000 rw-p 00007000 08:01 25431558                   /usr/lib/jvm/java-11-openjdk/lib/libjimage.so
7f217ddaf000-7f217ddb1000 r--p 00000000 08:01 25431588                   /usr/lib/jvm/java-11-openjdk/lib/libzip.so
7f217ddb1000-7f217ddb5000 r-xp 00002000 08:01 25431588                   /usr/lib/jvm/java-11-openjdk/lib/libzip.so
7f217ddb5000-7f217ddb7000 r--p 00006000 08:01 25431588                   /usr/lib/jvm/java-11-openjdk/lib/libzip.so
7f217ddb7000-7f217ddb8000 r--p 00007000 08:01 25431588                   /usr/lib/jvm/java-11-openjdk/lib/libzip.so
7f217ddb8000-7f217ddb9000 rw-p 00008000 08:01 25431588                   /usr/lib/jvm/java-11-openjdk/lib/libzip.so
7f217ddb9000-7f217ddc7000 r--p 00000000 08:01 25431552                   /usr/lib/jvm/java-11-openjdk/lib/libjava.so
7f217ddc7000-7f217dddc000 r-xp 0000e000 08:01 25431552                   /usr/lib/jvm/java-11-openjdk/lib/libjava.so
7f217dddc000-7f217dde3000 r--p 00023000 08:01 25431552                   /usr/lib/jvm/java-11-openjdk/lib/libjava.so
7f217dde3000-7f217dde4000 r--p 00029000 08:01 25431552                   /usr/lib/jvm/java-11-openjdk/lib/libjava.so
7f217dde4000-7f217dde5000 rw-p 0002a000 08:01 25431552                   /usr/lib/jvm/java-11-openjdk/lib/libjava.so
7f217dde5000-7f217dde6000 rw-p 00000000 00:00 0 
7f217dde6000-7f217dde9000 r--p 00000000 08:01 25176786                   /usr/lib/librt-2.31.so
7f217dde9000-7f217dded000 r-xp 00003000 08:01 25176786                   /usr/lib/librt-2.31.so
7f217dded000-7f217ddee000 r--p 00007000 08:01 25176786                   /usr/lib/librt-2.31.so
7f217ddee000-7f217ddef000 ---p 00008000 08:01 25176786                   /usr/lib/librt-2.31.so
7f217ddef000-7f217ddf0000 r--p 00008000 08:01 25176786                   /usr/lib/librt-2.31.so
7f217ddf0000-7f217ddf1000 rw-p 00009000 08:01 25176786                   /usr/lib/librt-2.31.so
7f217ddf1000-7f217ddf5000 ---p 00000000 00:00 0 
7f217ddf5000-7f217def2000 rw-p 00000000 00:00 0 
7f217def2000-7f217def5000 r--p 00000000 08:01 25170254                   /usr/lib/libgcc_s.so.1
7f217def5000-7f217df06000 r-xp 00003000 08:01 25170254                   /usr/lib/libgcc_s.so.1
7f217df06000-7f217df0a000 r--p 00014000 08:01 25170254                   /usr/lib/libgcc_s.so.1
7f217df0a000-7f217df0b000 r--p 00017000 08:01 25170254                   /usr/lib/libgcc_s.so.1
7f217df0b000-7f217df0c000 rw-p 00018000 08:01 25170254                   /usr/lib/libgcc_s.so.1
7f217df0c000-7f217df1b000 r--p 00000000 08:01 25175017                   /usr/lib/libm-2.31.so
7f217df1b000-7f217dfb7000 r-xp 0000f000 08:01 25175017                   /usr/lib/libm-2.31.so
7f217dfb7000-7f217e050000 r--p 000ab000 08:01 25175017                   /usr/lib/libm-2.31.so
7f217e050000-7f217e051000 r--p 00143000 08:01 25175017                   /usr/lib/libm-2.31.so
7f217e051000-7f217e052000 rw-p 00144000 08:01 25175017                   /usr/lib/libm-2.31.so
7f217e052000-7f217e0e8000 r--p 00000000 08:01 25172068                   /usr/lib/libstdc++.so.6.0.28
7f217e0e8000-7f217e1e1000 r-xp 00096000 08:01 25172068                   /usr/lib/libstdc++.so.6.0.28
7f217e1e1000-7f217e22a000 r--p 0018f000 08:01 25172068                   /usr/lib/libstdc++.so.6.0.28
7f217e22a000-7f217e237000 r--p 001d7000 08:01 25172068                   /usr/lib/libstdc++.so.6.0.28
7f217e237000-7f217e238000 rw-p 001e4000 08:01 25172068                   /usr/lib/libstdc++.so.6.0.28
7f217e238000-7f217e23b000 rw-p 00000000 00:00 0 
7f217e23b000-7f217e4ab000 r--p 00000000 08:01 28055245                   /usr/lib/jvm/java-11-openjdk/lib/server/libjvm.so
7f217e4ab000-7f217f081000 r-xp 00270000 08:01 28055245                   /usr/lib/jvm/java-11-openjdk/lib/server/libjvm.so
7f217f081000-7f217f2c2000 r--p 00e46000 08:01 28055245                   /usr/lib/jvm/java-11-openjdk/lib/server/libjvm.so
7f217f2c2000-7f217f2c3000 ---p 01087000 08:01 28055245                   /usr/lib/jvm/java-11-openjdk/lib/server/libjvm.so
7f217f2c3000-7f217f381000 r--p 01087000 08:01 28055245                   /usr/lib/jvm/java-11-openjdk/lib/server/libjvm.so
7f217f381000-7f217f3ba000 rw-p 01145000 08:01 28055245                   /usr/lib/jvm/java-11-openjdk/lib/server/libjvm.so
7f217f3ba000-7f217f412000 rw-p 00000000 00:00 0 
7f217f412000-7f217f419000 r--p 00000000 08:01 25175045                   /usr/lib/libpthread-2.31.so
7f217f419000-7f217f429000 r-xp 00007000 08:01 25175045                   /usr/lib/libpthread-2.31.so
7f217f429000-7f217f42e000 r--p 00017000 08:01 25175045                   /usr/lib/libpthread-2.31.so
7f217f42e000-7f217f42f000 r--p 0001b000 08:01 25175045                   /usr/lib/libpthread-2.31.so
7f217f42f000-7f217f430000 rw-p 0001c000 08:01 25175045                   /usr/lib/libpthread-2.31.so
7f217f430000-7f217f434000 rw-p 00000000 00:00 0 
7f217f434000-7f217f435000 r--p 00000000 08:01 25175011                   /usr/lib/libdl-2.31.so
7f217f435000-7f217f436000 r-xp 00001000 08:01 25175011                   /usr/lib/libdl-2.31.so
7f217f436000-7f217f437000 r--p 00002000 08:01 25175011                   /usr/lib/libdl-2.31.so
7f217f437000-7f217f438000 r--p 00002000 08:01 25175011                   /usr/lib/libdl-2.31.so
7f217f438000-7f217f439000 rw-p 00003000 08:01 25175011                   /usr/lib/libdl-2.31.so
7f217f439000-7f217f43c000 r--p 00000000 08:01 25172189                   /usr/lib/libz.so.1.2.11
7f217f43c000-7f217f44a000 r-xp 00003000 08:01 25172189                   /usr/lib/libz.so.1.2.11
7f217f44a000-7f217f450000 r--p 00011000 08:01 25172189                   /usr/lib/libz.so.1.2.11
7f217f450000-7f217f451000 ---p 00017000 08:01 25172189                   /usr/lib/libz.so.1.2.11
7f217f451000-7f217f452000 r--p 00017000 08:01 25172189                   /usr/lib/libz.so.1.2.11
7f217f452000-7f217f453000 rw-p 00018000 08:01 25172189                   /usr/lib/libz.so.1.2.11
7f217f453000-7f217f478000 r--p 00000000 08:01 25175002                   /usr/lib/libc-2.31.so
7f217f478000-7f217f5c4000 r-xp 00025000 08:01 25175002                   /usr/lib/libc-2.31.so
7f217f5c4000-7f217f60f000 r--p 00171000 08:01 25175002                   /usr/lib/libc-2.31.so
7f217f60f000-7f217f612000 r--p 001bb000 08:01 25175002                   /usr/lib/libc-2.31.so
7f217f612000-7f217f615000 rw-p 001be000 08:01 25175002                   /usr/lib/libc-2.31.so
7f217f615000-7f217f619000 rw-p 00000000 00:00 0 
7f217f61e000-7f217f626000 rw-s 00000000 00:2d 274                        /tmp/hsperfdata_simon/41546
7f217f626000-7f217f629000 r--p 00000000 08:01 25175038                   /usr/lib/libnss_files-2.31.so
7f217f629000-7f217f630000 r-xp 00003000 08:01 25175038                   /usr/lib/libnss_files-2.31.so
7f217f630000-7f217f632000 r--p 0000a000 08:01 25175038                   /usr/lib/libnss_files-2.31.so
7f217f632000-7f217f633000 r--p 0000b000 08:01 25175038                   /usr/lib/libnss_files-2.31.so
7f217f633000-7f217f634000 rw-p 0000c000 08:01 25175038                   /usr/lib/libnss_files-2.31.so
7f217f634000-7f217f63a000 rw-p 00000000 00:00 0 
7f217f63a000-7f217f63b000 ---p 00000000 00:00 0 
7f217f63b000-7f217f63c000 r--p 00000000 00:00 0 
7f217f63c000-7f217f641000 r--p 00000000 08:01 25431586                   /usr/lib/jvm/java-11-openjdk/lib/libverify.so
7f217f641000-7f217f648000 r-xp 00005000 08:01 25431586                   /usr/lib/jvm/java-11-openjdk/lib/libverify.so
7f217f648000-7f217f64a000 r--p 0000c000 08:01 25431586                   /usr/lib/jvm/java-11-openjdk/lib/libverify.so
7f217f64a000-7f217f64b000 ---p 0000e000 08:01 25431586                   /usr/lib/jvm/java-11-openjdk/lib/libverify.so
7f217f64b000-7f217f64d000 r--p 0000e000 08:01 25431586                   /usr/lib/jvm/java-11-openjdk/lib/libverify.so
7f217f64d000-7f217f64e000 rw-p 00010000 08:01 25431586                   /usr/lib/jvm/java-11-openjdk/lib/libverify.so
7f217f64e000-7f217f651000 r--p 00000000 08:01 28055235                   /usr/lib/jvm/java-11-openjdk/lib/jli/libjli.so
7f217f651000-7f217f65b000 r-xp 00003000 08:01 28055235                   /usr/lib/jvm/java-11-openjdk/lib/jli/libjli.so
7f217f65b000-7f217f65e000 r--p 0000d000 08:01 28055235                   /usr/lib/jvm/java-11-openjdk/lib/jli/libjli.so
7f217f65e000-7f217f65f000 ---p 00010000 08:01 28055235                   /usr/lib/jvm/java-11-openjdk/lib/jli/libjli.so
7f217f65f000-7f217f660000 r--p 00010000 08:01 28055235                   /usr/lib/jvm/java-11-openjdk/lib/jli/libjli.so
7f217f660000-7f217f661000 rw-p 00011000 08:01 28055235                   /usr/lib/jvm/java-11-openjdk/lib/jli/libjli.so
7f217f661000-7f217f663000 rw-p 00000000 00:00 0 
7f217f663000-7f217f665000 r--p 00000000 08:01 25174991                   /usr/lib/ld-2.31.so
7f217f665000-7f217f685000 r-xp 00002000 08:01 25174991                   /usr/lib/ld-2.31.so
7f217f685000-7f217f68d000 r--p 00022000 08:01 25174991                   /usr/lib/ld-2.31.so
7f217f68e000-7f217f68f000 r--p 0002a000 08:01 25174991                   /usr/lib/ld-2.31.so
7f217f68f000-7f217f690000 rw-p 0002b000 08:01 25174991                   /usr/lib/ld-2.31.so
7f217f690000-7f217f691000 rw-p 00000000 00:00 0 
7ffe6c559000-7ffe6c57d000 rw-p 00000000 00:00 0                          [stack]
7ffe6c58a000-7ffe6c58d000 r--p 00000000 00:00 0                          [vvar]
7ffe6c58d000-7ffe6c58e000 r-xp 00000000 00:00 0                          [vdso]
ffffffffff600000-ffffffffff601000 --xp 00000000 00:00 0                  [vsyscall]


VM Arguments:
jvm_args: -Dfile.encoding=UTF-8 -Duser.country=SE -Duser.language=sv -Duser.variant 
java_command: com.slimsimapps.avotingapp.AVotingAppApplication
java_class_path (initial): /home/simon/Dropbox/prog/a-voting-app/build/classes/java/main:/home/simon/Dropbox/prog/a-voting-app/build/resources/main:/home/simon/.gradle/caches/modules-2/files-2.1/org.webjars/bootstrap/4.4.1/3235ad9a283b32ebf1a385f90c41e03869de5ba9/bootstrap-4.4.1.jar:/home/simon/.gradle/caches/modules-2/files-2.1/org.webjars/jquery/3.5.0/4ced248309d23b3b9511f570a64e38300746f26/jquery-3.5.0.jar:/home/simon/.gradle/caches/modules-2/files-2.1/org.springframework.boot/spring-boot-starter-data-jpa/2.2.6.RELEASE/e6bfecf4694867d815514799ea23a937c623f496/spring-boot-starter-data-jpa-2.2.6.RELEASE.jar:/home/simon/.gradle/caches/modules-2/files-2.1/org.springframework.boot/spring-boot-starter-thymeleaf/2.2.6.RELEASE/4ea7956f653e37d12ee6d4bb14f14d6275223388/spring-boot-starter-thymeleaf-2.2.6.RELEASE.jar:/home/simon/.gradle/caches/modules-2/files-2.1/org.springframework.boot/spring-boot-starter-web/2.2.6.RELEASE/4f76853c40cd6c7a0214083b36cd8cfe7c5d7b48/spring-boot-starter-web-2.2.6.RELEASE.jar:/home/simon/.gradle/caches/modules-2/files-2.1/org.apache.derby/derby/10.14.2.0/7efad40ef52fbb1f08142f07a83b42d29e47d8ce/derby-10.14.2.0.jar:/home/simon/.gradle/caches/modules-2/files-2.1/org.webjars/popper.js/1.14.3/b882ad0d6393d5153f08be36253625f4e0b0eb4b/popper.js-1.14.3.jar:/home/simon/.gradle/caches/modules-2/files-2.1/org.springframework.boot/spring-boot-starter-aop/2.2.6.RELEASE/fc76ce1ca3725c25355703de2ff1015d6b8c80b6/spring-boot-starter-aop-2.2.6.RELEASE.jar:/home/simon/.gradle/caches/modules-2/files-2.1/org.springframework.boot/spring-boot-starter-jdbc/2.2.6.RELEASE/ca8051a3df9eb7355728f1caf22891eec97b9b92/spring-boot-starter-jdbc-2.2.6.RELEASE.jar:/home/simon/.gradle/caches/modules-2/files-2.1/org.hibernate/hibernate-core/5.4.12.Final/7813daed21576920450443097d69823245d112d2/hibernate-core-5.4.12.Final.jar:/home/simon/.gradle/caches/modules-2/files-2.1/org.glassfish.jaxb/jaxb-runtime/2.3.2/5528bc882ea499a09d720b42af11785c4fc6be2a/jaxb-runtime-2.3.2.jar:/home/
Launcher Type: SUN_STANDARD

[Global flags]
     intx CICompilerCount                          = 3                                         {product} {ergonomic}
     uint ConcGCThreads                            = 1                                         {product} {ergonomic}
     uint G1ConcRefinementThreads                  = 4                                         {product} {ergonomic}
   size_t G1HeapRegionSize                         = 1048576                                   {product} {ergonomic}
    uintx GCDrainStackTargetSize                   = 64                                        {product} {ergonomic}
   size_t InitialHeapSize                          = 130023424                                 {product} {ergonomic}
   size_t MarkStackSize                            = 4194304                                   {product} {ergonomic}
   size_t MaxHeapSize                              = 2074083328                                {product} {ergonomic}
   size_t MaxNewSize                               = 1243611136                                {product} {ergonomic}
   size_t MinHeapDeltaBytes                        = 1048576                                   {product} {ergonomic}
    uintx NonNMethodCodeHeapSize                   = 5830732                                {pd product} {ergonomic}
    uintx NonProfiledCodeHeapSize                  = 122913754                              {pd product} {ergonomic}
    uintx ProfiledCodeHeapSize                     = 122913754                              {pd product} {ergonomic}
    uintx ReservedCodeCacheSize                    = 251658240                              {pd product} {ergonomic}
     bool SegmentedCodeCache                       = true                                      {product} {ergonomic}
     bool UseCompressedClassPointers               = true                                 {lp64_product} {ergonomic}
     bool UseCompressedOops                        = true                                 {lp64_product} {ergonomic}
     bool UseG1GC                                  = true                                      {product} {ergonomic}

Logging:
Log output configuration:
 #0: stdout all=warning uptime,level,tags
 #1: stderr all=off uptime,level,tags

Environment Variables:
PATH=/home/simon/.local/bin:/usr/local/bin:/usr/bin:/bin:/usr/local/sbin:/usr/lib/jvm/default/bin:/usr/bin/site_perl:/usr/bin/vendor_perl:/usr/bin/core_perl:/var/lib/snapd/snap/bin
SHELL=/bin/bash
DISPLAY=:0

Signal Handlers:
SIGSEGV: [libjvm.so+0xdd1b00], sa_mask[0]=11111111011111111101111111111110, sa_flags=SA_RESTART|SA_SIGINFO
SIGBUS: [libjvm.so+0xdd1b00], sa_mask[0]=11111111011111111101111111111110, sa_flags=SA_RESTART|SA_SIGINFO
SIGFPE: [libjvm.so+0xdd1b00], sa_mask[0]=11111111011111111101111111111110, sa_flags=SA_RESTART|SA_SIGINFO
SIGPIPE: [libjvm.so+0xbc6960], sa_mask[0]=11111111011111111101111111111110, sa_flags=SA_RESTART|SA_SIGINFO
SIGXFSZ: [libjvm.so+0xbc6960], sa_mask[0]=11111111011111111101111111111110, sa_flags=SA_RESTART|SA_SIGINFO
SIGILL: [libjvm.so+0xdd1b00], sa_mask[0]=11111111011111111101111111111110, sa_flags=SA_RESTART|SA_SIGINFO
SIGUSR2: [libjvm.so+0xbc67f0], sa_mask[0]=00100000000000000000000000000000, sa_flags=SA_RESTART|SA_SIGINFO
SIGHUP: [libjvm.so+0xbc6ce0], sa_mask[0]=11111111011111111101111111111110, sa_flags=SA_RESTART|SA_SIGINFO
SIGINT: [libjvm.so+0xbc6ce0], sa_mask[0]=11111111011111111101111111111110, sa_flags=SA_RESTART|SA_SIGINFO
SIGTERM: [libjvm.so+0xbc6ce0], sa_mask[0]=11111111011111111101111111111110, sa_flags=SA_RESTART|SA_SIGINFO
SIGQUIT: [libjvm.so+0xbc6ce0], sa_mask[0]=11111111011111111101111111111110, sa_flags=SA_RESTART|SA_SIGINFO


---------------  S Y S T E M  ---------------

OS:DISTRIB_ID=ManjaroLinux
DISTRIB_RELEASE=19.0.2
DISTRIB_CODENAME=Kyria
DISTRIB_DESCRIPTION="Manjaro Linux"
uname:Linux 5.4.31-1-MANJARO #1 SMP PREEMPT Wed Apr 8 10:25:32 UTC 2020 x86_64
libc:glibc 2.31 NPTL 2.31 
rlimit: STACK 8192k, CORE infinity, NPROC 31551, NOFILE 524288, AS infinity, DATA infinity, FSIZE infinity
load average:0,95 0,52 0,94

/proc/meminfo:
MemTotal:        8096652 kB
MemFree:          474036 kB
MemAvailable:    1133852 kB
Buffers:           97032 kB
Cached:          1637596 kB
SwapCached:       182524 kB
Active:          5335432 kB
Inactive:        1788596 kB
Active(anon):    4934392 kB
Inactive(anon):  1355040 kB
Active(file):     401040 kB
Inactive(file):   433556 kB
Unevictable:           0 kB
Mlocked:               0 kB
SwapTotal:       9227464 kB
SwapFree:        8837620 kB
Dirty:              2800 kB
Writeback:             0 kB
AnonPages:       5382540 kB
Mapped:           711360 kB
Shmem:            900032 kB
KReclaimable:      92960 kB
Slab:             175696 kB
SReclaimable:      92960 kB
SUnreclaim:        82736 kB
KernelStack:       20448 kB
PageTables:        54496 kB
NFS_Unstable:          0 kB
Bounce:                0 kB
WritebackTmp:          0 kB
CommitLimit:    13275788 kB
Committed_AS:   17451304 kB
VmallocTotal:   34359738367 kB
VmallocUsed:       47960 kB
VmallocChunk:          0 kB
Percpu:             1936 kB
HardwareCorrupted:     0 kB
AnonHugePages:         0 kB
ShmemHugePages:        0 kB
ShmemPmdMapped:        0 kB
FileHugePages:         0 kB
FilePmdMapped:         0 kB
HugePages_Total:       0
HugePages_Free:        0
HugePages_Rsvd:        0
HugePages_Surp:        0
Hugepagesize:       2048 kB
Hugetlb:               0 kB
DirectMap4k:     3701876 kB
DirectMap2M:     4628480 kB
DirectMap1G:           0 kB


/proc/sys/kernel/threads-max (system-wide limit on the number of threads):
63103


/proc/sys/vm/max_map_count (maximum number of memory map areas a process may have):
65530


/proc/sys/kernel/pid_max (system-wide limit on number of process identifiers):
4194304



container (cgroup) information:
container_type: cgroupv1
cpu_cpuset_cpus: 0-3
cpu_memory_nodes: 0
active_processor_count: 4
cpu_quota: -1
cpu_period: 100000
cpu_shares: -1
memory_limit_in_bytes: -1
memory_and_swap_limit_in_bytes: -1
memory_soft_limit_in_bytes: -1
memory_usage_in_bytes: 7224078336
memory_max_usage_in_bytes: 7588687872

Steal ticks since vm start: 0
Steal ticks percentage since vm start:  0,000

CPU:total 4 (initial active 4) (4 cores per cpu, 1 threads per core) family 6 model 60 stepping 3, cmov, cx8, fxsr, mmx, sse, sse2, sse3, ssse3, sse4.1, sse4.2, popcnt, avx, avx2, aes, clmul, erms, lzcnt, tsc, tscinvbit, bmi1, bmi2, fma
CPU Model and flags from /proc/cpuinfo:
model name	: Intel(R) Core(TM) i5-4690K CPU @ 3.50GHz
flags		: fpu vme de pse tsc msr pae mce cx8 apic sep mtrr pge mca cmov pat pse36 clflush dts acpi mmx fxsr sse sse2 ss ht tm pbe syscall nx pdpe1gb rdtscp lm constant_tsc arch_perfmon pebs bts rep_good nopl xtopology nonstop_tsc cpuid aperfmperf pni pclmulqdq dtes64 monitor ds_cpl vmx est tm2 ssse3 sdbg fma cx16 xtpr pdcm pcid sse4_1 sse4_2 x2apic movbe popcnt tsc_deadline_timer aes xsave avx f16c rdrand lahf_lm abm cpuid_fault epb invpcid_single pti ssbd ibrs ibpb stibp tpr_shadow vnmi flexpriority ept vpid ept_ad fsgsbase tsc_adjust bmi1 avx2 smep bmi2 erms invpcid xsaveopt dtherm ida arat pln pts md_clear flush_l1d

Memory: 4k page, physical 8096652k(474036k free), swap 9227464k(8837620k free)

vm_info: OpenJDK 64-Bit Server VM (11.0.6+10) for linux-amd64 JRE (11.0.6+10), built on Jan 17 2020 06:39:31 by "builduser" with gcc 9.2.0

END.
